#
# A fatal error has been detected by the Java Runtime Environment:
#
#  Internal Error (generateOopMap.cpp:2164), pid=29192, tid=17228
#  fatal error: Illegal class file encountered. Try running with -Xverify:all in method findPipelineInstance
#
# JRE version: Java(TM) SE Runtime Environment (16.0.2+7) (build 16.0.2+7-67)
# Java VM: Java HotSpot(TM) 64-Bit Server VM (16.0.2+7-67, mixed mode, sharing, tiered, compressed oops, compressed class ptrs, g1 gc, windows-amd64)
# No core dump will be written. Minidumps are not enabled by default on client versions of Windows
#
# If you would like to submit a bug report, please visit:
#   https://bugreport.java.com/bugreport/crash.jsp
#

---------------  S U M M A R Y ------------

Command Line: -agentlib:jdwp=transport=dt_socket,address=127.0.0.1:52641,suspend=y,server=n -javaagent:C:\Users\admin\AppData\Local\JetBrains\IntelliJIdea2022.2\captureAgent\debugger-agent.jar -Dfile.encoding=UTF-8 net.tiklab.matflow.MatFlowApplication

Host: 11th Gen Intel(R) Core(TM) i5-11400 @ 2.60GHz, 12 cores, 15G,  Windows 10 , 64 bit Build 22621 (10.0.22621.1194)
Time: Mon Mar  6 16:23:02 2023  Windows 10 , 64 bit Build 22621 (10.0.22621.1194) elapsed time: 1722.364278 seconds (0d 0h 28m 42s)

---------------  T H R E A D  ---------------

Current thread (0x00000213ddcb75f0):  VMThread "VM Thread" [stack: 0x000000cab9100000,0x000000cab9200000] [id=17228]

Stack: [0x000000cab9100000,0x000000cab9200000]
Native frames: (J=compiled Java code, j=interpreted, Vv=VM code, C=native code)
V  [jvm.dll+0x6681ca]
V  [jvm.dll+0x7c9e69]
V  [jvm.dll+0x7cb61e]
V  [jvm.dll+0x7cbc27]
V  [jvm.dll+0x2429b3]
V  [jvm.dll+0x330cf9]
V  [jvm.dll+0x32e57b]
V  [jvm.dll+0x32f72e]
V  [jvm.dll+0x32cdaf]
V  [jvm.dll+0x32c037]
V  [jvm.dll+0x656cce]
V  [jvm.dll+0x6569d3]
V  [jvm.dll+0x61c1e8]
V  [jvm.dll+0x7c18f5]
V  [jvm.dll+0x520446]
V  [jvm.dll+0x7d00ab]
V  [jvm.dll+0x7d0da4]
V  [jvm.dll+0x7d12a9]
V  [jvm.dll+0x7d1564]
V  [jvm.dll+0x7d1630]
V  [jvm.dll+0x7795aa]
V  [jvm.dll+0x667066]
C  [ucrtbase.dll+0x29363]
C  [KERNEL32.DLL+0x126bd]
C  [ntdll.dll+0x5dfb8]

VM_Operation (0x000000cab9dff250): get/set locals, mode: safepoint, requested by thread 0x00000213dea14fc0


---------------  P R O C E S S  ---------------

Threads class SMR info:
_java_thread_list=0x00000213e14b4690, length=69, elements={
0x00000213ddcbc0e0, 0x00000213ddcbcce0, 0x00000213ddcce960, 0x00000213de8054a0,
0x00000213de805ea0, 0x00000213de8068a0, 0x00000213de807680, 0x00000213de80d680,
0x00000213de80efe0, 0x00000213ddc9ee00, 0x00000213dea14fc0, 0x00000213dea050f0,
0x00000213dea05630, 0x00000213dea35270, 0x00000213e4629480, 0x00000213e462b9b0,
0x00000213e46299d0, 0x00000213e4629f20, 0x00000213e462a470, 0x00000213e4628490,
0x00000213e46289e0, 0x00000213e4628f30, 0x00000213e462b460, 0x00000213e2203000,
0x00000213e21fd060, 0x00000213e2202010, 0x00000213e2200030, 0x00000213e21fe050,
0x00000213e21ff590, 0x00000213e2202ab0, 0x00000213e21feaf0, 0x00000213e21ff040,
0x00000213e2201570, 0x00000213e2204a90, 0x00000213e21ffae0, 0x00000213e2200580,
0x00000213e2203ff0, 0x00000213e2201020, 0x00000213e21fd5b0, 0x00000213e2200ad0,
0x00000213e2203550, 0x00000213e2201ac0, 0x00000213e2202560, 0x00000213e2203aa0,
0x00000213e21fe5a0, 0x00000213e2204540, 0x00000213e21fdb00, 0x00000213dfa7c3f0,
0x00000213dfa75f00, 0x00000213dfa78ed0, 0x00000213dfa79420, 0x00000213dfa759b0,
0x00000213dfa76450, 0x00000213dfa7a410, 0x00000213dfa79970, 0x00000213dfa7aeb0,
0x00000213dfa74f10, 0x00000213dfa77990, 0x00000213dfa7b950, 0x00000213dfa76ef0,
0x00000213e9557070, 0x00000213e955b580, 0x00000213e955bad0, 0x00000213e955b030,
0x00000213e955c570, 0x00000213e9558060, 0x00000213e955d560, 0x00000213e95575c0,
0x00000213e9559af0
}

Java Threads: ( => current thread )
  0x00000213ddcbc0e0 JavaThread "Reference Handler" daemon [_thread_blocked, id=7052, stack(0x000000cab9200000,0x000000cab9300000)]
  0x00000213ddcbcce0 JavaThread "Finalizer" daemon [_thread_blocked, id=24864, stack(0x000000cab9300000,0x000000cab9400000)]
  0x00000213ddcce960 JavaThread "Signal Dispatcher" daemon [_thread_blocked, id=28420, stack(0x000000cab9400000,0x000000cab9500000)]
  0x00000213de8054a0 JavaThread "Attach Listener" daemon [_thread_blocked, id=25444, stack(0x000000cab9500000,0x000000cab9600000)]
  0x00000213de805ea0 JavaThread "Service Thread" daemon [_thread_blocked, id=4988, stack(0x000000cab9600000,0x000000cab9700000)]
  0x00000213de8068a0 JavaThread "Monitor Deflation Thread" daemon [_thread_blocked, id=20832, stack(0x000000cab9700000,0x000000cab9800000)]
  0x00000213de807680 JavaThread "C2 CompilerThread0" daemon [_thread_blocked, id=9620, stack(0x000000cab9800000,0x000000cab9900000)]
  0x00000213de80d680 JavaThread "C1 CompilerThread0" daemon [_thread_blocked, id=11164, stack(0x000000cab9900000,0x000000cab9a00000)]
  0x00000213de80efe0 JavaThread "Sweeper thread" daemon [_thread_blocked, id=11976, stack(0x000000cab9a00000,0x000000cab9b00000)]
  0x00000213ddc9ee00 JavaThread "Common-Cleaner" daemon [_thread_blocked, id=29328, stack(0x000000cab9b00000,0x000000cab9c00000)]
  0x00000213dea14fc0 JavaThread "JDWP Transport Listener: dt_socket" daemon [_thread_blocked, id=25524, stack(0x000000cab9d00000,0x000000cab9e00000)]
  0x00000213dea050f0 JavaThread "JDWP Event Helper Thread" daemon [_thread_blocked, id=20324, stack(0x000000cab9e00000,0x000000cab9f00000)]
  0x00000213dea05630 JavaThread "JDWP Command Reader" daemon [_thread_in_native, id=10852, stack(0x000000cab9f00000,0x000000caba000000)]
  0x00000213dea35270 JavaThread "Notification Thread" daemon [_thread_blocked, id=9308, stack(0x000000caba000000,0x000000caba100000)]
  0x00000213e4629480 JavaThread "mysql-cj-abandoned-connection-cleanup" daemon [_thread_blocked, id=6216, stack(0x000000cabae00000,0x000000cabaf00000)]
  0x00000213e462b9b0 JavaThread "Catalina-utility-1" [_thread_blocked, id=29512, stack(0x000000cabaf00000,0x000000cabb000000)]
  0x00000213e46299d0 JavaThread "Catalina-utility-2" [_thread_blocked, id=24596, stack(0x000000cabb000000,0x000000cabb100000)]
  0x00000213e4629f20 JavaThread "container-0" [_thread_blocked, id=18228, stack(0x000000cabb100000,0x000000cabb200000)]
  0x00000213e462a470 JavaThread "Timer-0" daemon [_thread_blocked, id=16760, stack(0x000000cabb200000,0x000000cabb300000)]
  0x00000213e4628490 JavaThread "DefaultQuartzScheduler_Worker-1" [_thread_blocked, id=20276, stack(0x000000cabb300000,0x000000cabb400000)]
  0x00000213e46289e0 JavaThread "DefaultQuartzScheduler_Worker-2" [_thread_blocked, id=16948, stack(0x000000cabb400000,0x000000cabb500000)]
  0x00000213e4628f30 JavaThread "DefaultQuartzScheduler_Worker-3" [_thread_blocked, id=16280, stack(0x000000cabb500000,0x000000cabb600000)]
  0x00000213e462b460 JavaThread "DefaultQuartzScheduler_Worker-4" [_thread_blocked, id=24848, stack(0x000000cabb600000,0x000000cabb700000)]
  0x00000213e2203000 JavaThread "DefaultQuartzScheduler_Worker-5" [_thread_blocked, id=13448, stack(0x000000cabb700000,0x000000cabb800000)]
  0x00000213e21fd060 JavaThread "DefaultQuartzScheduler_Worker-6" [_thread_blocked, id=7644, stack(0x000000cabb800000,0x000000cabb900000)]
  0x00000213e2202010 JavaThread "DefaultQuartzScheduler_Worker-7" [_thread_blocked, id=25116, stack(0x000000cabb900000,0x000000cabba00000)]
  0x00000213e2200030 JavaThread "DefaultQuartzScheduler_Worker-8" [_thread_blocked, id=20020, stack(0x000000cabba00000,0x000000cabbb00000)]
  0x00000213e21fe050 JavaThread "DefaultQuartzScheduler_Worker-9" [_thread_blocked, id=6788, stack(0x000000cabbb00000,0x000000cabbc00000)]
  0x00000213e21ff590 JavaThread "DefaultQuartzScheduler_Worker-10" [_thread_blocked, id=13432, stack(0x000000cabbc00000,0x000000cabbd00000)]
  0x00000213e2202ab0 JavaThread "DefaultQuartzScheduler_QuartzSchedulerThread" [_thread_blocked, id=9656, stack(0x000000cabbd00000,0x000000cabbe00000)]
  0x00000213e21feaf0 JavaThread "quartzScheduler_Worker-1" [_thread_blocked, id=14828, stack(0x000000cabbe00000,0x000000cabbf00000)]
  0x00000213e21ff040 JavaThread "quartzScheduler_Worker-2" [_thread_blocked, id=27676, stack(0x000000cabbf00000,0x000000cabc000000)]
  0x00000213e2201570 JavaThread "quartzScheduler_Worker-3" [_thread_blocked, id=24160, stack(0x000000cabc000000,0x000000cabc100000)]
  0x00000213e2204a90 JavaThread "quartzScheduler_Worker-4" [_thread_blocked, id=9336, stack(0x000000cabc100000,0x000000cabc200000)]
  0x00000213e21ffae0 JavaThread "quartzScheduler_Worker-5" [_thread_blocked, id=6676, stack(0x000000cabc200000,0x000000cabc300000)]
  0x00000213e2200580 JavaThread "quartzScheduler_Worker-6" [_thread_blocked, id=10808, stack(0x000000cabc300000,0x000000cabc400000)]
  0x00000213e2203ff0 JavaThread "quartzScheduler_Worker-7" [_thread_blocked, id=8124, stack(0x000000cabc400000,0x000000cabc500000)]
  0x00000213e2201020 JavaThread "quartzScheduler_Worker-8" [_thread_blocked, id=26364, stack(0x000000cabc500000,0x000000cabc600000)]
  0x00000213e21fd5b0 JavaThread "quartzScheduler_Worker-9" [_thread_blocked, id=29280, stack(0x000000cabc600000,0x000000cabc700000)]
  0x00000213e2200ad0 JavaThread "quartzScheduler_Worker-10" [_thread_blocked, id=19032, stack(0x000000cabc700000,0x000000cabc800000)]
  0x00000213e2203550 JavaThread "quartzScheduler_QuartzSchedulerThread" [_thread_blocked, id=26232, stack(0x000000cabc800000,0x000000cabc900000)]
  0x00000213e2201ac0 JavaThread "http-nio-8080-Poller" daemon [_thread_in_native, id=20144, stack(0x000000cabc900000,0x000000cabca00000)]
  0x00000213e2202560 JavaThread "http-nio-8080-Acceptor" daemon [_thread_blocked, id=26156, stack(0x000000cabca00000,0x000000cabcb00000)]
  0x00000213e2203aa0 JavaThread "pool-4-thread-1" [_thread_blocked, id=13052, stack(0x000000cabcb00000,0x000000cabcc00000)]
  0x00000213e21fe5a0 JavaThread "DestroyJavaVM" [_thread_blocked, id=8292, stack(0x000000cab8b00000,0x000000cab8c00000)]
  0x00000213e2204540 JavaThread "MySQL Statement Cancellation Timer" daemon [_thread_blocked, id=7040, stack(0x000000cabcc00000,0x000000cabcd00000)]
  0x00000213e21fdb00 JavaThread "MySQL Statement Cancellation Timer" daemon [_thread_blocked, id=28232, stack(0x000000cabcd00000,0x000000cabce00000)]
  0x00000213dfa7c3f0 JavaThread "MySQL Statement Cancellation Timer" daemon [_thread_blocked, id=25904, stack(0x000000cabce00000,0x000000cabcf00000)]
  0x00000213dfa75f00 JavaThread "0abf4a45ed16cf5ef4928508a54c253b" daemon [_thread_blocked, id=22508, stack(0x000000cabcf00000,0x000000cabd000000)]
  0x00000213dfa78ed0 JavaThread "0abf4a45ed16cf5ef4928508a54c253b" daemon [_thread_blocked, id=15900, stack(0x000000cabd100000,0x000000cabd200000)]
  0x00000213dfa79420 JavaThread "0abf4a45ed16cf5ef4928508a54c253b" daemon [_thread_blocked, id=20796, stack(0x000000cabd200000,0x000000cabd300000)]
  0x00000213dfa759b0 JavaThread "0abf4a45ed16cf5ef4928508a54c253b" daemon [_thread_blocked, id=22980, stack(0x000000cabd000000,0x000000cabd100000)]
  0x00000213dfa76450 JavaThread "1ec43551499738fdf60dfe4926001e08" daemon [_thread_blocked, id=18560, stack(0x000000cabd500000,0x000000cabd600000)]
  0x00000213dfa7a410 JavaThread "1ec43551499738fdf60dfe4926001e08" daemon [_thread_blocked, id=9192, stack(0x000000cabd600000,0x000000cabd700000)]
  0x00000213dfa79970 JavaThread "0abf4a45ed16cf5ef4928508a54c253b" daemon [_thread_blocked, id=21732, stack(0x000000cabd700000,0x000000cabd800000)]
  0x00000213dfa7aeb0 JavaThread "0abf4a45ed16cf5ef4928508a54c253b" daemon [_thread_blocked, id=5924, stack(0x000000cabd800000,0x000000cabd900000)]
  0x00000213dfa74f10 JavaThread "0abf4a45ed16cf5ef4928508a54c253b" daemon [_thread_blocked, id=17500, stack(0x000000cabd900000,0x000000cabda00000)]
  0x00000213dfa77990 JavaThread "0abf4a45ed16cf5ef4928508a54c253b" daemon [_thread_blocked, id=2716, stack(0x000000cabda00000,0x000000cabdb00000)]
  0x00000213dfa7b950 JavaThread "MySQL Statement Cancellation Timer" daemon [_thread_blocked, id=29112, stack(0x000000cabdf00000,0x000000cabe000000)]
  0x00000213dfa76ef0 JavaThread "MySQL Statement Cancellation Timer" daemon [_thread_blocked, id=13732, stack(0x000000cabe000000,0x000000cabe100000)]
  0x00000213e9557070 JavaThread "fadf9b723327748e8108ff4b4f1c52a5" [_thread_blocked, id=12084, stack(0x000000cabe200000,0x000000cabe300000)]
  0x00000213e955b580 JavaThread "b41438d0ffa1e9ae300e54e7931d6499" [_thread_blocked, id=22564, stack(0x000000cabe300000,0x000000cabe400000)]
  0x00000213e955bad0 JavaThread "563cdca82ac3097faa2fceb018d3d3d0" [_thread_blocked, id=20216, stack(0x000000cabe400000,0x000000cabe500000)]
  0x00000213e955b030 JavaThread "d2527224bc2d83ce4aa852503a80b7fd" [_thread_blocked, id=27240, stack(0x000000cab9c00000,0x000000cab9d00000)]
  0x00000213e955c570 JavaThread "4ccee381cc0615b46b4e571200469247" [_thread_blocked, id=20016, stack(0x000000caba200000,0x000000caba300000)]
  0x00000213e9558060 JavaThread "MySQL Statement Cancellation Timer" daemon [_thread_blocked, id=27392, stack(0x000000cabe100000,0x000000cabe200000)]
  0x00000213e955d560 JavaThread "pool-1-thread-12" [_thread_in_native, id=25184, stack(0x000000cab8900000,0x000000cab8a00000)]
  0x00000213e95575c0 JavaThread "5f6f899cf84a696ae82361447ff5dfc3" [_thread_blocked, id=27496, stack(0x000000cabe500000,0x000000cabe600000)]
  0x00000213e9559af0 JavaThread "c3598fc5674785a43be89282e1fec2d2" [_thread_blocked, id=18312, stack(0x000000cabe600000,0x000000cabe700000)]

Other Threads:
=>0x00000213ddcb75f0 VMThread "VM Thread" [stack: 0x000000cab9100000,0x000000cab9200000] [id=17228]
  0x00000213dea0e140 WatcherThread [stack: 0x000000caba100000,0x000000caba200000] [id=22176]
  0x00000213bae43a80 GCTaskThread "GC Thread#0" [stack: 0x000000cab8c00000,0x000000cab8d00000] [id=28288]
  0x00000213dee935f0 GCTaskThread "GC Thread#1" [stack: 0x000000caba300000,0x000000caba400000] [id=23052]
  0x00000213dfae52f0 GCTaskThread "GC Thread#2" [stack: 0x000000caba400000,0x000000caba500000] [id=24324]
  0x00000213dec55e00 GCTaskThread "GC Thread#3" [stack: 0x000000caba500000,0x000000caba600000] [id=27532]
  0x00000213dec56110 GCTaskThread "GC Thread#4" [stack: 0x000000caba600000,0x000000caba700000] [id=11396]
  0x00000213df627a50 GCTaskThread "GC Thread#5" [stack: 0x000000caba700000,0x000000caba800000] [id=8456]
  0x00000213dfb096d0 GCTaskThread "GC Thread#6" [stack: 0x000000caba800000,0x000000caba900000] [id=18388]
  0x00000213df1204d0 GCTaskThread "GC Thread#7" [stack: 0x000000caba900000,0x000000cabaa00000] [id=23652]
  0x00000213dff45c10 GCTaskThread "GC Thread#8" [stack: 0x000000cabaa00000,0x000000cabab00000] [id=21908]
  0x00000213df67dbb0 GCTaskThread "GC Thread#9" [stack: 0x000000cabab00000,0x000000cabac00000] [id=28988]
  0x00000213bae548e0 ConcurrentGCThread "G1 Main Marker" [stack: 0x000000cab8d00000,0x000000cab8e00000] [id=23692]
  0x00000213bae553d0 ConcurrentGCThread "G1 Conc#0" [stack: 0x000000cab8e00000,0x000000cab8f00000] [id=16216]
  0x00000213dfe98ff0 ConcurrentGCThread "G1 Conc#1" [stack: 0x000000cabac00000,0x000000cabad00000] [id=5088]
  0x00000213dfe97770 ConcurrentGCThread "G1 Conc#2" [stack: 0x000000cabad00000,0x000000cabae00000] [id=13264]
  0x00000213ddb6a520 ConcurrentGCThread "G1 Refine#0" [stack: 0x000000cab8f00000,0x000000cab9000000] [id=25040]
  0x00000213e697e5b0 ConcurrentGCThread "G1 Refine#1" [stack: 0x000000cab8a00000,0x000000cab8b00000] [id=24564]
  0x00000213e697f2b0 ConcurrentGCThread "G1 Refine#2" [stack: 0x000000cabd300000,0x000000cabd400000] [id=22316]
  0x00000213e697f5f0 ConcurrentGCThread "G1 Refine#3" [stack: 0x000000cabd400000,0x000000cabd500000] [id=26260]
  0x00000213e697e8f0 ConcurrentGCThread "G1 Refine#4" [stack: 0x000000cabdb00000,0x000000cabdc00000] [id=12256]
  0x00000213e4b196c0 ConcurrentGCThread "G1 Refine#5" [stack: 0x000000cabdc00000,0x000000cabdd00000] [id=21448]
  0x00000213e4b19d40 ConcurrentGCThread "G1 Refine#6" [stack: 0x000000cabdd00000,0x000000cabde00000] [id=9992]
  0x00000213e4b18d00 ConcurrentGCThread "G1 Refine#7" [stack: 0x000000cabde00000,0x000000cabdf00000] [id=8112]
  0x00000213ddb6be50 ConcurrentGCThread "G1 Service" [stack: 0x000000cab9000000,0x000000cab9100000] [id=15368]

Threads with active compile tasks:

VM state: at safepoint (normal execution)

VM Mutex/Monitor currently owned by a thread:  ([mutex/lock_event])
[0x00000213badec7d0] Threads_lock - owner thread: 0x00000213ddcb75f0

Heap address: 0x0000000704400000, size: 4028 MB, Compressed Oops mode: Zero based, Oop shift amount: 3

CDS archive(s) mapped at: [0x0000000800000000-0x0000000800bb0000-0x0000000800bb0000), size 12255232, SharedBaseAddress: 0x0000000800000000, ArchiveRelocationMode: 0.
Compressed class space mapped at: 0x0000000800c00000-0x0000000840c00000, reserved size: 1073741824
Narrow klass base: 0x0000000800000000, Narrow klass shift: 3, Narrow klass range: 0x100000000

GC Precious Log:
 CPUs: 12 total, 12 available
 Memory: 16105M
 Large Page Support: Disabled
 NUMA Support: Disabled
 Compressed Oops: Enabled (Zero based)
 Heap Region Size: 2M
 Heap Min Capacity: 8M
 Heap Initial Capacity: 252M
 Heap Max Capacity: 4028M
 Pre-touch: Disabled
 Parallel Workers: 10
 Concurrent Workers: 3
 Concurrent Refinement Workers: 10
 Periodic GC: Disabled

Heap:
 garbage-first heap   total 190464K, used 61970K [0x0000000704400000, 0x0000000800000000)
  region size 2048K, 8 young (16384K), 1 survivors (2048K)
 Metaspace       used 74163K, committed 75584K, reserved 1122304K
  class space    used 7878K, committed 8640K, reserved 1048576K

Heap Regions: E=young(eden), S=young(survivor), O=old, HS=humongous(starts), HC=humongous(continues), CS=collection set, F=free, OA=open archive, CA=closed archive, TAMS=top-at-mark-start (previous, next)
|   0|0x0000000704400000, 0x0000000704600000, 0x0000000704600000|100%| O|  |TAMS 0x0000000704400000, 0x0000000704400000| Untracked 
|   1|0x0000000704600000, 0x0000000704800000, 0x0000000704800000|100%| O|  |TAMS 0x0000000704600000, 0x0000000704600000| Untracked 
|   2|0x0000000704800000, 0x0000000704a00000, 0x0000000704a00000|100%| O|  |TAMS 0x0000000704800000, 0x0000000704800000| Untracked 
|   3|0x0000000704a00000, 0x0000000704bfffe8, 0x0000000704c00000| 99%| O|  |TAMS 0x0000000704a00000, 0x0000000704a00000| Untracked 
|   4|0x0000000704c00000, 0x0000000704e00000, 0x0000000704e00000|100%| O|  |TAMS 0x0000000704c00000, 0x0000000704c00000| Untracked 
|   5|0x0000000704e00000, 0x0000000705000000, 0x0000000705000000|100%| O|  |TAMS 0x0000000704e00000, 0x0000000704e00000| Untracked 
|   6|0x0000000705000000, 0x00000007051fffe0, 0x0000000705200000| 99%| O|  |TAMS 0x0000000705000000, 0x0000000705000000| Untracked 
|   7|0x0000000705200000, 0x0000000705400000, 0x0000000705400000|100%| O|  |TAMS 0x0000000705200000, 0x0000000705200000| Untracked 
|   8|0x0000000705400000, 0x00000007055fffe8, 0x0000000705600000| 99%| O|  |TAMS 0x0000000705400000, 0x0000000705400000| Untracked 
|   9|0x0000000705600000, 0x00000007057fffd0, 0x0000000705800000| 99%| O|  |TAMS 0x0000000705600000, 0x0000000705600000| Untracked 
|  10|0x0000000705800000, 0x00000007059ffff8, 0x0000000705a00000| 99%| O|  |TAMS 0x0000000705800000, 0x0000000705800000| Untracked 
|  11|0x0000000705a00000, 0x0000000705bfffb8, 0x0000000705c00000| 99%| O|  |TAMS 0x0000000705a00000, 0x0000000705a00000| Untracked 
|  12|0x0000000705c00000, 0x0000000705dfffe0, 0x0000000705e00000| 99%| O|  |TAMS 0x0000000705c00000, 0x0000000705c00000| Untracked 
|  13|0x0000000705e00000, 0x0000000705ffffd0, 0x0000000706000000| 99%| O|  |TAMS 0x0000000705e00000, 0x0000000705e00000| Untracked 
|  14|0x0000000706000000, 0x00000007061ffff0, 0x0000000706200000| 99%| O|  |TAMS 0x0000000706000000, 0x0000000706000000| Untracked 
|  15|0x0000000706200000, 0x00000007063ffff8, 0x0000000706400000| 99%| O|  |TAMS 0x0000000706200000, 0x0000000706200000| Untracked 
|  16|0x0000000706400000, 0x00000007065ffff8, 0x0000000706600000| 99%| O|  |TAMS 0x0000000706400000, 0x0000000706400000| Untracked 
|  17|0x0000000706600000, 0x00000007067ffff0, 0x0000000706800000| 99%| O|  |TAMS 0x0000000706600000, 0x0000000706600000| Untracked 
|  18|0x0000000706800000, 0x00000007069ffff0, 0x0000000706a00000| 99%| O|  |TAMS 0x0000000706800000, 0x0000000706800000| Untracked 
|  19|0x0000000706a00000, 0x0000000706bfffe8, 0x0000000706c00000| 99%| O|  |TAMS 0x0000000706a00000, 0x0000000706a00000| Untracked 
|  20|0x0000000706c00000, 0x0000000706e00000, 0x0000000706e00000|100%| O|  |TAMS 0x0000000706c00000, 0x0000000706c00000| Untracked 
|  21|0x0000000706e00000, 0x0000000706ffe9e8, 0x0000000707000000| 99%| O|  |TAMS 0x0000000706e00000, 0x0000000706e00000| Untracked 
|  22|0x0000000707000000, 0x00000007071dda68, 0x0000000707200000| 93%| O|  |TAMS 0x0000000707000000, 0x0000000707000000| Untracked 
|  23|0x0000000707200000, 0x0000000707200618, 0x0000000707400000|  0%| O|  |TAMS 0x0000000707200000, 0x0000000707200000| Untracked 
|  24|0x0000000707400000, 0x0000000707600000, 0x0000000707600000|100%| O|  |TAMS 0x0000000707400000, 0x0000000707400000| Untracked 
|  25|0x0000000707600000, 0x0000000707683200, 0x0000000707800000| 25%| O|  |TAMS 0x0000000707600000, 0x0000000707600000| Untracked 
|  26|0x0000000707800000, 0x0000000707800000, 0x0000000707a00000|  0%| F|  |TAMS 0x0000000707800000, 0x0000000707800000| Untracked 
|  27|0x0000000707a00000, 0x0000000707a00000, 0x0000000707c00000|  0%| F|  |TAMS 0x0000000707a00000, 0x0000000707a00000| Untracked 
|  28|0x0000000707c00000, 0x0000000707c00000, 0x0000000707e00000|  0%| F|  |TAMS 0x0000000707c00000, 0x0000000707c00000| Untracked 
|  29|0x0000000707e00000, 0x0000000707e00000, 0x0000000708000000|  0%| F|  |TAMS 0x0000000707e00000, 0x0000000707e00000| Untracked 
|  30|0x0000000708000000, 0x0000000708000000, 0x0000000708200000|  0%| F|  |TAMS 0x0000000708000000, 0x0000000708000000| Untracked 
|  31|0x0000000708200000, 0x0000000708200000, 0x0000000708400000|  0%| F|  |TAMS 0x0000000708200000, 0x0000000708200000| Untracked 
|  32|0x0000000708400000, 0x0000000708400000, 0x0000000708600000|  0%| F|  |TAMS 0x0000000708400000, 0x0000000708400000| Untracked 
|  33|0x0000000708600000, 0x0000000708600000, 0x0000000708800000|  0%| F|  |TAMS 0x0000000708600000, 0x0000000708600000| Untracked 
|  34|0x0000000708800000, 0x0000000708800000, 0x0000000708a00000|  0%| F|  |TAMS 0x0000000708800000, 0x0000000708800000| Untracked 
|  35|0x0000000708a00000, 0x0000000708a00000, 0x0000000708c00000|  0%| F|  |TAMS 0x0000000708a00000, 0x0000000708a00000| Untracked 
|  36|0x0000000708c00000, 0x0000000708c00000, 0x0000000708e00000|  0%| F|  |TAMS 0x0000000708c00000, 0x0000000708c00000| Untracked 
|  37|0x0000000708e00000, 0x0000000708e00000, 0x0000000709000000|  0%| F|  |TAMS 0x0000000708e00000, 0x0000000708e00000| Untracked 
|  38|0x0000000709000000, 0x0000000709024df8, 0x0000000709200000|  7%| S|CS|TAMS 0x0000000709000000, 0x0000000709000000| Complete 
|  39|0x0000000709200000, 0x0000000709200000, 0x0000000709400000|  0%| F|  |TAMS 0x0000000709200000, 0x0000000709200000| Untracked 
|  40|0x0000000709400000, 0x0000000709400000, 0x0000000709600000|  0%| F|  |TAMS 0x0000000709400000, 0x0000000709400000| Untracked 
|  41|0x0000000709600000, 0x0000000709600000, 0x0000000709800000|  0%| F|  |TAMS 0x0000000709600000, 0x0000000709600000| Untracked 
|  42|0x0000000709800000, 0x0000000709800000, 0x0000000709a00000|  0%| F|  |TAMS 0x0000000709800000, 0x0000000709800000| Untracked 
|  43|0x0000000709a00000, 0x0000000709a00000, 0x0000000709c00000|  0%| F|  |TAMS 0x0000000709a00000, 0x0000000709a00000| Untracked 
|  44|0x0000000709c00000, 0x0000000709c00000, 0x0000000709e00000|  0%| F|  |TAMS 0x0000000709c00000, 0x0000000709c00000| Untracked 
|  45|0x0000000709e00000, 0x0000000709e00000, 0x000000070a000000|  0%| F|  |TAMS 0x0000000709e00000, 0x0000000709e00000| Untracked 
|  46|0x000000070a000000, 0x000000070a000000, 0x000000070a200000|  0%| F|  |TAMS 0x000000070a000000, 0x000000070a000000| Untracked 
|  47|0x000000070a200000, 0x000000070a200000, 0x000000070a400000|  0%| F|  |TAMS 0x000000070a200000, 0x000000070a200000| Untracked 
|  48|0x000000070a400000, 0x000000070a400000, 0x000000070a600000|  0%| F|  |TAMS 0x000000070a400000, 0x000000070a400000| Untracked 
|  49|0x000000070a600000, 0x000000070a600000, 0x000000070a800000|  0%| F|  |TAMS 0x000000070a600000, 0x000000070a600000| Untracked 
|  50|0x000000070a800000, 0x000000070a800000, 0x000000070aa00000|  0%| F|  |TAMS 0x000000070a800000, 0x000000070a800000| Untracked 
|  51|0x000000070aa00000, 0x000000070aa00000, 0x000000070ac00000|  0%| F|  |TAMS 0x000000070aa00000, 0x000000070aa00000| Untracked 
|  52|0x000000070ac00000, 0x000000070ac00000, 0x000000070ae00000|  0%| F|  |TAMS 0x000000070ac00000, 0x000000070ac00000| Untracked 
|  53|0x000000070ae00000, 0x000000070ae00000, 0x000000070b000000|  0%| F|  |TAMS 0x000000070ae00000, 0x000000070ae00000| Untracked 
|  54|0x000000070b000000, 0x000000070b000000, 0x000000070b200000|  0%| F|  |TAMS 0x000000070b000000, 0x000000070b000000| Untracked 
|  55|0x000000070b200000, 0x000000070b200000, 0x000000070b400000|  0%| F|  |TAMS 0x000000070b200000, 0x000000070b200000| Untracked 
|  56|0x000000070b400000, 0x000000070b400000, 0x000000070b600000|  0%| F|  |TAMS 0x000000070b400000, 0x000000070b400000| Untracked 
|  57|0x000000070b600000, 0x000000070b600000, 0x000000070b800000|  0%| F|  |TAMS 0x000000070b600000, 0x000000070b600000| Untracked 
|  58|0x000000070b800000, 0x000000070b800000, 0x000000070ba00000|  0%| F|  |TAMS 0x000000070b800000, 0x000000070b800000| Untracked 
|  59|0x000000070ba00000, 0x000000070ba00000, 0x000000070bc00000|  0%| F|  |TAMS 0x000000070ba00000, 0x000000070ba00000| Untracked 
|  60|0x000000070bc00000, 0x000000070bc00000, 0x000000070be00000|  0%| F|  |TAMS 0x000000070bc00000, 0x000000070bc00000| Untracked 
|  61|0x000000070be00000, 0x000000070be00000, 0x000000070c000000|  0%| F|  |TAMS 0x000000070be00000, 0x000000070be00000| Untracked 
|  62|0x000000070c000000, 0x000000070c000000, 0x000000070c200000|  0%| F|  |TAMS 0x000000070c000000, 0x000000070c000000| Untracked 
|  63|0x000000070c200000, 0x000000070c200000, 0x000000070c400000|  0%| F|  |TAMS 0x000000070c200000, 0x000000070c200000| Untracked 
|  64|0x000000070c400000, 0x000000070c400000, 0x000000070c600000|  0%| F|  |TAMS 0x000000070c400000, 0x000000070c400000| Untracked 
|  65|0x000000070c600000, 0x000000070c600000, 0x000000070c800000|  0%| F|  |TAMS 0x000000070c600000, 0x000000070c600000| Untracked 
|  66|0x000000070c800000, 0x000000070c800000, 0x000000070ca00000|  0%| F|  |TAMS 0x000000070c800000, 0x000000070c800000| Untracked 
|  67|0x000000070ca00000, 0x000000070ca00000, 0x000000070cc00000|  0%| F|  |TAMS 0x000000070ca00000, 0x000000070ca00000| Untracked 
|  68|0x000000070cc00000, 0x000000070cc00000, 0x000000070ce00000|  0%| F|  |TAMS 0x000000070cc00000, 0x000000070cc00000| Untracked 
|  69|0x000000070ce00000, 0x000000070ce00000, 0x000000070d000000|  0%| F|  |TAMS 0x000000070ce00000, 0x000000070ce00000| Untracked 
|  70|0x000000070d000000, 0x000000070d000000, 0x000000070d200000|  0%| F|  |TAMS 0x000000070d000000, 0x000000070d000000| Untracked 
|  71|0x000000070d200000, 0x000000070d200000, 0x000000070d400000|  0%| F|  |TAMS 0x000000070d200000, 0x000000070d200000| Untracked 
|  72|0x000000070d400000, 0x000000070d400000, 0x000000070d600000|  0%| F|  |TAMS 0x000000070d400000, 0x000000070d400000| Untracked 
|  73|0x000000070d600000, 0x000000070d600000, 0x000000070d800000|  0%| F|  |TAMS 0x000000070d600000, 0x000000070d600000| Untracked 
|  74|0x000000070d800000, 0x000000070d800000, 0x000000070da00000|  0%| F|  |TAMS 0x000000070d800000, 0x000000070d800000| Untracked 
|  75|0x000000070da00000, 0x000000070da00000, 0x000000070dc00000|  0%| F|  |TAMS 0x000000070da00000, 0x000000070da00000| Untracked 
|  76|0x000000070dc00000, 0x000000070dc00000, 0x000000070de00000|  0%| F|  |TAMS 0x000000070dc00000, 0x000000070dc00000| Untracked 
|  77|0x000000070de00000, 0x000000070de00000, 0x000000070e000000|  0%| F|  |TAMS 0x000000070de00000, 0x000000070de00000| Untracked 
|  78|0x000000070e000000, 0x000000070e000000, 0x000000070e200000|  0%| F|  |TAMS 0x000000070e000000, 0x000000070e000000| Untracked 
|  79|0x000000070e200000, 0x000000070e200000, 0x000000070e400000|  0%| F|  |TAMS 0x000000070e200000, 0x000000070e200000| Untracked 
|  80|0x000000070e400000, 0x000000070e400000, 0x000000070e600000|  0%| F|  |TAMS 0x000000070e400000, 0x000000070e400000| Untracked 
|  81|0x000000070e600000, 0x000000070e600000, 0x000000070e800000|  0%| F|  |TAMS 0x000000070e600000, 0x000000070e600000| Untracked 
|  82|0x000000070e800000, 0x000000070e800000, 0x000000070ea00000|  0%| F|  |TAMS 0x000000070e800000, 0x000000070e800000| Untracked 
|  83|0x000000070ea00000, 0x000000070ea00000, 0x000000070ec00000|  0%| F|  |TAMS 0x000000070ea00000, 0x000000070ea00000| Untracked 
|  84|0x000000070ec00000, 0x000000070ec00000, 0x000000070ee00000|  0%| F|  |TAMS 0x000000070ec00000, 0x000000070ec00000| Untracked 
|  85|0x000000070ee00000, 0x000000070ee00000, 0x000000070f000000|  0%| F|  |TAMS 0x000000070ee00000, 0x000000070ee00000| Untracked 
|  86|0x000000070f000000, 0x000000070f200000, 0x000000070f200000|100%| E|  |TAMS 0x000000070f000000, 0x000000070f000000| Complete 
|  87|0x000000070f200000, 0x000000070f400000, 0x000000070f400000|100%| E|CS|TAMS 0x000000070f200000, 0x000000070f200000| Complete 
|  88|0x000000070f400000, 0x000000070f600000, 0x000000070f600000|100%| E|CS|TAMS 0x000000070f400000, 0x000000070f400000| Complete 
|  89|0x000000070f600000, 0x000000070f800000, 0x000000070f800000|100%| E|CS|TAMS 0x000000070f600000, 0x000000070f600000| Complete 
|  90|0x000000070f800000, 0x000000070fa00000, 0x000000070fa00000|100%| E|CS|TAMS 0x000000070f800000, 0x000000070f800000| Complete 
|  91|0x000000070fa00000, 0x000000070fc00000, 0x000000070fc00000|100%| E|CS|TAMS 0x000000070fa00000, 0x000000070fa00000| Complete 
|  92|0x000000070fc00000, 0x000000070fe00000, 0x000000070fe00000|100%| E|CS|TAMS 0x000000070fc00000, 0x000000070fc00000| Complete 

Card table byte_map: [0x00000213d2280000,0x00000213d2a60000] _byte_map_base: 0x00000213cea5e000

Marking Bits (Prev, Next): (CMBitMap*) 0x00000213bae441b0, (CMBitMap*) 0x00000213bae44170
 Prev Bits: [0x00000213d7130000, 0x00000213db020000)
 Next Bits: [0x00000213d3240000, 0x00000213d7130000)

Polling page: 0x00000213b8d00000

Metaspace:

Usage:
  Non-class:     64.73 MB used.
      Class:      7.69 MB used.
       Both:     72.43 MB used.

Virtual space:
  Non-class space:       72.00 MB reserved,      65.38 MB ( 91%) committed,  9 nodes.
      Class space:        1.00 GB reserved,       8.44 MB ( <1%) committed,  1 nodes.
              Both:        1.07 GB reserved,      73.81 MB (  7%) committed. 

Chunk freelists:
   Non-Class:  2.68 MB
       Class:  3.47 MB
        Both:  6.14 MB

MaxMetaspaceSize: 17179869184.00 GB
CompressedClassSpaceSize: 1.00 GB
 - commit_granule_bytes: 65536.
 - commit_granule_words: 8192.
 - virtual_space_node_default_size: 1048576.
 - enlarge_chunks_in_place: 1.
 - new_chunks_are_fully_committed: 0.
 - uncommit_free_chunks: 1.
 - use_allocation_guard: 0.
 - handle_deallocations: 1.


Internal statistics:

num_allocs_failed_limit: 9.
num_arena_births: 2958.
num_arena_deaths: 0.
num_vsnodes_births: 10.
num_vsnodes_deaths: 0.
num_space_committed: 1180.
num_space_uncommitted: 0.
num_chunks_returned_to_freelist: 9.
num_chunks_taken_from_freelist: 7223.
num_chunk_merges: 6.
num_chunk_splits: 4032.
num_chunks_enlarged: 1767.
num_purges: 0.

CodeHeap 'non-profiled nmethods': size=120000Kb used=14719Kb max_used=14719Kb free=105280Kb
 bounds [0x00000213ca010000, 0x00000213cae70000, 0x00000213d1540000]
CodeHeap 'profiled nmethods': size=120000Kb used=26717Kb max_used=26717Kb free=93282Kb
 bounds [0x00000213c2ae0000, 0x00000213c4500000, 0x00000213ca010000]
CodeHeap 'non-nmethods': size=5760Kb used=1395Kb max_used=1496Kb free=4365Kb
 bounds [0x00000213c2540000, 0x00000213c27b0000, 0x00000213c2ae0000]
 total_blobs=13353 nmethods=12720 adapters=544
 compilation: enabled
              stopped_count=0, restarted_count=0
 full_count=0

Compilation events (20 events):
Event: 1715.404 Thread 0x00000213de807680 15577       4       java.util.Collections$EmptyMap::forEach (6 bytes)
Event: 1715.405 Thread 0x00000213de807680 nmethod 15577 0x00000213cae69890 code [0x00000213cae69a20, 0x00000213cae69ab8]
Event: 1716.386 Thread 0x00000213de80d680 15578       3       com.fasterxml.jackson.core.json.JsonWriteContext::<init> (31 bytes)
Event: 1716.386 Thread 0x00000213de80d680 nmethod 15578 0x00000213c44f7310 code [0x00000213c44f74c0, 0x00000213c44f77b8]
Event: 1717.360 Thread 0x00000213de807680 15579       4       net.tiklab.eam.client.author.AuthorHandler::isIgnoreUrl (153 bytes)
Event: 1717.404 Thread 0x00000213de807680 nmethod 15579 0x00000213cae69b90 code [0x00000213cae69de0, 0x00000213cae6bdb8]
Event: 1718.362 Thread 0x00000213de80d680 15580       3       org.apache.tomcat.util.http.fileupload.ByteArrayOutputStream::needNewBuffer (145 bytes)
Event: 1718.362 Thread 0x00000213de80d680 nmethod 15580 0x00000213c44f7890 code [0x00000213c44f7aa0, 0x00000213c44f8288]
Event: 1718.882 Thread 0x00000213de80d680 15581       3       org.apache.tomcat.util.http.fileupload.MultipartStream::<init> (161 bytes)
Event: 1718.882 Thread 0x00000213de80d680 nmethod 15581 0x00000213c44f8490 code [0x00000213c44f86e0, 0x00000213c44f90e8]
Event: 1719.812 Thread 0x00000213de807680 15582       4       java.nio.charset.CharsetDecoder::onUnmappableCharacter (26 bytes)
Event: 1719.812 Thread 0x00000213de807680 nmethod 15582 0x00000213cae6d090 code [0x00000213cae6d220, 0x00000213cae6d378]
Event: 1719.916 Thread 0x00000213de807680 15583       4       java.nio.charset.CharsetDecoder::implOnMalformedInput (1 bytes)
Event: 1719.916 Thread 0x00000213de807680 nmethod 15583 0x00000213cae6d410 code [0x00000213cae6d580, 0x00000213cae6d5f8]
Event: 1721.079 Thread 0x00000213de807680 15584       4       java.lang.invoke.DelegatingMethodHandle$Holder::reinvoke_L (18 bytes)
Event: 1721.079 Thread 0x00000213de807680 nmethod 15584 0x00000213cae6d710 code [0x00000213cae6d8a0, 0x00000213cae6d9b8]
Event: 1721.321 Thread 0x00000213de807680 15585       4       java.util.concurrent.locks.AbstractQueuedSynchronizer$ConditionObject::signal (34 bytes)
Event: 1721.328 Thread 0x00000213de807680 nmethod 15585 0x00000213cae6db10 code [0x00000213cae6dca0, 0x00000213cae6e398]
Event: 1721.716 Thread 0x00000213de807680 15586   !   4       sun.nio.cs.DoubleByte$Decoder::decodeArrayLoop (329 bytes)
Event: 1721.733 Thread 0x00000213de807680 nmethod 15586 0x00000213cae6e610 code [0x00000213cae6e7e0, 0x00000213cae6f718]

GC Heap History (20 events):
Event: 1652.950 GC heap before
{Heap before GC invocations=272 (full 20):
 garbage-first heap   total 190464K, used 160266K [0x0000000704400000, 0x0000000800000000)
  region size 2048K, 55 young (112640K), 1 survivors (2048K)
 Metaspace       used 74153K, committed 75584K, reserved 1122304K
  class space    used 7877K, committed 8640K, reserved 1048576K
}
Event: 1652.952 GC heap after
{Heap after GC invocations=273 (full 20):
 garbage-first heap   total 190464K, used 49661K [0x0000000704400000, 0x0000000800000000)
  region size 2048K, 1 young (2048K), 1 survivors (2048K)
 Metaspace       used 74153K, committed 75584K, reserved 1122304K
  class space    used 7877K, committed 8640K, reserved 1048576K
}
Event: 1656.925 GC heap before
{Heap before GC invocations=273 (full 20):
 garbage-first heap   total 190464K, used 160253K [0x0000000704400000, 0x0000000800000000)
  region size 2048K, 55 young (112640K), 1 survivors (2048K)
 Metaspace       used 74154K, committed 75584K, reserved 1122304K
  class space    used 7877K, committed 8640K, reserved 1048576K
}
Event: 1656.926 GC heap after
{Heap after GC invocations=274 (full 20):
 garbage-first heap   total 190464K, used 49643K [0x0000000704400000, 0x0000000800000000)
  region size 2048K, 1 young (2048K), 1 survivors (2048K)
 Metaspace       used 74154K, committed 75584K, reserved 1122304K
  class space    used 7877K, committed 8640K, reserved 1048576K
}
Event: 1676.222 GC heap before
{Heap before GC invocations=274 (full 20):
 garbage-first heap   total 190464K, used 158187K [0x0000000704400000, 0x0000000800000000)
  region size 2048K, 55 young (112640K), 1 survivors (2048K)
 Metaspace       used 74154K, committed 75584K, reserved 1122304K
  class space    used 7877K, committed 8640K, reserved 1048576K
}
Event: 1676.223 GC heap after
{Heap after GC invocations=275 (full 20):
 garbage-first heap   total 190464K, used 49588K [0x0000000704400000, 0x0000000800000000)
  region size 2048K, 1 young (2048K), 1 survivors (2048K)
 Metaspace       used 74154K, committed 75584K, reserved 1122304K
  class space    used 7877K, committed 8640K, reserved 1048576K
}
Event: 1678.412 GC heap before
{Heap before GC invocations=275 (full 20):
 garbage-first heap   total 190464K, used 158132K [0x0000000704400000, 0x0000000800000000)
  region size 2048K, 55 young (112640K), 1 survivors (2048K)
 Metaspace       used 74154K, committed 75584K, reserved 1122304K
  class space    used 7877K, committed 8640K, reserved 1048576K
}
Event: 1678.414 GC heap after
{Heap after GC invocations=276 (full 20):
 garbage-first heap   total 190464K, used 49619K [0x0000000704400000, 0x0000000800000000)
  region size 2048K, 1 young (2048K), 1 survivors (2048K)
 Metaspace       used 74154K, committed 75584K, reserved 1122304K
  class space    used 7877K, committed 8640K, reserved 1048576K
}
Event: 1684.231 GC heap before
{Heap before GC invocations=276 (full 20):
 garbage-first heap   total 190464K, used 158163K [0x0000000704400000, 0x0000000800000000)
  region size 2048K, 55 young (112640K), 1 survivors (2048K)
 Metaspace       used 74154K, committed 75584K, reserved 1122304K
  class space    used 7877K, committed 8640K, reserved 1048576K
}
Event: 1684.232 GC heap after
{Heap after GC invocations=277 (full 20):
 garbage-first heap   total 190464K, used 49605K [0x0000000704400000, 0x0000000800000000)
  region size 2048K, 1 young (2048K), 1 survivors (2048K)
 Metaspace       used 74154K, committed 75584K, reserved 1122304K
  class space    used 7877K, committed 8640K, reserved 1048576K
}
Event: 1688.691 GC heap before
{Heap before GC invocations=277 (full 20):
 garbage-first heap   total 190464K, used 158149K [0x0000000704400000, 0x0000000800000000)
  region size 2048K, 55 young (112640K), 1 survivors (2048K)
 Metaspace       used 74154K, committed 75584K, reserved 1122304K
  class space    used 7877K, committed 8640K, reserved 1048576K
}
Event: 1688.693 GC heap after
{Heap after GC invocations=278 (full 20):
 garbage-first heap   total 190464K, used 49581K [0x0000000704400000, 0x0000000800000000)
  region size 2048K, 1 young (2048K), 1 survivors (2048K)
 Metaspace       used 74154K, committed 75584K, reserved 1122304K
  class space    used 7877K, committed 8640K, reserved 1048576K
}
Event: 1696.097 GC heap before
{Heap before GC invocations=278 (full 20):
 garbage-first heap   total 190464K, used 160173K [0x0000000704400000, 0x0000000800000000)
  region size 2048K, 55 young (112640K), 1 survivors (2048K)
 Metaspace       used 74156K, committed 75584K, reserved 1122304K
  class space    used 7877K, committed 8640K, reserved 1048576K
}
Event: 1696.099 GC heap after
{Heap after GC invocations=279 (full 20):
 garbage-first heap   total 190464K, used 49575K [0x0000000704400000, 0x0000000800000000)
  region size 2048K, 1 young (2048K), 1 survivors (2048K)
 Metaspace       used 74156K, committed 75584K, reserved 1122304K
  class space    used 7877K, committed 8640K, reserved 1048576K
}
Event: 1704.568 GC heap before
{Heap before GC invocations=279 (full 20):
 garbage-first heap   total 190464K, used 158119K [0x0000000704400000, 0x0000000800000000)
  region size 2048K, 55 young (112640K), 1 survivors (2048K)
 Metaspace       used 74163K, committed 75584K, reserved 1122304K
  class space    used 7878K, committed 8640K, reserved 1048576K
}
Event: 1704.569 GC heap after
{Heap after GC invocations=280 (full 20):
 garbage-first heap   total 190464K, used 49606K [0x0000000704400000, 0x0000000800000000)
  region size 2048K, 1 young (2048K), 1 survivors (2048K)
 Metaspace       used 74163K, committed 75584K, reserved 1122304K
  class space    used 7878K, committed 8640K, reserved 1048576K
}
Event: 1715.397 GC heap before
{Heap before GC invocations=280 (full 20):
 garbage-first heap   total 190464K, used 160198K [0x0000000704400000, 0x0000000800000000)
  region size 2048K, 55 young (112640K), 1 survivors (2048K)
 Metaspace       used 74163K, committed 75584K, reserved 1122304K
  class space    used 7878K, committed 8640K, reserved 1048576K
}
Event: 1715.400 GC heap after
{Heap after GC invocations=281 (full 20):
 garbage-first heap   total 190464K, used 49667K [0x0000000704400000, 0x0000000800000000)
  region size 2048K, 1 young (2048K), 1 survivors (2048K)
 Metaspace       used 74163K, committed 75584K, reserved 1122304K
  class space    used 7878K, committed 8640K, reserved 1048576K
}
Event: 1721.414 GC heap before
{Heap before GC invocations=281 (full 20):
 garbage-first heap   total 190464K, used 158211K [0x0000000704400000, 0x0000000800000000)
  region size 2048K, 55 young (112640K), 1 survivors (2048K)
 Metaspace       used 74163K, committed 75584K, reserved 1122304K
  class space    used 7878K, committed 8640K, reserved 1048576K
}
Event: 1721.415 GC heap after
{Heap after GC invocations=282 (full 20):
 garbage-first heap   total 190464K, used 49682K [0x0000000704400000, 0x0000000800000000)
  region size 2048K, 1 young (2048K), 1 survivors (2048K)
 Metaspace       used 74163K, committed 75584K, reserved 1122304K
  class space    used 7878K, committed 8640K, reserved 1048576K
}

Deoptimization events (20 events):
Event: 1722.349 Thread 0x00000213dfa7aeb0 DEOPT PACKING pc=0x00000213ca7e0210 sp=0x000000cabd8f9bd0
Event: 1722.349 Thread 0x00000213dfa7aeb0 DEOPT UNPACKING pc=0x00000213c258e77e sp=0x000000cabd8f9050 mode 1
Event: 1722.349 Thread 0x00000213dfa7aeb0 DEOPT PACKING pc=0x00000213ca85bd50 sp=0x000000cabd8f9c90
Event: 1722.349 Thread 0x00000213dfa7aeb0 DEOPT UNPACKING pc=0x00000213c258e77e sp=0x000000cabd8f90d8 mode 1
Event: 1722.349 Thread 0x00000213dfa7aeb0 DEOPT PACKING pc=0x00000213ca5a8220 sp=0x000000cabd8f9b80
Event: 1722.349 Thread 0x00000213dfa7aeb0 DEOPT UNPACKING pc=0x00000213c258e77e sp=0x000000cabd8f8f38 mode 1
Event: 1722.349 Thread 0x00000213dfa7aeb0 DEOPT PACKING pc=0x00000213ca7e0210 sp=0x000000cabd8f9bd0
Event: 1722.349 Thread 0x00000213dfa7aeb0 DEOPT UNPACKING pc=0x00000213c258e77e sp=0x000000cabd8f9050 mode 1
Event: 1722.349 Thread 0x00000213dfa7aeb0 DEOPT PACKING pc=0x00000213ca85bd50 sp=0x000000cabd8f9c90
Event: 1722.349 Thread 0x00000213dfa7aeb0 DEOPT UNPACKING pc=0x00000213c258e77e sp=0x000000cabd8f90d8 mode 1
Event: 1722.349 Thread 0x00000213dfa7aeb0 DEOPT PACKING pc=0x00000213ca5a8220 sp=0x000000cabd8f9b80
Event: 1722.349 Thread 0x00000213dfa7aeb0 DEOPT UNPACKING pc=0x00000213c258e77e sp=0x000000cabd8f8f38 mode 1
Event: 1722.349 Thread 0x00000213dfa7aeb0 DEOPT PACKING pc=0x00000213ca7e0210 sp=0x000000cabd8f9bd0
Event: 1722.349 Thread 0x00000213dfa7aeb0 DEOPT UNPACKING pc=0x00000213c258e77e sp=0x000000cabd8f9050 mode 1
Event: 1722.349 Thread 0x00000213dfa7aeb0 DEOPT PACKING pc=0x00000213ca85bd50 sp=0x000000cabd8f9c90
Event: 1722.349 Thread 0x00000213dfa7aeb0 DEOPT UNPACKING pc=0x00000213c258e77e sp=0x000000cabd8f90d8 mode 1
Event: 1722.349 Thread 0x00000213dfa7aeb0 DEOPT PACKING pc=0x00000213ca5a8220 sp=0x000000cabd8f9b80
Event: 1722.349 Thread 0x00000213dfa7aeb0 DEOPT UNPACKING pc=0x00000213c258e77e sp=0x000000cabd8f8f38 mode 1
Event: 1722.349 Thread 0x00000213dfa7aeb0 DEOPT PACKING pc=0x00000213ca7e0210 sp=0x000000cabd8f9bd0
Event: 1722.349 Thread 0x00000213dfa7aeb0 DEOPT UNPACKING pc=0x00000213c258e77e sp=0x000000cabd8f9050 mode 1

Classes unloaded (0 events):
No events

Classes redefined (12 events):
Event: 607.371 Thread 0x00000213ddcb75f0 redefined class name=net.tiklab.matflow.stages.service.StageExecServiceImpl, count=1
Event: 713.302 Thread 0x00000213ddcb75f0 redefined class name=net.tiklab.matflow.stages.service.StageExecServiceImpl, count=2
Event: 719.000 Thread 0x00000213ddcb75f0 redefined class name=net.tiklab.matflow.stages.service.StageExecServiceImpl, count=3
Event: 1004.975 Thread 0x00000213ddcb75f0 redefined class name=net.tiklab.matflow.task.task.service.TasksInstanceServiceImpl, count=1
Event: 1055.956 Thread 0x00000213ddcb75f0 redefined class name=net.tiklab.matflow.task.task.service.TasksInstanceServiceImpl, count=2
Event: 1105.423 Thread 0x00000213ddcb75f0 redefined class name=net.tiklab.matflow.stages.service.StageInstanceServerImpl, count=1
Event: 1465.566 Thread 0x00000213ddcb75f0 redefined class name=net.tiklab.matflow.pipeline.instance.service.PipelineInstanceServiceImpl, count=1
Event: 1465.566 Thread 0x00000213ddcb75f0 redefined class name=net.tiklab.matflow.pipeline.execute.service.PipelineExecServiceImpl, count=1
Event: 1511.738 Thread 0x00000213ddcb75f0 redefined class name=net.tiklab.matflow.pipeline.execute.service.PipelineExecServiceImpl, count=2
Event: 1583.131 Thread 0x00000213ddcb75f0 redefined class name=net.tiklab.matflow.pipeline.instance.service.PipelineInstanceServiceImpl, count=2
Event: 1592.724 Thread 0x00000213ddcb75f0 redefined class name=net.tiklab.matflow.pipeline.instance.service.PipelineInstanceServiceImpl, count=3
Event: 1604.252 Thread 0x00000213ddcb75f0 redefined class name=net.tiklab.matflow.pipeline.instance.service.PipelineInstanceServiceImpl, count=4

Internal exceptions (20 events):
Event: 1312.266 Thread 0x00000213dfa7a410 Exception <a 'java/lang/ClassFormatError'{0x000000070cda6e98}: Method "processValue" in class com/alibaba/fastjson/serializer/ASMSerializer_7_Order has illegal signature "(Lcom/alibaba/fastjson/serializer/JSONSerializer;Lcom/alibaba/fastjson/serializer/BeanContext;Ljava/lang/Object;Ljava/lang/String;Ljava/lang/Object;)Ljava/lang/Object;Ljava/lang/Integer;"> (0x000000070cda6e98) 
thrown [t:\workspace\open\src\hotspot\share\classfile\classFileParser.cpp, line 2076]
Event: 1312.268 Thread 0x00000213dfa7a410 Exception <a 'java/lang/ClassFormatError'{0x000000070cdd7f20}: Method "processValue" in class com/alibaba/fastjson/serializer/ASMSerializer_8_Page has illegal signature "(Lcom/alibaba/fastjson/serializer/JSONSerializer;Lcom/alibaba/fastjson/serializer/BeanContext;Ljava/lang/Object;Ljava/lang/String;Ljava/lang/Object;)Ljava/lang/Object;Ljava/lang/Integer;"> (0x000000070cdd7f20) 
thrown [t:\workspace\open\src\hotspot\share\classfile\classFileParser.cpp, line 2076]
Event: 1317.320 Thread 0x00000213dfa7a410 Exception <a 'java/net/SocketException'{0x000000070cb1cad0}: Socket is not connected: shutdown> (0x000000070cb1cad0) 
thrown [t:\workspace\open\src\hotspot\share\prims\jni.cpp, line 600]
Event: 1355.463 Thread 0x00000213e955a040 JVM_StopThread thread JavaThread 0x00000213e955d560 as oop 0x0000000709023070 [exception 0x000000cab88fe428]
Event: 1355.463 Thread 0x00000213e955d560 Exception <a 'java/lang/ThreadDeath'{0x000000070f630750}: sleep interrupted> (0x000000070f630750) 
thrown [t:\workspace\open\src\hotspot\share\prims\jvm.cpp, line 3305]
Event: 1365.134 Thread 0x00000213e955a040 JVM_StopThread thread JavaThread 0x00000213e955d560 as oop 0x0000000708e1d178 [exception 0x000000cab88fe428]
Event: 1365.134 Thread 0x00000213e955d560 Exception <a 'java/lang/ThreadDeath'{0x000000070fc30220}: sleep interrupted> (0x000000070fc30220) 
thrown [t:\workspace\open\src\hotspot\share\prims\jvm.cpp, line 3305]
Event: 1472.291 Thread 0x00000213e95575c0 JVM_StopThread thread JavaThread 0x00000213e9558b00 as oop 0x0000000708e17320 [exception 0x000000cab89fe628]
Event: 1472.291 Thread 0x00000213e9558b00 Exception <a 'java/lang/ThreadDeath'{0x000000070d908500}: sleep interrupted> (0x000000070d908500) 
thrown [t:\workspace\open\src\hotspot\share\prims\jvm.cpp, line 3305]
Event: 1475.593 Thread 0x00000213e95575c0 JVM_StopThread thread JavaThread 0x00000213e9558b00 as oop 0x0000000709011820 [exception 0x000000cab89fe628]
Event: 1475.593 Thread 0x00000213e9558b00 Exception <a 'java/lang/ThreadDeath'{0x000000070b8b2dd0}: sleep interrupted> (0x000000070b8b2dd0) 
thrown [t:\workspace\open\src\hotspot\share\prims\jvm.cpp, line 3305]
Event: 1475.593 Thread 0x00000213e95575c0 JVM_StopThread thread JavaThread 0x00000213e95585b0 as oop 0x0000000709000040 [exception 0x000000cab89fe788]
Event: 1475.593 Thread 0x00000213e95585b0 Exception <a 'java/lang/ThreadDeath'{0x000000070b8b35f0}: sleep interrupted> (0x000000070b8b35f0) 
thrown [t:\workspace\open\src\hotspot\share\prims\jvm.cpp, line 3305]
Event: 1475.611 Thread 0x00000213e95575c0 JVM_StopThread thread JavaThread 0x00000213e95585b0 as oop 0x0000000709000040 [exception 0x000000cab89fe6f8]
Event: 1654.295 Thread 0x00000213e955d560 JVM_StopThread thread JavaThread 0x00000213e95575c0 as oop 0x0000000708e00080 [exception 0x000000cab89fe408]
Event: 1654.295 Thread 0x00000213e95575c0 Exception <a 'java/lang/ThreadDeath'{0x000000070dd256c8}: sleep interrupted> (0x000000070dd256c8) 
thrown [t:\workspace\open\src\hotspot\share\prims\jvm.cpp, line 3305]
Event: 1657.270 Thread 0x00000213e955d560 JVM_StopThread thread JavaThread 0x00000213e95575c0 as oop 0x00000007090018d0 [exception 0x000000cab89fe408]
Event: 1657.270 Thread 0x00000213e95575c0 Exception <a 'java/lang/ThreadDeath'{0x000000070e08e8c8}: sleep interrupted> (0x000000070e08e8c8) 
thrown [t:\workspace\open\src\hotspot\share\prims\jvm.cpp, line 3305]
Event: 1719.871 Thread 0x00000213e955d560 JVM_StopThread thread JavaThread 0x00000213e9559af0 as oop 0x0000000708e040c0 [exception 0x000000cab89fe408]
Event: 1719.871 Thread 0x00000213e9559af0 Exception <a 'java/lang/ThreadDeath'{0x000000070ab3a5a8}: sleep interrupted> (0x000000070ab3a5a8) 
thrown [t:\workspace\open\src\hotspot\share\prims\jvm.cpp, line 3305]

Events (20 events):
Event: 1710.573 Executing  VM operation: Cleanup
Event: 1710.573 Executing  VM operation: Cleanup done
Event: 1712.271 Thread 0x00000213e1760c30 Thread added: 0x00000213e1760c30
Event: 1712.574 Thread 0x00000213e9559af0 Thread added: 0x00000213e9559af0
Event: 1712.574 Executing  VM operation: Cleanup
Event: 1712.574 Executing  VM operation: Cleanup done
Event: 1712.590 Thread 0x00000213e1760c30 Thread exited: 0x00000213e1760c30
Event: 1714.575 Executing  VM operation: Cleanup
Event: 1714.575 Executing  VM operation: Cleanup done
Event: 1715.397 Executing  VM operation: G1CollectForAllocation
Event: 1715.400 Executing  VM operation: G1CollectForAllocation done
Event: 1719.871 Executing  VM operation: get/set locals
Event: 1719.871 Executing  VM operation: get/set locals done
Event: 1720.033 Executing  VM operation: ChangeBreakpoints
Event: 1720.039 Executing  VM operation: ChangeBreakpoints done
Event: 1721.414 Executing  VM operation: G1CollectForAllocation
Event: 1721.415 Executing  VM operation: G1CollectForAllocation done
Event: 1722.350 Executing  VM operation: ThreadsSuspendJVMTI
Event: 1722.350 Executing  VM operation: ThreadsSuspendJVMTI done
Event: 1722.359 Executing  VM operation: get/set locals


Dynamic libraries:
0x00007ff7c8d30000 - 0x00007ff7c8d40000 	D:\jdk-16.0.2\bin\java.exe
0x00007ff93ac50000 - 0x00007ff93ae64000 	C:\WINDOWS\SYSTEM32\ntdll.dll
0x00007ff9398c0000 - 0x00007ff939983000 	C:\WINDOWS\System32\KERNEL32.DLL
0x00007ff938280000 - 0x00007ff93861c000 	C:\WINDOWS\System32\KERNELBASE.dll
0x00007ff938940000 - 0x00007ff938a51000 	C:\WINDOWS\System32\ucrtbase.dll
0x00007ff8c7680000 - 0x00007ff8c7698000 	D:\jdk-16.0.2\bin\jli.dll
0x00007ff8bda70000 - 0x00007ff8bda89000 	D:\jdk-16.0.2\bin\VCRUNTIME140.dll
0x00007ff938f40000 - 0x00007ff938fee000 	C:\WINDOWS\System32\ADVAPI32.dll
0x00007ff939c80000 - 0x00007ff939d27000 	C:\WINDOWS\System32\msvcrt.dll
0x00007ff939710000 - 0x00007ff9397b4000 	C:\WINDOWS\System32\sechost.dll
0x00007ff939540000 - 0x00007ff939655000 	C:\WINDOWS\System32\RPCRT4.dll
0x00007ff93a040000 - 0x00007ff93a1ed000 	C:\WINDOWS\System32\USER32.dll
0x00007ff938130000 - 0x00007ff938156000 	C:\WINDOWS\System32\win32u.dll
0x00007ff925270000 - 0x00007ff9254fe000 	C:\WINDOWS\WinSxS\amd64_microsoft.windows.common-controls_6595b64144ccf1df_6.0.22621.608_none_a9444ca7c10bb01d\COMCTL32.dll
0x00007ff939ee0000 - 0x00007ff939f09000 	C:\WINDOWS\System32\GDI32.dll
0x00007ff938160000 - 0x00007ff938272000 	C:\WINDOWS\System32\gdi32full.dll
0x00007ff938090000 - 0x00007ff93812a000 	C:\WINDOWS\System32\msvcp_win.dll
0x00007ff9321d0000 - 0x00007ff9321da000 	C:\WINDOWS\SYSTEM32\VERSION.dll
0x00007ff938a60000 - 0x00007ff938a92000 	C:\WINDOWS\System32\IMM32.DLL
0x00007ff9006d0000 - 0x00007ff9006dc000 	D:\jdk-16.0.2\bin\vcruntime140_1.dll
0x00007ff8b6850000 - 0x00007ff8b68e1000 	D:\jdk-16.0.2\bin\msvcp140.dll
0x00007ff8b16e0000 - 0x00007ff8b228b000 	D:\jdk-16.0.2\bin\server\jvm.dll
0x00007ff939a70000 - 0x00007ff939a78000 	C:\WINDOWS\System32\PSAPI.DLL
0x00007ff913e30000 - 0x00007ff913e39000 	C:\WINDOWS\SYSTEM32\WSOCK32.dll
0x00007ff92c330000 - 0x00007ff92c364000 	C:\WINDOWS\SYSTEM32\WINMM.dll
0x00007ff93a9e0000 - 0x00007ff93aa51000 	C:\WINDOWS\System32\WS2_32.dll
0x00007ff937190000 - 0x00007ff9371a8000 	C:\WINDOWS\SYSTEM32\kernel.appcore.dll
0x00007ff8e2c20000 - 0x00007ff8e2c2a000 	D:\jdk-16.0.2\bin\jimage.dll
0x00007ff931f90000 - 0x00007ff9321be000 	C:\WINDOWS\SYSTEM32\DBGHELP.DLL
0x00007ff9391b0000 - 0x00007ff93953a000 	C:\WINDOWS\System32\combase.dll
0x00007ff939990000 - 0x00007ff939a67000 	C:\WINDOWS\System32\OLEAUT32.dll
0x00007ff92a640000 - 0x00007ff92a672000 	C:\WINDOWS\SYSTEM32\dbgcore.DLL
0x00007ff9388c0000 - 0x00007ff93893b000 	C:\WINDOWS\System32\bcryptPrimitives.dll
0x00007ff931ca0000 - 0x00007ff931cdb000 	D:\jdk-16.0.2\bin\jdwp.dll
0x00007ff931c90000 - 0x00007ff931c9e000 	D:\jdk-16.0.2\bin\instrument.dll
0x00007ff8b6820000 - 0x00007ff8b6845000 	D:\jdk-16.0.2\bin\java.dll
0x00007ff8b6570000 - 0x00007ff8b6588000 	D:\jdk-16.0.2\bin\zip.dll
0x00007ff93a1f0000 - 0x00007ff93a9df000 	C:\WINDOWS\System32\SHELL32.dll
0x00007ff936060000 - 0x00007ff936928000 	C:\WINDOWS\SYSTEM32\windows.storage.dll
0x00007ff935f20000 - 0x00007ff93605e000 	C:\WINDOWS\SYSTEM32\wintypes.dll
0x00007ff939b80000 - 0x00007ff939c71000 	C:\WINDOWS\System32\SHCORE.dll
0x00007ff93aa60000 - 0x00007ff93aabe000 	C:\WINDOWS\System32\shlwapi.dll
0x00007ff937fc0000 - 0x00007ff937fe1000 	C:\WINDOWS\SYSTEM32\profapi.dll
0x00007ff92a6b0000 - 0x00007ff92a6bc000 	D:\jdk-16.0.2\bin\dt_socket.dll
0x00007ff936bc0000 - 0x00007ff936bed000 	C:\WINDOWS\SYSTEM32\IPHLPAPI.DLL
0x00007ff9375f0000 - 0x00007ff937659000 	C:\WINDOWS\system32\mswsock.dll
0x00007ff8b6800000 - 0x00007ff8b6819000 	D:\jdk-16.0.2\bin\net.dll
0x00007ff930e30000 - 0x00007ff930f5f000 	C:\WINDOWS\SYSTEM32\WINHTTP.dll
0x00007ff8b67e0000 - 0x00007ff8b67f3000 	D:\jdk-16.0.2\bin\nio.dll
0x00007ff8e23d0000 - 0x00007ff8e23e0000 	D:\jdk-16.0.2\bin\verify.dll
0x00007ff9209b0000 - 0x00007ff9209c7000 	C:\WINDOWS\system32\napinsp.dll
0x00007ff920990000 - 0x00007ff9209ab000 	C:\WINDOWS\system32\pnrpnsp.dll
0x00007ff936bf0000 - 0x00007ff936ce3000 	C:\WINDOWS\SYSTEM32\DNSAPI.dll
0x00007ff939f10000 - 0x00007ff939f19000 	C:\WINDOWS\System32\NSI.dll
0x00007ff920950000 - 0x00007ff920961000 	C:\WINDOWS\System32\winrnr.dll
0x00007ff920930000 - 0x00007ff920945000 	C:\WINDOWS\system32\wshbth.dll
0x00007ff9208e0000 - 0x00007ff920901000 	C:\WINDOWS\system32\nlansp_c.dll
0x00007ff92f8c0000 - 0x00007ff92f8ca000 	C:\Windows\System32\rasadhlp.dll
0x00007ff9307a0000 - 0x00007ff930823000 	C:\WINDOWS\System32\fwpuclnt.dll
0x00007ff931c80000 - 0x00007ff931c89000 	D:\jdk-16.0.2\bin\management.dll
0x00007ff92cba0000 - 0x00007ff92cbab000 	D:\jdk-16.0.2\bin\management_ext.dll
0x00007ff937800000 - 0x00007ff93781b000 	C:\WINDOWS\SYSTEM32\CRYPTSP.dll
0x00007ff937100000 - 0x00007ff937135000 	C:\WINDOWS\system32\rsaenh.dll
0x00007ff9376a0000 - 0x00007ff9376c8000 	C:\WINDOWS\SYSTEM32\USERENV.dll
0x00007ff937a50000 - 0x00007ff937a78000 	C:\WINDOWS\SYSTEM32\bcrypt.dll
0x00007ff937820000 - 0x00007ff93782c000 	C:\WINDOWS\SYSTEM32\CRYPTBASE.dll
0x00007ff930e10000 - 0x00007ff930e29000 	C:\WINDOWS\SYSTEM32\dhcpcsvc6.DLL
0x00007ff930df0000 - 0x00007ff930e0f000 	C:\WINDOWS\SYSTEM32\dhcpcsvc.DLL
0x00007ff92cb90000 - 0x00007ff92cb9e000 	D:\jdk-16.0.2\bin\sunmscapi.dll
0x00007ff938750000 - 0x00007ff9388b6000 	C:\WINDOWS\System32\CRYPT32.dll
0x00007ff937a20000 - 0x00007ff937a4d000 	C:\WINDOWS\SYSTEM32\ncrypt.dll
0x00007ff9379e0000 - 0x00007ff937a17000 	C:\WINDOWS\SYSTEM32\NTASN1.dll
0x00007ff9065f0000 - 0x00007ff9065f8000 	C:\WINDOWS\system32\wshunix.dll

dbghelp: loaded successfully - version: 4.0.5 - missing functions: none
symbol engine: initialized successfully - sym options: 0x614 - pdb path: .;D:\jdk-16.0.2\bin;C:\WINDOWS\SYSTEM32;C:\WINDOWS\WinSxS\amd64_microsoft.windows.common-controls_6595b64144ccf1df_6.0.22621.608_none_a9444ca7c10bb01d;D:\jdk-16.0.2\bin\server

VM Arguments:
jvm_args: -agentlib:jdwp=transport=dt_socket,address=127.0.0.1:52641,suspend=y,server=n -javaagent:C:\Users\admin\AppData\Local\JetBrains\IntelliJIdea2022.2\captureAgent\debugger-agent.jar -Dfile.encoding=UTF-8 
java_command: net.tiklab.matflow.MatFlowApplication
java_class_path (initial): D:\idea\tiklab\tiklab-matflow\tiklab-matflow-starter\target\classes;D:\maven\apache-maven-3.8.3\.m2\repository\net\tiklab\tiklab-tks-spring-boot-starter\1.0.0-SNAPSHOT\tiklab-tks-spring-boot-starter-1.0.0-20220922.072442-3.jar;D:\maven\apache-maven-3.8.3\.m2\repository\net\tiklab\tiklab-core\1.0.0-SNAPSHOT\tiklab-core-1.0.0-20220922.035531-6.jar;D:\maven\apache-maven-3.8.3\.m2\repository\javax\validation\validation-api\1.1.0.Final\validation-api-1.1.0.Final.jar;D:\maven\apache-maven-3.8.3\.m2\repository\com\fasterxml\jackson\core\jackson-annotations\2.10.3\jackson-annotations-2.10.3.jar;D:\maven\apache-maven-3.8.3\.m2\repository\net\tiklab\tiklab-utils\1.0.0-SNAPSHOT\tiklab-utils-1.0.0-20220922.035533-4.jar;D:\maven\apache-maven-3.8.3\.m2\repository\org\slf4j\slf4j-api\1.7.5\slf4j-api-1.7.5.jar;D:\maven\apache-maven-3.8.3\.m2\repository\com\alibaba\fastjson\1.2.62\fastjson-1.2.62.jar;D:\maven\apache-maven-3.8.3\.m2\repository\net\tiklab\tiklab-tks-core\1.0.0-SNAPSHOT\tiklab-tks-core-1.0.0-20220922.072440-2.jar;D:\maven\apache-maven-3.8.3\.m2\repository\ognl\ognl\3.2.1\ognl-3.2.1.jar;D:\maven\apache-maven-3.8.3\.m2\repository\org\javassist\javassist\3.20.0-GA\javassist-3.20.0-GA.jar;D:\maven\apache-maven-3.8.3\.m2\repository\net\tiklab\tiklab-tks-annotation\1.0.0-SNAPSHOT\tiklab-tks-annotation-1.0.0-20220922.072438-2.jar;D:\maven\apache-maven-3.8.3\.m2\repository\net\tiklab\tiklab-eam-spring-boot-starter\1.0.0-SNAPSHOT\tiklab-eam-spring-boot-starter-1.0.0-20230224.080113-42.jar;D:\maven\apache-maven-3.8.3\.m2\repository\net\tiklab\tiklab-eam-config\1.0.0-SNAPSHOT\tiklab-eam-config-1.0.0-20230224.080110-41.jar;D:\maven\apache-maven-3.8.3\.m2\repository\javax\xml\bind\jaxb-api\2.3.0\jaxb-api-2.3.0.jar;D:\maven\apache-maven-3.8.3\.m2\repository\com\sun\xml\bind\jaxb-impl\2.3.0\jaxb-impl-2.3.0.jar;D:\maven\apache-maven-3.8.3\.m2\repository\com\sun\xml\bind\jaxb-core\2.3.0\jaxb-core-2.3.0.jar;D:\maven\apache-maven-3.8.3\.m2\repository\javax\ac
Launcher Type: SUN_STANDARD

[Global flags]
     intx CICompilerCount                          = 4                                         {product} {ergonomic}
     uint ConcGCThreads                            = 3                                         {product} {ergonomic}
     uint G1ConcRefinementThreads                  = 10                                        {product} {ergonomic}
   size_t G1HeapRegionSize                         = 2097152                                   {product} {ergonomic}
    uintx GCDrainStackTargetSize                   = 64                                        {product} {ergonomic}
   size_t InitialHeapSize                          = 264241152                                 {product} {ergonomic}
   size_t MarkStackSize                            = 4194304                                   {product} {ergonomic}
   size_t MaxHeapSize                              = 4223664128                                {product} {ergonomic}
   size_t MaxNewSize                               = 2533359616                                {product} {ergonomic}
   size_t MinHeapDeltaBytes                        = 2097152                                   {product} {ergonomic}
   size_t MinHeapSize                              = 8388608                                   {product} {ergonomic}
    uintx NonNMethodCodeHeapSize                   = 5839372                                {pd product} {ergonomic}
    uintx NonProfiledCodeHeapSize                  = 122909434                              {pd product} {ergonomic}
    uintx ProfiledCodeHeapSize                     = 122909434                              {pd product} {ergonomic}
    uintx ReservedCodeCacheSize                    = 251658240                              {pd product} {ergonomic}
     bool SegmentedCodeCache                       = true                                      {product} {ergonomic}
   size_t SoftMaxHeapSize                          = 4223664128                             {manageable} {ergonomic}
     bool UseCompressedClassPointers               = true                           {product lp64_product} {ergonomic}
     bool UseCompressedOops                        = true                           {product lp64_product} {ergonomic}
     bool UseG1GC                                  = true                                      {product} {ergonomic}
     bool UseLargePagesIndividualAllocation        = false                                  {pd product} {ergonomic}

Logging:
Log output configuration:
 #0: stdout all=warning uptime,level,tags
 #1: stderr all=off uptime,level,tags

Environment Variables:
JAVA_HOME=D:\jdk-16.0.2
PATH=C:\Windows\System32;C:\Windows;C:\Windows\System32\wbem;C:\Windows\System32\WindowsPowerShell\v1.0\;C:\Windows\System32\OpenSSH\;D:\Bandzip\Bandizip\;D:\jdk\bin;D:\git\cmd;D:\maven\apache-maven-3.8.3\bin;D:\SVN\bin;C:\Program Files\Docker\Docker\resources\bin;C:\ProgramData\DockerDesktop\version-bin;D:\GnuPG\bin;D:\GnuPG\bin;D:\\sonarqube-9.7.0.61563\bin\windows-x86-64;D;\nodeJs;C:\Users\admin\node_modules\yarn\bin;D:\Xshell 7\;D:\Xftp 7\;C:\Program Files\dotnet\;D:\apache-ant-1.9.9\bin;D:\git\Git\cmd;C:\Program Files\MySQL\MySQL Shell 8.0\bin\;C:\Users\admin\AppData\Local\Microsoft\WindowsApps;D:\idea\IntelliJ IDEA Community Edition 2022.1\bin;;D:\Webstorm\WebStorm 2022.1\bin;;C:\Users\admin\node_modules\yarn\bin
USERNAME=admin
OS=Windows_NT
PROCESSOR_IDENTIFIER=Intel64 Family 6 Model 167 Stepping 1, GenuineIntel



---------------  S Y S T E M  ---------------

OS:
 Windows 10 , 64 bit Build 22621 (10.0.22621.1194)
OS uptime: 11 days 5:10 hours
Hyper-V role detected

CPU: total 12 (initial active 12) (6 cores per cpu, 2 threads per core) family 6 model 167 stepping 1 microcode 0x50, cx8, cmov, fxsr, ht, mmx, 3dnowpref, sse, sse2, sse3, ssse3, sse4.1, sse4.2, popcnt, lzcnt, tsc, tscinvbit, avx, avx2, aes, erms, clmul, bmi1, bmi2, adx, avx512f, avx512dq, avx512cd, avx512bw, avx512vl, sha, fma, vzeroupper, avx512_vpopcntdq, avx512_vpclmulqdq, avx512_vaes, avx512_vnni, clflush, clflushopt, avx512_vmbi2, avx512_vmbi, hv

Memory: 4k page, system-wide physical 16105M (2348M free)
TotalPageFile size 31465M (AvailPageFile size 9355M)
current process WorkingSet (physical memory assigned to process): 459M, peak: 479M
current process commit charge ("private bytes"): 502M, peak: 521M

vm_info: Java HotSpot(TM) 64-Bit Server VM (16.0.2+7-67) for windows-amd64 JRE (16.0.2+7-67), built on Jun  8 2021 23:24:19 by "mach5one" with MS VC++ 16.7 (VS2019)

END.
