#
# A fatal error has been detected by the Java Runtime Environment:
#
#  EXCEPTION_ACCESS_VIOLATION (0xc0000005) at pc=0x00007ff835bba358, pid=22560, tid=3032
#
# JRE version: Java(TM) SE Runtime Environment (16.0.2+7) (build 16.0.2+7-67)
# Java VM: Java HotSpot(TM) 64-Bit Server VM (16.0.2+7-67, mixed mode, sharing, tiered, compressed oops, compressed class ptrs, g1 gc, windows-amd64)
# Problematic frame:
# V  [jvm.dll+0x23a358]
#
# No core dump will be written. Minidumps are not enabled by default on client versions of Windows
#
# If you would like to submit a bug report, please visit:
#   https://bugreport.java.com/bugreport/crash.jsp
#

---------------  S U M M A R Y ------------

Command Line: -agentlib:jdwp=transport=dt_socket,address=127.0.0.1:52900,suspend=y,server=n -Dvisualgc.id=384217775525500 -javaagent:C:\Users\admin\AppData\Local\JetBrains\IntelliJIdea2022.2\captureAgent\debugger-agent.jar -Dfile.encoding=UTF-8 net.tiklab.matflow.MatFlowApplication

Host: 11th Gen Intel(R) Core(TM) i5-11400 @ 2.60GHz, 12 cores, 15G,  Windows 10 , 64 bit Build 22621 (10.0.22621.755)
Time: Tue Dec  6 20:00:23 2022  Windows 10 , 64 bit Build 22621 (10.0.22621.755) elapsed time: 1245.200403 seconds (0d 0h 20m 45s)

---------------  T H R E A D  ---------------

Current thread (0x000001facd3b5c90):  VMThread "VM Thread" [stack: 0x000000b245000000,0x000000b245100000] [id=3032]

Stack: [0x000000b245000000,0x000000b245100000],  sp=0x000000b2450fecf8,  free space=1019k
Native frames: (J=compiled Java code, j=interpreted, Vv=VM code, C=native code)
V  [jvm.dll+0x23a358]


siginfo: EXCEPTION_ACCESS_VIOLATION (0xc0000005), reading address 0x000001fadbe25a68


Register to memory mapping:

RIP=0x00007ff835bba358 jvm.dll
RAX=0x000000000000a2c0 is an unknown value
RBX=0x000001fadbe1ab88 is pointing into metadata
RCX=0x000001fadbe1b7a8 is pointing into metadata
RDX=0x0000000000000515 is an unknown value
RSP=0x000000b2450fecf8 points into unknown readable memory: 0x00007ff835bba3de | de a3 bb 35 f8 7f 00 00
RBP=0x000000b2450fee30 points into unknown readable memory: 0x0000000000000000 | 00 00 00 00 00 00 00 00
RSI=0x0 is NULL
RDI=0x000000b2450ff440 points into unknown readable memory: 0x00007ff8362b2208 | 08 22 2b 36 f8 7f 00 00
R8 =0x0 is NULL
R9 =0x000001fadbe1ab88 is pointing into metadata
R10=0x000000b2450ff440 points into unknown readable memory: 0x00007ff8362b2208 | 08 22 2b 36 f8 7f 00 00
R11=0x000001fad5d44f30 points into unknown readable memory: 0x4700000147000000 | 00 00 00 47 01 00 00 47
R12=0x00007ff835980000 jvm.dll
R13=0x000001fad5d44eb8 points into unknown readable memory: 0x00000027d55b3100 | 00 31 5b d5 27 00 00 00
R14=0x000001fadba43f2c is pointing into metadata
R15=0x0000000000000053 is an unknown value


Registers:
RAX=0x000000000000a2c0, RBX=0x000001fadbe1ab88, RCX=0x000001fadbe1b7a8, RDX=0x0000000000000515
RSP=0x000000b2450fecf8, RBP=0x000000b2450fee30, RSI=0x0000000000000000, RDI=0x000000b2450ff440
R8 =0x0000000000000000, R9 =0x000001fadbe1ab88, R10=0x000000b2450ff440, R11=0x000001fad5d44f30
R12=0x00007ff835980000, R13=0x000001fad5d44eb8, R14=0x000001fadba43f2c, R15=0x0000000000000053
RIP=0x00007ff835bba358, EFLAGS=0x0000000000010206

Top of Stack: (sp=0x000000b2450fecf8)
0x000000b2450fecf8:   00007ff835bba3de 000000b2450fed88
0x000000b2450fed08:   0000000000000000 0000000800410068
0x000000b2450fed18:   0000000000000000 000000b2450ff2b0
0x000000b2450fed28:   00007ff835cacf44 0000000000000001
0x000000b2450fed38:   0000000000000000 0000000000000000
0x000000b2450fed48:   000001faceaae928 0000000004451358
0x000000b2450fed58:   00007ff835b90232 0000000800416470
0x000000b2450fed68:   00007ff80000000e 0000000000000000
0x000000b2450fed78:   000000b2450fedd0 0000000000000002
0x000000b2450fed88:   0000000800416470 0000001500000014
0x000000b2450fed98:   0000000000000015 000000030000000e
0x000000b2450feda8:   0000000800410068 0000000000000000
0x000000b2450fedb8:   0000000000000000 0000000040000000
0x000000b2450fedc8:   0000000000000000 4fffffff4fffffff
0x000000b2450fedd8:   000000002fffffff 0000000000000000
0x000000b2450fede8:   0000000000000000 0000000000000000 

Instructions: (pc=0x00007ff835bba358)
0x00007ff835bba258:   03 03 03 03 03 03 03 03 03 03 03 03 03 03 03 03
0x00007ff835bba268:   03 03 03 03 03 03 03 03 03 03 03 03 03 03 03 03
0x00007ff835bba278:   03 03 03 03 03 03 03 03 03 03 03 03 03 03 03 03
0x00007ff835bba288:   03 03 03 03 03 03 03 03 03 03 03 03 03 03 03 03
0x00007ff835bba298:   03 03 03 02 03 03 02 cc 48 89 5c 24 08 48 89 74
0x00007ff835bba2a8:   24 10 57 48 83 ec 20 48 63 da 41 0f b6 f0 48 8b
0x00007ff835bba2b8:   f9 85 d2 79 24 4c 8d 0d 0c 95 69 00 ba b4 02 00
0x00007ff835bba2c8:   00 4c 8d 05 38 95 69 00 48 8d 0d a1 94 69 00 e8
0x00007ff835bba2d8:   64 88 00 00 e8 5f da 42 00 40 84 f6 75 18 48 8b
0x00007ff835bba2e8:   4f 10 48 85 c9 74 0f 48 8d 43 01 48 c1 e0 05 48
0x00007ff835bba2f8:   8b 04 08 0f b7 d8 48 8b 74 24 38 48 63 c3 48 8b
0x00007ff835bba308:   5c 24 30 0f b7 44 c7 48 48 83 c4 20 5f c3 cc cc
0x00007ff835bba318:   cc cc cc cc cc cc cc cc 4c 8b c9 45 84 c0 75 41
0x00007ff835bba328:   48 8b 49 10 48 85 c9 74 38 85 d2 79 19 f7 d2 8b
0x00007ff835bba338:   c2 48 ff c0 48 c1 e0 05 48 8b 04 08 0f b7 c8 41
0x00007ff835bba348:   0f b7 44 c9 4a c3 48 63 c2 48 ff c0 48 c1 e0 05
0x00007ff835bba358:   48 8b 04 08 0f b7 d0 48 63 c2 41 0f b7 44 c1 4a
0x00007ff835bba368:   c3 49 8b 41 08 4c 63 c2 42 0f b6 44 00 04 8d 48
0x00007ff835bba378:   ef 80 f9 01 76 0e 3c 6a 74 0a 48 63 c2 41 0f b7
0x00007ff835bba388:   44 c1 4a c3 43 0f b7 44 c1 4a c3 cc cc cc cc cc
0x00007ff835bba398:   cc cc cc cc cc cc cc cc 40 53 48 83 ec 20 48 8b
0x00007ff835bba3a8:   d9 e8 72 ff ff ff 48 63 d0 0f b7 44 d3 48 48 8b
0x00007ff835bba3b8:   44 c3 48 48 83 c4 20 5b c3 cc cc cc cc cc cc cc
0x00007ff835bba3c8:   cc cc cc cc cc cc cc cc 40 53 48 83 ec 20 48 8b
0x00007ff835bba3d8:   d9 e8 42 ff ff ff 48 63 d0 0f b7 44 d3 4a 48 8b
0x00007ff835bba3e8:   44 c3 48 48 83 c4 20 5b c3 cc cc cc cc cc cc cc
0x00007ff835bba3f8:   cc cc cc cc cc cc cc cc 4c 8b d1 45 84 c9 75 28
0x00007ff835bba408:   4c 8b 49 10 4d 85 c9 74 1f 45 85 c0 79 08 41 f7
0x00007ff835bba418:   d0 41 8b c0 eb 03 49 63 c0 48 ff c0 48 c1 e0 05
0x00007ff835bba428:   4a 8b 04 08 44 0f b7 c0 49 8b 42 08 49 63 c8 0f
0x00007ff835bba438:   b6 4c 08 04 48 8b c2 88 0a c3 cc cc cc cc cc cc
0x00007ff835bba448:   cc cc cc cc cc cc cc cc 40 56 57 41 54 41 56 41 


Stack slot to memory mapping:
stack at sp + 0 slots: 0x00007ff835bba3de jvm.dll
stack at sp + 1 slots: 0x000000b2450fed88 points into unknown readable memory: 0x0000000800416470 | 70 64 41 00 08 00 00 00
stack at sp + 2 slots: 0x0 is NULL
stack at sp + 3 slots: 0x0000000800410068 is pointing into metadata
stack at sp + 4 slots: 0x0 is NULL
stack at sp + 5 slots: 0x000000b2450ff2b0 points into unknown readable memory: 0x000001fadbd76400 | 00 64 d7 db fa 01 00 00
stack at sp + 6 slots: 0x00007ff835cacf44 jvm.dll
stack at sp + 7 slots: 0x0000000000000001 is an unknown value

VM_Operation (0x000000b245cff0c0): get/set locals, mode: safepoint, requested by thread 0x000001facde38ef0


---------------  P R O C E S S  ---------------

Threads class SMR info:
_java_thread_list=0x000001fad93156b0, length=62, elements={
0x000001facd3bc6a0, 0x000001facd3bd1b0, 0x000001facdc64ae0, 0x000001facdc653f0,
0x000001facdc66110, 0x000001facdc66a20, 0x000001facdc6f670, 0x000001facdc74390,
0x000001facdc79920, 0x000001facd39e290, 0x000001facde38ef0, 0x000001facdee6220,
0x000001facdee6760, 0x000001facde9cc50, 0x000001fad376b7e0, 0x000001fad376c7d0,
0x000001fad376a7f0, 0x000001fad376c280, 0x000001fad376d270, 0x000001fad376ad40,
0x000001fad376b290, 0x000001fad9c71200, 0x000001fad9c6d240, 0x000001fad9c6ccf0,
0x000001fad9c6e780, 0x000001fad9c6d790, 0x000001fad9c6c250, 0x000001fad9c6ad10,
0x000001fad9c6dce0, 0x000001fad9c71ca0, 0x000001fad9c6e230, 0x000001fad9c71750,
0x000001fad9c6bd00, 0x000001fad9c6fcc0, 0x000001fad9c6b260, 0x000001fad9c6ecd0,
0x000001fad9c6f220, 0x000001fad9c70210, 0x000001fad9c6a7c0, 0x000001fad9c70760,
0x000001fad9c6b7b0, 0x000001fad9c6f770, 0x000001fad9c70cb0, 0x000001fad9c721f0,
0x000001fad859c830, 0x000001fad859b840, 0x000001fad859a300, 0x000001fad859b2f0,
0x000001fad859cd80, 0x000001fad859bd90, 0x000001fad859ada0, 0x000001fad859c2e0,
0x000001fad859a850, 0x000001fad3c82860, 0x000001fad3c83850, 0x000001fad3c83300,
0x000001fad3c7fde0, 0x000001fad3c83da0, 0x000001fad3c7f890, 0x000001fad3c852e0,
0x000001fad5433250, 0x000001fad5431d10
}

Java Threads: ( => current thread )
  0x000001facd3bc6a0 JavaThread "Reference Handler" daemon [_thread_blocked, id=23172, stack(0x000000b245100000,0x000000b245200000)]
  0x000001facd3bd1b0 JavaThread "Finalizer" daemon [_thread_blocked, id=18276, stack(0x000000b245200000,0x000000b245300000)]
  0x000001facdc64ae0 JavaThread "Signal Dispatcher" daemon [_thread_blocked, id=2328, stack(0x000000b245300000,0x000000b245400000)]
  0x000001facdc653f0 JavaThread "Attach Listener" daemon [_thread_blocked, id=20928, stack(0x000000b245400000,0x000000b245500000)]
  0x000001facdc66110 JavaThread "Service Thread" daemon [_thread_blocked, id=7584, stack(0x000000b245500000,0x000000b245600000)]
  0x000001facdc66a20 JavaThread "Monitor Deflation Thread" daemon [_thread_blocked, id=21764, stack(0x000000b245600000,0x000000b245700000)]
  0x000001facdc6f670 JavaThread "C2 CompilerThread0" daemon [_thread_blocked, id=13076, stack(0x000000b245700000,0x000000b245800000)]
  0x000001facdc74390 JavaThread "C1 CompilerThread0" daemon [_thread_blocked, id=24436, stack(0x000000b245800000,0x000000b245900000)]
  0x000001facdc79920 JavaThread "Sweeper thread" daemon [_thread_blocked, id=7876, stack(0x000000b245900000,0x000000b245a00000)]
  0x000001facd39e290 JavaThread "Common-Cleaner" daemon [_thread_blocked, id=23844, stack(0x000000b245a00000,0x000000b245b00000)]
  0x000001facde38ef0 JavaThread "JDWP Transport Listener: dt_socket" daemon [_thread_blocked, id=13592, stack(0x000000b245c00000,0x000000b245d00000)]
  0x000001facdee6220 JavaThread "JDWP Event Helper Thread" daemon [_thread_blocked, id=16532, stack(0x000000b245d00000,0x000000b245e00000)]
  0x000001facdee6760 JavaThread "JDWP Command Reader" daemon [_thread_in_native, id=24236, stack(0x000000b245e00000,0x000000b245f00000)]
  0x000001facde9cc50 JavaThread "Notification Thread" daemon [_thread_blocked, id=9504, stack(0x000000b245f00000,0x000000b246000000)]
  0x000001fad376b7e0 JavaThread "mysql-cj-abandoned-connection-cleanup" daemon [_thread_blocked, id=23016, stack(0x000000b246d00000,0x000000b246e00000)]
  0x000001fad376c7d0 JavaThread "Catalina-utility-1" [_thread_blocked, id=11048, stack(0x000000b246e00000,0x000000b246f00000)]
  0x000001fad376a7f0 JavaThread "Catalina-utility-2" [_thread_blocked, id=21436, stack(0x000000b246f00000,0x000000b247000000)]
  0x000001fad376c280 JavaThread "container-0" [_thread_blocked, id=11724, stack(0x000000b247000000,0x000000b247100000)]
  0x000001fad376d270 JavaThread "Timer-0" daemon [_thread_blocked, id=22136, stack(0x000000b247100000,0x000000b247200000)]
  0x000001fad376ad40 JavaThread "DefaultQuartzScheduler_Worker-1" [_thread_blocked, id=19156, stack(0x000000b247200000,0x000000b247300000)]
  0x000001fad376b290 JavaThread "DefaultQuartzScheduler_Worker-2" [_thread_blocked, id=8060, stack(0x000000b247300000,0x000000b247400000)]
  0x000001fad9c71200 JavaThread "DefaultQuartzScheduler_Worker-3" [_thread_blocked, id=10304, stack(0x000000b247400000,0x000000b247500000)]
  0x000001fad9c6d240 JavaThread "DefaultQuartzScheduler_Worker-4" [_thread_blocked, id=21988, stack(0x000000b247500000,0x000000b247600000)]
  0x000001fad9c6ccf0 JavaThread "DefaultQuartzScheduler_Worker-5" [_thread_blocked, id=17148, stack(0x000000b247600000,0x000000b247700000)]
  0x000001fad9c6e780 JavaThread "DefaultQuartzScheduler_Worker-6" [_thread_blocked, id=7352, stack(0x000000b247700000,0x000000b247800000)]
  0x000001fad9c6d790 JavaThread "DefaultQuartzScheduler_Worker-7" [_thread_blocked, id=18748, stack(0x000000b247800000,0x000000b247900000)]
  0x000001fad9c6c250 JavaThread "DefaultQuartzScheduler_Worker-8" [_thread_blocked, id=22444, stack(0x000000b247900000,0x000000b247a00000)]
  0x000001fad9c6ad10 JavaThread "DefaultQuartzScheduler_Worker-9" [_thread_blocked, id=23652, stack(0x000000b247a00000,0x000000b247b00000)]
  0x000001fad9c6dce0 JavaThread "DefaultQuartzScheduler_Worker-10" [_thread_blocked, id=1852, stack(0x000000b247b00000,0x000000b247c00000)]
  0x000001fad9c71ca0 JavaThread "DefaultQuartzScheduler_QuartzSchedulerThread" [_thread_blocked, id=19184, stack(0x000000b247c00000,0x000000b247d00000)]
  0x000001fad9c6e230 JavaThread "quartzScheduler_Worker-1" [_thread_blocked, id=11936, stack(0x000000b247d00000,0x000000b247e00000)]
  0x000001fad9c71750 JavaThread "quartzScheduler_Worker-2" [_thread_blocked, id=15480, stack(0x000000b247e00000,0x000000b247f00000)]
  0x000001fad9c6bd00 JavaThread "quartzScheduler_Worker-3" [_thread_blocked, id=22284, stack(0x000000b247f00000,0x000000b248000000)]
  0x000001fad9c6fcc0 JavaThread "quartzScheduler_Worker-4" [_thread_blocked, id=3992, stack(0x000000b248000000,0x000000b248100000)]
  0x000001fad9c6b260 JavaThread "quartzScheduler_Worker-5" [_thread_blocked, id=24472, stack(0x000000b248100000,0x000000b248200000)]
  0x000001fad9c6ecd0 JavaThread "quartzScheduler_Worker-6" [_thread_blocked, id=13440, stack(0x000000b248200000,0x000000b248300000)]
  0x000001fad9c6f220 JavaThread "quartzScheduler_Worker-7" [_thread_blocked, id=13680, stack(0x000000b248300000,0x000000b248400000)]
  0x000001fad9c70210 JavaThread "quartzScheduler_Worker-8" [_thread_blocked, id=21824, stack(0x000000b248400000,0x000000b248500000)]
  0x000001fad9c6a7c0 JavaThread "quartzScheduler_Worker-9" [_thread_blocked, id=24312, stack(0x000000b248500000,0x000000b248600000)]
  0x000001fad9c70760 JavaThread "quartzScheduler_Worker-10" [_thread_blocked, id=8224, stack(0x000000b248600000,0x000000b248700000)]
  0x000001fad9c6b7b0 JavaThread "quartzScheduler_QuartzSchedulerThread" [_thread_blocked, id=8984, stack(0x000000b248700000,0x000000b248800000)]
  0x000001fad9c6f770 JavaThread "http-nio-8080-Poller" daemon [_thread_in_native, id=13880, stack(0x000000b248800000,0x000000b248900000)]
  0x000001fad9c70cb0 JavaThread "http-nio-8080-Acceptor" daemon [_thread_in_native, id=16156, stack(0x000000b248900000,0x000000b248a00000)]
  0x000001fad9c721f0 JavaThread "pool-2-thread-1" [_thread_blocked, id=23884, stack(0x000000b248a00000,0x000000b248b00000)]
  0x000001fad859c830 JavaThread "DestroyJavaVM" [_thread_blocked, id=24476, stack(0x000000b244a00000,0x000000b244b00000)]
  0x000001fad859b840 JavaThread "http-nio-8080-exec-1" daemon [_thread_blocked, id=11900, stack(0x000000b248b00000,0x000000b248c00000)]
  0x000001fad859a300 JavaThread "http-nio-8080-exec-2" daemon [_thread_blocked, id=22240, stack(0x000000b248c00000,0x000000b248d00000)]
  0x000001fad859b2f0 JavaThread "http-nio-8080-exec-3" daemon [_thread_blocked, id=22276, stack(0x000000b248d00000,0x000000b248e00000)]
  0x000001fad859cd80 JavaThread "http-nio-8080-exec-4" daemon [_thread_blocked, id=23288, stack(0x000000b245b00000,0x000000b245c00000)]
  0x000001fad859bd90 JavaThread "http-nio-8080-exec-5" daemon [_thread_blocked, id=15776, stack(0x000000b248f00000,0x000000b249000000)]
  0x000001fad859ada0 JavaThread "http-nio-8080-exec-6" daemon [_thread_blocked, id=23664, stack(0x000000b249000000,0x000000b249100000)]
  0x000001fad859c2e0 JavaThread "http-nio-8080-exec-7" daemon [_thread_blocked, id=16484, stack(0x000000b249100000,0x000000b249200000)]
  0x000001fad859a850 JavaThread "http-nio-8080-exec-8" daemon [_thread_blocked, id=14176, stack(0x000000b249200000,0x000000b249300000)]
  0x000001fad3c82860 JavaThread "http-nio-8080-exec-9" daemon [_thread_blocked, id=6236, stack(0x000000b249300000,0x000000b249400000)]
  0x000001fad3c83850 JavaThread "http-nio-8080-exec-10" daemon [_thread_blocked, id=8824, stack(0x000000b249400000,0x000000b249500000)]
  0x000001fad3c83300 JavaThread "MySQL Statement Cancellation Timer" daemon [_thread_blocked, id=18940, stack(0x000000b248e00000,0x000000b248f00000)]
  0x000001fad3c7fde0 JavaThread "MySQL Statement Cancellation Timer" daemon [_thread_blocked, id=12836, stack(0x000000b249600000,0x000000b249700000)]
  0x000001fad3c83da0 JavaThread "MySQL Statement Cancellation Timer" daemon [_thread_blocked, id=6884, stack(0x000000b249700000,0x000000b249800000)]
  0x000001fad3c7f890 JavaThread "MySQL Statement Cancellation Timer" daemon [_thread_blocked, id=10692, stack(0x000000b249800000,0x000000b249900000)]
  0x000001fad3c852e0 JavaThread "MySQL Statement Cancellation Timer" daemon [_thread_blocked, id=15632, stack(0x000000b244700000,0x000000b244800000)]
  0x000001fad5433250 JavaThread "MySQL Statement Cancellation Timer" daemon [_thread_blocked, id=6316, stack(0x000000b244800000,0x000000b244900000)]
  0x000001fad5431d10 JavaThread "MySQL Statement Cancellation Timer" daemon [_thread_blocked, id=20204, stack(0x000000b244900000,0x000000b244a00000)]

Other Threads:
=>0x000001facd3b5c90 VMThread "VM Thread" [stack: 0x000000b245000000,0x000000b245100000] [id=3032]
  0x000001facde760b0 WatcherThread [stack: 0x000000b246000000,0x000000b246100000] [id=7900]
  0x000001faa85b6580 GCTaskThread "GC Thread#0" [stack: 0x000000b244b00000,0x000000b244c00000] [id=24444]
  0x000001facf8e0c90 GCTaskThread "GC Thread#1" [stack: 0x000000b246200000,0x000000b246300000] [id=15576]
  0x000001facf098fe0 GCTaskThread "GC Thread#2" [stack: 0x000000b246300000,0x000000b246400000] [id=8088]
  0x000001facf1d5c50 GCTaskThread "GC Thread#3" [stack: 0x000000b246400000,0x000000b246500000] [id=15732]
  0x000001faceec8940 GCTaskThread "GC Thread#4" [stack: 0x000000b246500000,0x000000b246600000] [id=24524]
  0x000001facf03f560 GCTaskThread "GC Thread#5" [stack: 0x000000b246600000,0x000000b246700000] [id=15092]
  0x000001face8e1e30 GCTaskThread "GC Thread#6" [stack: 0x000000b246700000,0x000000b246800000] [id=10628]
  0x000001face8e2550 GCTaskThread "GC Thread#7" [stack: 0x000000b246800000,0x000000b246900000] [id=16820]
  0x000001face8e2860 GCTaskThread "GC Thread#8" [stack: 0x000000b246900000,0x000000b246a00000] [id=24140]
  0x000001facef44c20 GCTaskThread "GC Thread#9" [stack: 0x000000b246a00000,0x000000b246b00000] [id=16752]
  0x000001faa85c7110 ConcurrentGCThread "G1 Main Marker" [stack: 0x000000b244c00000,0x000000b244d00000] [id=23636]
  0x000001faa85c7c70 ConcurrentGCThread "G1 Conc#0" [stack: 0x000000b244d00000,0x000000b244e00000] [id=24400]
  0x000001fad228e250 ConcurrentGCThread "G1 Conc#1" [stack: 0x000000b246b00000,0x000000b246c00000] [id=17132]
  0x000001fad228e560 ConcurrentGCThread "G1 Conc#2" [stack: 0x000000b246c00000,0x000000b246d00000] [id=6828]
  0x000001faa860e070 ConcurrentGCThread "G1 Refine#0" [stack: 0x000000b244e00000,0x000000b244f00000] [id=15928]
  0x000001faa860ea80 ConcurrentGCThread "G1 Service" [stack: 0x000000b244f00000,0x000000b245000000] [id=14688]

Threads with active compile tasks:

VM state: at safepoint (normal execution)

VM Mutex/Monitor currently owned by a thread:  ([mutex/lock_event])
[0x000001faa855d7c0] Threads_lock - owner thread: 0x000001facd3b5c90

Heap address: 0x0000000704400000, size: 4028 MB, Compressed Oops mode: Zero based, Oop shift amount: 3

CDS archive(s) mapped at: [0x0000000800000000-0x0000000800bb0000-0x0000000800bb0000), size 12255232, SharedBaseAddress: 0x0000000800000000, ArchiveRelocationMode: 0.
Compressed class space mapped at: 0x0000000800c00000-0x0000000840c00000, reserved size: 1073741824
Narrow klass base: 0x0000000800000000, Narrow klass shift: 3, Narrow klass range: 0x100000000

GC Precious Log:
 CPUs: 12 total, 12 available
 Memory: 16105M
 Large Page Support: Disabled
 NUMA Support: Disabled
 Compressed Oops: Enabled (Zero based)
 Heap Region Size: 2M
 Heap Min Capacity: 8M
 Heap Initial Capacity: 252M
 Heap Max Capacity: 4028M
 Pre-touch: Disabled
 Parallel Workers: 10
 Concurrent Workers: 3
 Concurrent Refinement Workers: 10
 Periodic GC: Disabled

Heap:
 garbage-first heap   total 147456K, used 113041K [0x0000000704400000, 0x0000000800000000)
  region size 2048K, 33 young (67584K), 1 survivors (2048K)
 Metaspace       used 70148K, committed 71296K, reserved 1114112K
  class space    used 7484K, committed 8128K, reserved 1048576K

Heap Regions: E=young(eden), S=young(survivor), O=old, HS=humongous(starts), HC=humongous(continues), CS=collection set, F=free, OA=open archive, CA=closed archive, TAMS=top-at-mark-start (previous, next)
|   0|0x0000000704400000, 0x0000000704600000, 0x0000000704600000|100%| O|  |TAMS 0x0000000704600000, 0x0000000704400000| Untracked 
|   1|0x0000000704600000, 0x0000000704800000, 0x0000000704800000|100%| O|  |TAMS 0x0000000704800000, 0x0000000704600000| Untracked 
|   2|0x0000000704800000, 0x0000000704a00000, 0x0000000704a00000|100%| O|  |TAMS 0x0000000704a00000, 0x0000000704800000| Untracked 
|   3|0x0000000704a00000, 0x0000000704bcde00, 0x0000000704c00000| 90%| O|  |TAMS 0x0000000704bcde00, 0x0000000704a00000| Untracked 
|   4|0x0000000704c00000, 0x0000000704e00000, 0x0000000704e00000|100%| O|  |TAMS 0x0000000704e00000, 0x0000000704c00000| Untracked 
|   5|0x0000000704e00000, 0x0000000705000000, 0x0000000705000000|100%| O|  |TAMS 0x0000000705000000, 0x0000000704e00000| Untracked 
|   6|0x0000000705000000, 0x0000000705200000, 0x0000000705200000|100%| O|  |TAMS 0x0000000705200000, 0x0000000705000000| Untracked 
|   7|0x0000000705200000, 0x0000000705400000, 0x0000000705400000|100%| O|  |TAMS 0x0000000705400000, 0x0000000705200000| Untracked 
|   8|0x0000000705400000, 0x0000000705600000, 0x0000000705600000|100%| O|  |TAMS 0x0000000705600000, 0x0000000705400000| Untracked 
|   9|0x0000000705600000, 0x0000000705800000, 0x0000000705800000|100%| O|  |TAMS 0x0000000705800000, 0x0000000705600000| Untracked 
|  10|0x0000000705800000, 0x0000000705a00000, 0x0000000705a00000|100%| O|  |TAMS 0x0000000705a00000, 0x0000000705800000| Untracked 
|  11|0x0000000705a00000, 0x0000000705c00000, 0x0000000705c00000|100%| O|  |TAMS 0x0000000705c00000, 0x0000000705a00000| Untracked 
|  12|0x0000000705c00000, 0x0000000705e00000, 0x0000000705e00000|100%| O|  |TAMS 0x0000000705e00000, 0x0000000705c00000| Untracked 
|  13|0x0000000705e00000, 0x0000000706000000, 0x0000000706000000|100%| O|  |TAMS 0x0000000706000000, 0x0000000705e00000| Untracked 
|  14|0x0000000706000000, 0x0000000706200000, 0x0000000706200000|100%| O|  |TAMS 0x0000000706200000, 0x0000000706000000| Untracked 
|  15|0x0000000706200000, 0x0000000706400000, 0x0000000706400000|100%| O|  |TAMS 0x0000000706400000, 0x0000000706200000| Untracked 
|  16|0x0000000706400000, 0x0000000706600000, 0x0000000706600000|100%| O|  |TAMS 0x0000000706600000, 0x0000000706400000| Untracked 
|  17|0x0000000706600000, 0x0000000706800000, 0x0000000706800000|100%| O|  |TAMS 0x0000000706800000, 0x0000000706600000| Untracked 
|  18|0x0000000706800000, 0x0000000706a00000, 0x0000000706a00000|100%| O|  |TAMS 0x0000000706813200, 0x0000000706800000| Untracked 
|  19|0x0000000706a00000, 0x0000000706c00000, 0x0000000706c00000|100%| O|  |TAMS 0x0000000706a00000, 0x0000000706a00000| Untracked 
|  20|0x0000000706c00000, 0x0000000706e00000, 0x0000000706e00000|100%| O|  |TAMS 0x0000000706c00000, 0x0000000706c00000| Untracked 
|  21|0x0000000706e00000, 0x0000000707000000, 0x0000000707000000|100%| O|  |TAMS 0x0000000706e00000, 0x0000000706e00000| Untracked 
|  22|0x0000000707000000, 0x0000000707200000, 0x0000000707200000|100%| O|  |TAMS 0x0000000707000000, 0x0000000707000000| Untracked 
|  23|0x0000000707200000, 0x0000000707400000, 0x0000000707400000|100%| O|  |TAMS 0x0000000707200000, 0x0000000707200000| Untracked 
|  24|0x0000000707400000, 0x0000000707600000, 0x0000000707600000|100%| O|  |TAMS 0x0000000707400000, 0x0000000707400000| Untracked 
|  25|0x0000000707600000, 0x0000000707679c00, 0x0000000707800000| 23%| O|  |TAMS 0x0000000707600000, 0x0000000707600000| Untracked 
|  26|0x0000000707800000, 0x0000000707800000, 0x0000000707a00000|  0%| F|  |TAMS 0x0000000707800000, 0x0000000707800000| Untracked 
|  27|0x0000000707a00000, 0x0000000707a00000, 0x0000000707c00000|  0%| F|  |TAMS 0x0000000707a00000, 0x0000000707a00000| Untracked 
|  28|0x0000000707c00000, 0x0000000707c00000, 0x0000000707e00000|  0%| F|  |TAMS 0x0000000707c00000, 0x0000000707c00000| Untracked 
|  29|0x0000000707e00000, 0x0000000707e00000, 0x0000000708000000|  0%| F|  |TAMS 0x0000000707e00000, 0x0000000707e00000| Untracked 
|  30|0x0000000708000000, 0x0000000708000000, 0x0000000708200000|  0%| F|  |TAMS 0x0000000708000000, 0x0000000708000000| Untracked 
|  31|0x0000000708200000, 0x0000000708200000, 0x0000000708400000|  0%| F|  |TAMS 0x0000000708200000, 0x0000000708200000| Untracked 
|  32|0x0000000708400000, 0x0000000708400000, 0x0000000708600000|  0%| F|  |TAMS 0x0000000708400000, 0x0000000708400000| Untracked 
|  33|0x0000000708600000, 0x0000000708600000, 0x0000000708800000|  0%| F|  |TAMS 0x0000000708600000, 0x0000000708600000| Untracked 
|  34|0x0000000708800000, 0x000000070881ca00, 0x0000000708a00000|  5%| S|CS|TAMS 0x0000000708800000, 0x0000000708800000| Complete 
|  35|0x0000000708a00000, 0x0000000708a00000, 0x0000000708c00000|  0%| F|  |TAMS 0x0000000708a00000, 0x0000000708a00000| Untracked 
|  36|0x0000000708c00000, 0x0000000708c00000, 0x0000000708e00000|  0%| F|  |TAMS 0x0000000708c00000, 0x0000000708c00000| Untracked 
|  37|0x0000000708e00000, 0x0000000708e00000, 0x0000000709000000|  0%| F|  |TAMS 0x0000000708e00000, 0x0000000708e00000| Untracked 
|  38|0x0000000709000000, 0x0000000709000000, 0x0000000709200000|  0%| F|  |TAMS 0x0000000709000000, 0x0000000709000000| Untracked 
|  39|0x0000000709200000, 0x0000000709200000, 0x0000000709400000|  0%| F|  |TAMS 0x0000000709200000, 0x0000000709200000| Untracked 
|  40|0x0000000709400000, 0x000000070946aa58, 0x0000000709600000| 20%| E|  |TAMS 0x0000000709400000, 0x0000000709400000| Complete 
|  41|0x0000000709600000, 0x0000000709800000, 0x0000000709800000|100%| E|  |TAMS 0x0000000709600000, 0x0000000709600000| Complete 
|  42|0x0000000709800000, 0x0000000709a00000, 0x0000000709a00000|100%| E|CS|TAMS 0x0000000709800000, 0x0000000709800000| Complete 
|  43|0x0000000709a00000, 0x0000000709c00000, 0x0000000709c00000|100%| E|CS|TAMS 0x0000000709a00000, 0x0000000709a00000| Complete 
|  44|0x0000000709c00000, 0x0000000709e00000, 0x0000000709e00000|100%| E|CS|TAMS 0x0000000709c00000, 0x0000000709c00000| Complete 
|  45|0x0000000709e00000, 0x000000070a000000, 0x000000070a000000|100%| E|CS|TAMS 0x0000000709e00000, 0x0000000709e00000| Complete 
|  46|0x000000070a000000, 0x000000070a200000, 0x000000070a200000|100%| E|CS|TAMS 0x000000070a000000, 0x000000070a000000| Complete 
|  47|0x000000070a200000, 0x000000070a400000, 0x000000070a400000|100%| E|CS|TAMS 0x000000070a200000, 0x000000070a200000| Complete 
|  48|0x000000070a400000, 0x000000070a600000, 0x000000070a600000|100%| E|CS|TAMS 0x000000070a400000, 0x000000070a400000| Complete 
|  49|0x000000070a600000, 0x000000070a800000, 0x000000070a800000|100%| E|CS|TAMS 0x000000070a600000, 0x000000070a600000| Complete 
|  50|0x000000070a800000, 0x000000070aa00000, 0x000000070aa00000|100%| E|CS|TAMS 0x000000070a800000, 0x000000070a800000| Complete 
|  51|0x000000070aa00000, 0x000000070ac00000, 0x000000070ac00000|100%| E|CS|TAMS 0x000000070aa00000, 0x000000070aa00000| Complete 
|  52|0x000000070ac00000, 0x000000070ae00000, 0x000000070ae00000|100%| E|CS|TAMS 0x000000070ac00000, 0x000000070ac00000| Complete 
|  53|0x000000070ae00000, 0x000000070b000000, 0x000000070b000000|100%| E|CS|TAMS 0x000000070ae00000, 0x000000070ae00000| Complete 
|  54|0x000000070b000000, 0x000000070b200000, 0x000000070b200000|100%| E|CS|TAMS 0x000000070b000000, 0x000000070b000000| Complete 
|  55|0x000000070b200000, 0x000000070b400000, 0x000000070b400000|100%| E|CS|TAMS 0x000000070b200000, 0x000000070b200000| Complete 
|  56|0x000000070b400000, 0x000000070b600000, 0x000000070b600000|100%| E|CS|TAMS 0x000000070b400000, 0x000000070b400000| Complete 
|  57|0x000000070b600000, 0x000000070b800000, 0x000000070b800000|100%| E|CS|TAMS 0x000000070b600000, 0x000000070b600000| Complete 
|  58|0x000000070b800000, 0x000000070ba00000, 0x000000070ba00000|100%| E|CS|TAMS 0x000000070b800000, 0x000000070b800000| Complete 
|  59|0x000000070ba00000, 0x000000070bc00000, 0x000000070bc00000|100%| E|CS|TAMS 0x000000070ba00000, 0x000000070ba00000| Complete 
|  60|0x000000070bc00000, 0x000000070be00000, 0x000000070be00000|100%| E|CS|TAMS 0x000000070bc00000, 0x000000070bc00000| Complete 
|  61|0x000000070be00000, 0x000000070c000000, 0x000000070c000000|100%| E|CS|TAMS 0x000000070be00000, 0x000000070be00000| Complete 
|  62|0x000000070c000000, 0x000000070c200000, 0x000000070c200000|100%| E|CS|TAMS 0x000000070c000000, 0x000000070c000000| Complete 
|  63|0x000000070c200000, 0x000000070c400000, 0x000000070c400000|100%| E|CS|TAMS 0x000000070c200000, 0x000000070c200000| Complete 
|  64|0x000000070c400000, 0x000000070c600000, 0x000000070c600000|100%| E|CS|TAMS 0x000000070c400000, 0x000000070c400000| Complete 
|  65|0x000000070c600000, 0x000000070c800000, 0x000000070c800000|100%| E|CS|TAMS 0x000000070c600000, 0x000000070c600000| Complete 
|  82|0x000000070e800000, 0x000000070ea00000, 0x000000070ea00000|100%| E|CS|TAMS 0x000000070e800000, 0x000000070e800000| Complete 
|  83|0x000000070ea00000, 0x000000070ec00000, 0x000000070ec00000|100%| E|CS|TAMS 0x000000070ea00000, 0x000000070ea00000| Complete 
|  84|0x000000070ec00000, 0x000000070ee00000, 0x000000070ee00000|100%| E|CS|TAMS 0x000000070ec00000, 0x000000070ec00000| Complete 
|  85|0x000000070ee00000, 0x000000070f000000, 0x000000070f000000|100%| E|CS|TAMS 0x000000070ee00000, 0x000000070ee00000| Complete 
|  86|0x000000070f000000, 0x000000070f200000, 0x000000070f200000|100%| E|CS|TAMS 0x000000070f000000, 0x000000070f000000| Complete 
| 125|0x0000000713e00000, 0x0000000714000000, 0x0000000714000000|100%| E|CS|TAMS 0x0000000713e00000, 0x0000000713e00000| Complete 

Card table byte_map: [0x000001fac1900000,0x000001fac20e0000] _byte_map_base: 0x000001fabe0de000

Marking Bits (Prev, Next): (CMBitMap*) 0x000001faa85b6b40, (CMBitMap*) 0x000001faa85b6b00
 Prev Bits: [0x000001fac67b0000, 0x000001faca6a0000)
 Next Bits: [0x000001fac28c0000, 0x000001fac67b0000)

Polling page: 0x000001faa8610000

Metaspace:

Usage:
  Non-class:     61.20 MB used.
      Class:      7.31 MB used.
       Both:     68.50 MB used.

Virtual space:
  Non-class space:       64.00 MB reserved,      61.69 MB ( 96%) committed,  8 nodes.
      Class space:        1.00 GB reserved,       7.94 MB ( <1%) committed,  1 nodes.
              Both:        1.06 GB reserved,      69.62 MB (  6%) committed. 

Chunk freelists:
   Non-Class:  1.88 MB
       Class:  3.94 MB
        Both:  5.82 MB

MaxMetaspaceSize: 17179869184.00 GB
CompressedClassSpaceSize: 1.00 GB
 - commit_granule_bytes: 65536.
 - commit_granule_words: 8192.
 - virtual_space_node_default_size: 1048576.
 - enlarge_chunks_in_place: 1.
 - new_chunks_are_fully_committed: 0.
 - uncommit_free_chunks: 1.
 - use_allocation_guard: 0.
 - handle_deallocations: 1.


Internal statistics:

num_allocs_failed_limit: 9.
num_arena_births: 2418.
num_arena_deaths: 0.
num_vsnodes_births: 9.
num_vsnodes_deaths: 0.
num_space_committed: 1113.
num_space_uncommitted: 0.
num_chunks_returned_to_freelist: 9.
num_chunks_taken_from_freelist: 6184.
num_chunk_merges: 9.
num_chunk_splits: 3528.
num_chunks_enlarged: 1689.
num_purges: 0.

CodeHeap 'non-profiled nmethods': size=120000Kb used=14370Kb max_used=14370Kb free=105630Kb
 bounds [0x000001fab8f60000, 0x000001fab9d70000, 0x000001fac0490000]
CodeHeap 'profiled nmethods': size=120000Kb used=24584Kb max_used=26091Kb free=95415Kb
 bounds [0x000001fab1a30000, 0x000001fab33b0000, 0x000001fab8f60000]
CodeHeap 'non-nmethods': size=5760Kb used=1394Kb max_used=1468Kb free=4365Kb
 bounds [0x000001fab1490000, 0x000001fab1700000, 0x000001fab1a30000]
 total_blobs=12596 nmethods=11965 adapters=542
 compilation: enabled
              stopped_count=0, restarted_count=0
 full_count=0

Compilation events (20 events):
Event: 1222.029 Thread 0x000001facdc6f670 15036       4       java.lang.StringCoding::encodeUTF8_UTF16 (369 bytes)
Event: 1222.030 Thread 0x000001facdc74390 15037       3       java.time.temporal.ValueRange::isValidValue (24 bytes)
Event: 1222.030 Thread 0x000001facdc74390 nmethod 15037 0x000001fab277e710 code [0x000001fab277e8c0, 0x000001fab277ea98]
Event: 1222.030 Thread 0x000001facdc74390 15038       1       org.springframework.scheduling.support.CronField::type (5 bytes)
Event: 1222.030 Thread 0x000001facdc74390 nmethod 15038 0x000001fab9d66310 code [0x000001fab9d664a0, 0x000001fab9d66578]
Event: 1222.037 Thread 0x000001facdc6f670 nmethod 15036 0x000001fab9d66610 code [0x000001fab9d667c0, 0x000001fab9d67038]
Event: 1222.037 Thread 0x000001facdc6f670 15039       4       java.util.HashMap::keysToArray (81 bytes)
Event: 1222.041 Thread 0x000001facdc74390 15041       3       java.time.temporal.ChronoField::isTimeBased (19 bytes)
Event: 1222.041 Thread 0x000001facdc74390 nmethod 15041 0x000001fab27d2390 code [0x000001fab27d2540, 0x000001fab27d26d8]
Event: 1222.041 Thread 0x000001facdc74390 15042       3       java.time.LocalDateTime::compareTo (9 bytes)
Event: 1222.041 Thread 0x000001facdc74390 nmethod 15042 0x000001fab2472390 code [0x000001fab24725a0, 0x000001fab2472c48]
Event: 1222.043 Thread 0x000001facdc6f670 nmethod 15039 0x000001fab9d67390 code [0x000001fab9d67520, 0x000001fab9d67b18]
Event: 1222.043 Thread 0x000001facdc6f670 15040       4       ch.qos.logback.classic.pattern.ThrowableProxyConverter::extraData (1 bytes)
Event: 1222.043 Thread 0x000001facdc6f670 nmethod 15040 0x000001fab9d67d90 code [0x000001fab9d67f00, 0x000001fab9d67f78]
Event: 1231.998 Thread 0x000001facdc6f670 15043       4       java.util.concurrent.locks.LockSupport::unpark (12 bytes)
Event: 1231.998 Thread 0x000001facdc6f670 nmethod 15043 0x000001fab9d68090 code [0x000001fab9d68220, 0x000001fab9d682a8]
Event: 1245.176 Thread 0x000001facdc6f670 15044       4       jdk.internal.org.objectweb.asm.ByteVector::putInt (74 bytes)
Event: 1245.177 Thread 0x000001facdc74390 15045       3       java.lang.invoke.LambdaFormBuffer::indexOf (33 bytes)
Event: 1245.177 Thread 0x000001facdc74390 nmethod 15045 0x000001fab2853910 code [0x000001fab2853ae0, 0x000001fab2853e98]
Event: 1245.177 Thread 0x000001facdc6f670 nmethod 15044 0x000001fab9d68390 code [0x000001fab9d68520, 0x000001fab9d686b8]

GC Heap History (20 events):
Event: 1164.194 GC heap before
{Heap before GC invocations=293 (full 0):
 garbage-first heap   total 147456K, used 123338K [0x0000000704400000, 0x0000000800000000)
  region size 2048K, 37 young (75776K), 1 survivors (2048K)
 Metaspace       used 69952K, committed 71168K, reserved 1114112K
  class space    used 7471K, committed 8128K, reserved 1048576K
}
Event: 1164.198 GC heap after
{Heap after GC invocations=294 (full 0):
 garbage-first heap   total 147456K, used 51736K [0x0000000704400000, 0x0000000800000000)
  region size 2048K, 1 young (2048K), 1 survivors (2048K)
 Metaspace       used 69952K, committed 71168K, reserved 1114112K
  class space    used 7471K, committed 8128K, reserved 1048576K
}
Event: 1164.303 GC heap before
{Heap before GC invocations=294 (full 0):
 garbage-first heap   total 147456K, used 123416K [0x0000000704400000, 0x0000000800000000)
  region size 2048K, 37 young (75776K), 1 survivors (2048K)
 Metaspace       used 69952K, committed 71168K, reserved 1114112K
  class space    used 7471K, committed 8128K, reserved 1048576K
}
Event: 1164.304 GC heap after
{Heap after GC invocations=295 (full 0):
 garbage-first heap   total 147456K, used 51625K [0x0000000704400000, 0x0000000800000000)
  region size 2048K, 1 young (2048K), 1 survivors (2048K)
 Metaspace       used 69952K, committed 71168K, reserved 1114112K
  class space    used 7471K, committed 8128K, reserved 1048576K
}
Event: 1164.650 GC heap before
{Heap before GC invocations=295 (full 0):
 garbage-first heap   total 147456K, used 123305K [0x0000000704400000, 0x0000000800000000)
  region size 2048K, 37 young (75776K), 1 survivors (2048K)
 Metaspace       used 69952K, committed 71168K, reserved 1114112K
  class space    used 7471K, committed 8128K, reserved 1048576K
}
Event: 1164.651 GC heap after
{Heap after GC invocations=296 (full 0):
 garbage-first heap   total 147456K, used 51594K [0x0000000704400000, 0x0000000800000000)
  region size 2048K, 1 young (2048K), 1 survivors (2048K)
 Metaspace       used 69952K, committed 71168K, reserved 1114112K
  class space    used 7471K, committed 8128K, reserved 1048576K
}
Event: 1171.764 GC heap before
{Heap before GC invocations=296 (full 0):
 garbage-first heap   total 147456K, used 123274K [0x0000000704400000, 0x0000000800000000)
  region size 2048K, 37 young (75776K), 1 survivors (2048K)
 Metaspace       used 69953K, committed 71168K, reserved 1114112K
  class space    used 7471K, committed 8128K, reserved 1048576K
}
Event: 1171.766 GC heap after
{Heap after GC invocations=297 (full 0):
 garbage-first heap   total 147456K, used 51594K [0x0000000704400000, 0x0000000800000000)
  region size 2048K, 1 young (2048K), 1 survivors (2048K)
 Metaspace       used 69953K, committed 71168K, reserved 1114112K
  class space    used 7471K, committed 8128K, reserved 1048576K
}
Event: 1184.351 GC heap before
{Heap before GC invocations=297 (full 0):
 garbage-first heap   total 147456K, used 123274K [0x0000000704400000, 0x0000000800000000)
  region size 2048K, 37 young (75776K), 1 survivors (2048K)
 Metaspace       used 69955K, committed 71168K, reserved 1114112K
  class space    used 7471K, committed 8128K, reserved 1048576K
}
Event: 1184.352 GC heap after
{Heap after GC invocations=298 (full 0):
 garbage-first heap   total 147456K, used 51623K [0x0000000704400000, 0x0000000800000000)
  region size 2048K, 1 young (2048K), 1 survivors (2048K)
 Metaspace       used 69955K, committed 71168K, reserved 1114112K
  class space    used 7471K, committed 8128K, reserved 1048576K
}
Event: 1184.433 GC heap before
{Heap before GC invocations=298 (full 0):
 garbage-first heap   total 147456K, used 123303K [0x0000000704400000, 0x0000000800000000)
  region size 2048K, 37 young (75776K), 1 survivors (2048K)
 Metaspace       used 69955K, committed 71168K, reserved 1114112K
  class space    used 7471K, committed 8128K, reserved 1048576K
}
Event: 1184.433 GC heap after
{Heap after GC invocations=299 (full 0):
 garbage-first heap   total 147456K, used 51809K [0x0000000704400000, 0x0000000800000000)
  region size 2048K, 1 young (2048K), 1 survivors (2048K)
 Metaspace       used 69955K, committed 71168K, reserved 1114112K
  class space    used 7471K, committed 8128K, reserved 1048576K
}
Event: 1184.509 GC heap before
{Heap before GC invocations=299 (full 0):
 garbage-first heap   total 147456K, used 123489K [0x0000000704400000, 0x0000000800000000)
  region size 2048K, 37 young (75776K), 1 survivors (2048K)
 Metaspace       used 69955K, committed 71168K, reserved 1114112K
  class space    used 7471K, committed 8128K, reserved 1048576K
}
Event: 1184.510 GC heap after
{Heap after GC invocations=300 (full 0):
 garbage-first heap   total 147456K, used 51696K [0x0000000704400000, 0x0000000800000000)
  region size 2048K, 1 young (2048K), 1 survivors (2048K)
 Metaspace       used 69955K, committed 71168K, reserved 1114112K
  class space    used 7471K, committed 8128K, reserved 1048576K
}
Event: 1184.569 GC heap before
{Heap before GC invocations=300 (full 0):
 garbage-first heap   total 147456K, used 123376K [0x0000000704400000, 0x0000000800000000)
  region size 2048K, 37 young (75776K), 1 survivors (2048K)
 Metaspace       used 69955K, committed 71168K, reserved 1114112K
  class space    used 7471K, committed 8128K, reserved 1048576K
}
Event: 1184.570 GC heap after
{Heap after GC invocations=301 (full 0):
 garbage-first heap   total 147456K, used 51743K [0x0000000704400000, 0x0000000800000000)
  region size 2048K, 1 young (2048K), 1 survivors (2048K)
 Metaspace       used 69955K, committed 71168K, reserved 1114112K
  class space    used 7471K, committed 8128K, reserved 1048576K
}
Event: 1185.094 GC heap before
{Heap before GC invocations=301 (full 0):
 garbage-first heap   total 147456K, used 123423K [0x0000000704400000, 0x0000000800000000)
  region size 2048K, 37 young (75776K), 1 survivors (2048K)
 Metaspace       used 69956K, committed 71168K, reserved 1114112K
  class space    used 7471K, committed 8128K, reserved 1048576K
}
Event: 1185.095 GC heap after
{Heap after GC invocations=302 (full 0):
 garbage-first heap   total 147456K, used 51643K [0x0000000704400000, 0x0000000800000000)
  region size 2048K, 1 young (2048K), 1 survivors (2048K)
 Metaspace       used 69956K, committed 71168K, reserved 1114112K
  class space    used 7471K, committed 8128K, reserved 1048576K
}
Event: 1185.608 GC heap before
{Heap before GC invocations=302 (full 0):
 garbage-first heap   total 147456K, used 123323K [0x0000000704400000, 0x0000000800000000)
  region size 2048K, 37 young (75776K), 1 survivors (2048K)
 Metaspace       used 69956K, committed 71168K, reserved 1114112K
  class space    used 7471K, committed 8128K, reserved 1048576K
}
Event: 1185.609 GC heap after
{Heap after GC invocations=303 (full 0):
 garbage-first heap   total 147456K, used 51601K [0x0000000704400000, 0x0000000800000000)
  region size 2048K, 1 young (2048K), 1 survivors (2048K)
 Metaspace       used 69956K, committed 71168K, reserved 1114112K
  class space    used 7471K, committed 8128K, reserved 1048576K
}

Deoptimization events (20 events):
Event: 1245.168 Thread 0x000001fad859b2f0 DEOPT PACKING pc=0x000001fab922f814 sp=0x000000b248dfa870
Event: 1245.168 Thread 0x000001fad859b2f0 DEOPT UNPACKING pc=0x000001fab14de77e sp=0x000000b248df9cc0 mode 1
Event: 1245.168 Thread 0x000001fad859b2f0 DEOPT PACKING pc=0x000001fab9100c48 sp=0x000000b248dfa8f0
Event: 1245.168 Thread 0x000001fad859b2f0 DEOPT UNPACKING pc=0x000001fab14de77e sp=0x000000b248df9d38 mode 1
Event: 1245.168 Thread 0x000001fad859b2f0 DEOPT PACKING pc=0x000001fab922f814 sp=0x000000b248dfa970
Event: 1245.168 Thread 0x000001fad859b2f0 DEOPT UNPACKING pc=0x000001fab14de77e sp=0x000000b248df9dc0 mode 1
Event: 1245.168 Thread 0x000001fad859b2f0 DEOPT PACKING pc=0x000001fab9100c48 sp=0x000000b248dfa970
Event: 1245.168 Thread 0x000001fad859b2f0 DEOPT UNPACKING pc=0x000001fab14de77e sp=0x000000b248df9db8 mode 1
Event: 1245.168 Thread 0x000001fad859b2f0 DEOPT PACKING pc=0x000001fab922f814 sp=0x000000b248dfa870
Event: 1245.168 Thread 0x000001fad859b2f0 DEOPT UNPACKING pc=0x000001fab14de77e sp=0x000000b248df9cc0 mode 1
Event: 1245.168 Thread 0x000001fad859b2f0 DEOPT PACKING pc=0x000001fab9100c48 sp=0x000000b248dfa960
Event: 1245.168 Thread 0x000001fad859b2f0 DEOPT UNPACKING pc=0x000001fab14de77e sp=0x000000b248df9da8 mode 1
Event: 1245.168 Thread 0x000001fad859b2f0 DEOPT PACKING pc=0x000001fab922f814 sp=0x000000b248dfa8f0
Event: 1245.168 Thread 0x000001fad859b2f0 DEOPT UNPACKING pc=0x000001fab14de77e sp=0x000000b248df9d40 mode 1
Event: 1245.168 Thread 0x000001fad859b2f0 DEOPT PACKING pc=0x000001fab9100c48 sp=0x000000b248dfa8e0
Event: 1245.168 Thread 0x000001fad859b2f0 DEOPT UNPACKING pc=0x000001fab14de77e sp=0x000000b248df9d28 mode 1
Event: 1245.168 Thread 0x000001fad859b2f0 DEOPT PACKING pc=0x000001fab922f814 sp=0x000000b248dfa870
Event: 1245.168 Thread 0x000001fad859b2f0 DEOPT UNPACKING pc=0x000001fab14de77e sp=0x000000b248df9cc0 mode 1
Event: 1245.168 Thread 0x000001fad859b2f0 DEOPT PACKING pc=0x000001fab976ba18 sp=0x000000b248dfa4f0
Event: 1245.168 Thread 0x000001fad859b2f0 DEOPT UNPACKING pc=0x000001fab14de77e sp=0x000000b248df9850 mode 1

Classes unloaded (0 events):
No events

Classes redefined (10 events):
Event: 156.236 Thread 0x000001facd3b5c90 redefined class name=net.tiklab.matflow.definition.service.PipelineStagesServerImpl, count=1
Event: 175.770 Thread 0x000001facd3b5c90 redefined class name=net.tiklab.matflow.definition.service.PipelineStagesServerImpl, count=2
Event: 375.817 Thread 0x000001facd3b5c90 redefined class name=net.tiklab.matflow.definition.service.PipelineTasksServiceImpl, count=1
Event: 375.817 Thread 0x000001facd3b5c90 redefined class name=net.tiklab.matflow.definition.service.PipelineStagesServerImpl, count=3
Event: 534.142 Thread 0x000001facd3b5c90 redefined class name=net.tiklab.matflow.definition.service.PipelineStagesServerImpl, count=4
Event: 861.218 Thread 0x000001facd3b5c90 redefined class name=net.tiklab.matflow.definition.service.PipelineStagesServerImpl, count=5
Event: 977.073 Thread 0x000001facd3b5c90 redefined class name=net.tiklab.matflow.definition.service.PipelineStagesServerImpl, count=6
Event: 1154.354 Thread 0x000001facd3b5c90 redefined class name=net.tiklab.matflow.definition.service.PipelineStagesServerImpl, count=7
Event: 1195.614 Thread 0x000001facd3b5c90 redefined class name=net.tiklab.matflow.definition.service.PipelineTasksServiceImpl, count=2
Event: 1240.638 Thread 0x000001facd3b5c90 redefined class name=net.tiklab.matflow.definition.service.PipelineTasksServiceImpl, count=3

Internal exceptions (20 events):
Event: 58.653 Thread 0x000001fad859bd90 Exception <a 'java/lang/ClassNotFoundException'{0x000000070a2b61b0}: net/tiklab/matflow/definition/entity/task/PipelineProductEntityCustomizer> (0x000000070a2b61b0) 
thrown [t:\workspace\open\src\hotspot\share\classfile\systemDictionary.cpp, line 256]
Event: 85.458 Thread 0x000001fad859a850 Exception <a 'java/lang/NullPointerException'{0x000000070f028c68}> (0x000000070f028c68) 
thrown [t:\workspace\open\src\hotspot\share\interpreter\linkResolver.cpp, line 1385]
Event: 196.481 Thread 0x000001fad859cd80 Exception <a 'java/lang/ClassNotFoundException'{0x000000070ecbb5d0}: java/lang/ObjectCustomizer> (0x000000070ecbb5d0) 
thrown [t:\workspace\open\src\hotspot\share\classfile\systemDictionary.cpp, line 256]
Event: 196.483 Thread 0x000001fad859cd80 Exception <a 'java/lang/ClassNotFoundException'{0x000000070ecc9010}: net/tiklab/dal/jpa/meta/EntityMetaCustomizer> (0x000000070ecc9010) 
thrown [t:\workspace\open\src\hotspot\share\classfile\systemDictionary.cpp, line 256]
Event: 196.484 Thread 0x000001fad859cd80 Exception <a 'java/lang/ClassNotFoundException'{0x000000070ecdcb50}: net/tiklab/dal/jpa/action/delete/DeleteEntityCustomizer> (0x000000070ecdcb50) 
thrown [t:\workspace\open\src\hotspot\share\classfile\systemDictionary.cpp, line 256]
Event: 196.491 Thread 0x000001fad859cd80 Exception <a 'java/lang/ClassNotFoundException'{0x000000070ed0a7a8}: net/tiklab/dal/jpa/action/delete/DeleteEntityBeanInfo> (0x000000070ed0a7a8) 
thrown [t:\workspace\open\src\hotspot\share\classfile\systemDictionary.cpp, line 256]
Event: 196.491 Thread 0x000001fad859cd80 Implicit null exception at 0x000001fab98606f7 to 0x000001fab9866718
Event: 196.493 Thread 0x000001fad859cd80 Exception <a 'java/lang/ClassNotFoundException'{0x000000070ed14cd8}: net/tiklab/dal/jpa/action/delete/DeleteEntityCustomizer> (0x000000070ed14cd8) 
thrown [t:\workspace\open\src\hotspot\share\classfile\systemDictionary.cpp, line 256]
Event: 214.466 Thread 0x000001fad859b840 Exception <a 'java/lang/ClassNotFoundException'{0x0000000708d77c00}: java/lang/ObjectCustomizer> (0x0000000708d77c00) 
thrown [t:\workspace\open\src\hotspot\share\classfile\systemDictionary.cpp, line 256]
Event: 214.468 Thread 0x000001fad859b840 Exception <a 'java/lang/ClassNotFoundException'{0x0000000708d85f90}: net/tiklab/matflow/definition/entity/task/PipelineBuildEntityCustomizer> (0x0000000708d85f90) 
thrown [t:\workspace\open\src\hotspot\share\classfile\systemDictionary.cpp, line 256]
Event: 630.411 Thread 0x000001fad859c2e0 Implicit null exception at 0x000001fab9a46f59 to 0x000001fab9a47aa0
Event: 630.425 Thread 0x000001fad859c2e0 Implicit null exception at 0x000001fab96f4f89 to 0x000001fab96f7d18
Event: 630.430 Thread 0x000001fad859c2e0 Implicit null exception at 0x000001fab9825b2e to 0x000001fab982656c
Event: 862.586 Thread 0x000001fad859b2f0 Exception <a 'java/lang/NullPointerException'{0x0000000709085960}> (0x0000000709085960) 
thrown [t:\workspace\open\src\hotspot\share\interpreter\linkResolver.cpp, line 1385]
Event: 1221.980 Thread 0x000001fad9c721f0 Implicit null exception at 0x000001fab9b36363 to 0x000001fab9b387ac
Event: 1222.016 Thread 0x000001fad9c721f0 Exception <a 'java/lang/NullPointerException'{0x000000070bf106c0}> (0x000000070bf106c0) 
thrown [t:\workspace\open\src\hotspot\share\interpreter\linkResolver.cpp, line 1385]
Event: 1222.016 Thread 0x000001fad9c721f0 Exception <a 'java/lang/reflect/InvocationTargetException'{0x000000070bf10c68}> (0x000000070bf10c68) 
thrown [t:\workspace\open\src\hotspot\share\runtime\reflection.cpp, line 1157]
Event: 1222.029 Thread 0x000001fad9c721f0 Exception <a 'java/lang/reflect/InvocationTargetException'{0x000000070bcf7ea8}> (0x000000070bcf7ea8) 
thrown [t:\workspace\open\src\hotspot\share\runtime\reflection.cpp, line 1157]
Event: 1222.040 Thread 0x000001fad9c721f0 Exception <a 'java/lang/NullPointerException'{0x000000070baeb6d8}> (0x000000070baeb6d8) 
thrown [t:\workspace\open\src\hotspot\share\interpreter\linkResolver.cpp, line 1385]
Event: 1222.040 Thread 0x000001fad9c721f0 Exception <a 'java/lang/reflect/InvocationTargetException'{0x000000070baeb9b0}> (0x000000070baeb9b0) 
thrown [t:\workspace\open\src\hotspot\share\runtime\reflection.cpp, line 1157]

Events (20 events):
Event: 1222.441 Executing  VM operation: Cleanup done
Event: 1240.605 Executing  VM operation: ChangeBreakpoints
Event: 1240.605 Executing  VM operation: ChangeBreakpoints done
Event: 1240.605 Executing  VM operation: ChangeBreakpoints
Event: 1240.605 Executing  VM operation: ChangeBreakpoints done
Event: 1240.605 Executing  VM operation: ChangeBreakpoints
Event: 1240.605 Executing  VM operation: ChangeBreakpoints done
Event: 1240.618 Executing  VM operation: RedefineClasses
Event: 1240.672 Executing  VM operation: RedefineClasses done
Event: 1240.677 Executing  VM operation: ChangeBreakpoints
Event: 1240.679 Executing  VM operation: ChangeBreakpoints done
Event: 1240.681 Executing  VM operation: ChangeBreakpoints
Event: 1240.683 Executing  VM operation: ChangeBreakpoints done
Event: 1240.689 Executing  VM operation: ChangeBreakpoints
Event: 1240.697 Executing  VM operation: ChangeBreakpoints done
Event: 1245.130 loading class net/tiklab/matflow/definition/model/PipelineCourseConfig
Event: 1245.130 loading class net/tiklab/matflow/definition/model/PipelineCourseConfig done
Event: 1245.178 Executing  VM operation: ThreadsSuspendJVMTI
Event: 1245.178 Executing  VM operation: ThreadsSuspendJVMTI done
Event: 1245.183 Executing  VM operation: get/set locals


Dynamic libraries:
0x00007ff7d7ca0000 - 0x00007ff7d7cb0000 	D:\jdk-16.0.2\bin\java.exe
0x00007ff8ae4b0000 - 0x00007ff8ae6c4000 	C:\WINDOWS\SYSTEM32\ntdll.dll
0x00007ff8ad630000 - 0x00007ff8ad6f2000 	C:\WINDOWS\System32\KERNEL32.DLL
0x00007ff8ab9a0000 - 0x00007ff8abd3d000 	C:\WINDOWS\System32\KERNELBASE.dll
0x00007ff8abed0000 - 0x00007ff8abfe1000 	C:\WINDOWS\System32\ucrtbase.dll
0x00007ff872570000 - 0x00007ff872588000 	D:\jdk-16.0.2\bin\jli.dll
0x00007ff872550000 - 0x00007ff872569000 	D:\jdk-16.0.2\bin\VCRUNTIME140.dll
0x00007ff8ada80000 - 0x00007ff8adb2e000 	C:\WINDOWS\System32\ADVAPI32.dll
0x00007ff8ac2b0000 - 0x00007ff8ac357000 	C:\WINDOWS\System32\msvcrt.dll
0x00007ff8ad310000 - 0x00007ff8ad3b4000 	C:\WINDOWS\System32\sechost.dll
0x00007ff8ad8f0000 - 0x00007ff8ada05000 	C:\WINDOWS\System32\RPCRT4.dll
0x00007ff8ad740000 - 0x00007ff8ad8ea000 	C:\WINDOWS\System32\USER32.dll
0x00007ff8ac110000 - 0x00007ff8ac136000 	C:\WINDOWS\System32\win32u.dll
0x00007ff8ad700000 - 0x00007ff8ad729000 	C:\WINDOWS\System32\GDI32.dll
0x00007ff88f4b0000 - 0x00007ff88f73e000 	C:\WINDOWS\WinSxS\amd64_microsoft.windows.common-controls_6595b64144ccf1df_6.0.22621.608_none_a9444ca7c10bb01d\COMCTL32.dll
0x00007ff8abd40000 - 0x00007ff8abe52000 	C:\WINDOWS\System32\gdi32full.dll
0x00007ff8abff0000 - 0x00007ff8ac08a000 	C:\WINDOWS\System32\msvcp_win.dll
0x00007ff8a1a70000 - 0x00007ff8a1a7a000 	C:\WINDOWS\SYSTEM32\VERSION.dll
0x00007ff8ada20000 - 0x00007ff8ada52000 	C:\WINDOWS\System32\IMM32.DLL
0x00007ff89a870000 - 0x00007ff89a87c000 	D:\jdk-16.0.2\bin\vcruntime140_1.dll
0x00007ff842b50000 - 0x00007ff842be1000 	D:\jdk-16.0.2\bin\msvcp140.dll
0x00007ff835980000 - 0x00007ff83652b000 	D:\jdk-16.0.2\bin\server\jvm.dll
0x00007ff8ad620000 - 0x00007ff8ad628000 	C:\WINDOWS\System32\PSAPI.DLL
0x00007ff8a9590000 - 0x00007ff8a9599000 	C:\WINDOWS\SYSTEM32\WSOCK32.dll
0x00007ff898750000 - 0x00007ff898784000 	C:\WINDOWS\SYSTEM32\WINMM.dll
0x00007ff8ac360000 - 0x00007ff8ac3d1000 	C:\WINDOWS\System32\WS2_32.dll
0x00007ff8aa8c0000 - 0x00007ff8aa8d8000 	C:\WINDOWS\SYSTEM32\kernel.appcore.dll
0x00007ff88c1a0000 - 0x00007ff88c1aa000 	D:\jdk-16.0.2\bin\jimage.dll
0x00007ff89c050000 - 0x00007ff89c27e000 	C:\WINDOWS\SYSTEM32\DBGHELP.DLL
0x00007ff8ac480000 - 0x00007ff8ac80a000 	C:\WINDOWS\System32\combase.dll
0x00007ff8ad0b0000 - 0x00007ff8ad187000 	C:\WINDOWS\System32\OLEAUT32.dll
0x00007ff895080000 - 0x00007ff8950b2000 	C:\WINDOWS\SYSTEM32\dbgcore.DLL
0x00007ff8ac090000 - 0x00007ff8ac10b000 	C:\WINDOWS\System32\bcryptPrimitives.dll
0x00007ff89a040000 - 0x00007ff89a07b000 	D:\jdk-16.0.2\bin\jdwp.dll
0x00007ff8a96d0000 - 0x00007ff8a96de000 	D:\jdk-16.0.2\bin\instrument.dll
0x00007ff88c0b0000 - 0x00007ff88c0d5000 	D:\jdk-16.0.2\bin\java.dll
0x00007ff856c10000 - 0x00007ff856c28000 	D:\jdk-16.0.2\bin\zip.dll
0x00007ff8ac810000 - 0x00007ff8acff0000 	C:\WINDOWS\System32\SHELL32.dll
0x00007ff8a98d0000 - 0x00007ff8aa195000 	C:\WINDOWS\SYSTEM32\windows.storage.dll
0x00007ff8a9790000 - 0x00007ff8a98ce000 	C:\WINDOWS\SYSTEM32\wintypes.dll
0x00007ff8ae1b0000 - 0x00007ff8ae2a1000 	C:\WINDOWS\System32\SHCORE.dll
0x00007ff8ad190000 - 0x00007ff8ad1ee000 	C:\WINDOWS\System32\shlwapi.dll
0x00007ff8ab810000 - 0x00007ff8ab831000 	C:\WINDOWS\SYSTEM32\profapi.dll
0x00007ff8a9660000 - 0x00007ff8a966c000 	D:\jdk-16.0.2\bin\dt_socket.dll
0x00007ff8aa3f0000 - 0x00007ff8aa41d000 	C:\WINDOWS\SYSTEM32\IPHLPAPI.DLL
0x00007ff8aad70000 - 0x00007ff8aadd9000 	C:\WINDOWS\system32\mswsock.dll
0x00007ff8725a0000 - 0x00007ff8725b9000 	D:\jdk-16.0.2\bin\net.dll
0x00007ff8a4870000 - 0x00007ff8a499f000 	C:\WINDOWS\SYSTEM32\WINHTTP.dll
0x00007ff856df0000 - 0x00007ff856e03000 	D:\jdk-16.0.2\bin\nio.dll
0x00007ff87c270000 - 0x00007ff87c280000 	D:\jdk-16.0.2\bin\verify.dll
0x00007ff888ac0000 - 0x00007ff888ad7000 	C:\WINDOWS\system32\napinsp.dll
0x00007ff888aa0000 - 0x00007ff888abb000 	C:\WINDOWS\system32\pnrpnsp.dll
0x00007ff8aa460000 - 0x00007ff8aa552000 	C:\WINDOWS\SYSTEM32\DNSAPI.dll
0x00007ff8ad730000 - 0x00007ff8ad739000 	C:\WINDOWS\System32\NSI.dll
0x00007ff888a80000 - 0x00007ff888a91000 	C:\WINDOWS\System32\winrnr.dll
0x00007ff8a4290000 - 0x00007ff8a42a5000 	C:\WINDOWS\system32\wshbth.dll
0x00007ff888850000 - 0x00007ff888871000 	C:\WINDOWS\system32\nlansp_c.dll
0x00007ff8a74d0000 - 0x00007ff8a74da000 	C:\Windows\System32\rasadhlp.dll
0x00007ff8a3d10000 - 0x00007ff8a3d93000 	C:\WINDOWS\System32\fwpuclnt.dll
0x00007ff8a9640000 - 0x00007ff8a9649000 	D:\jdk-16.0.2\bin\management.dll
0x00007ff8a9630000 - 0x00007ff8a963b000 	D:\jdk-16.0.2\bin\management_ext.dll
0x00007ff8ab000000 - 0x00007ff8ab01b000 	C:\WINDOWS\SYSTEM32\CRYPTSP.dll
0x00007ff8aa880000 - 0x00007ff8aa8b5000 	C:\WINDOWS\system32\rsaenh.dll
0x00007ff8aae30000 - 0x00007ff8aae58000 	C:\WINDOWS\SYSTEM32\USERENV.dll
0x00007ff8ab2a0000 - 0x00007ff8ab2c8000 	C:\WINDOWS\SYSTEM32\bcrypt.dll
0x00007ff8ab020000 - 0x00007ff8ab02c000 	C:\WINDOWS\SYSTEM32\CRYPTBASE.dll
0x00007ff8a46e0000 - 0x00007ff8a46f9000 	C:\WINDOWS\SYSTEM32\dhcpcsvc6.DLL
0x00007ff8a46c0000 - 0x00007ff8a46df000 	C:\WINDOWS\SYSTEM32\dhcpcsvc.DLL
0x00007ff8a9600000 - 0x00007ff8a960e000 	D:\jdk-16.0.2\bin\sunmscapi.dll
0x00007ff8ac140000 - 0x00007ff8ac2a6000 	C:\WINDOWS\System32\CRYPT32.dll
0x00007ff8ab270000 - 0x00007ff8ab29d000 	C:\WINDOWS\SYSTEM32\ncrypt.dll
0x00007ff8ab1e0000 - 0x00007ff8ab217000 	C:\WINDOWS\SYSTEM32\NTASN1.dll
0x00007ff89a970000 - 0x00007ff89a978000 	C:\WINDOWS\system32\wshunix.dll

dbghelp: loaded successfully - version: 4.0.5 - missing functions: none
symbol engine: initialized successfully - sym options: 0x614 - pdb path: .;D:\jdk-16.0.2\bin;C:\WINDOWS\SYSTEM32;C:\WINDOWS\WinSxS\amd64_microsoft.windows.common-controls_6595b64144ccf1df_6.0.22621.608_none_a9444ca7c10bb01d;D:\jdk-16.0.2\bin\server

VM Arguments:
jvm_args: -agentlib:jdwp=transport=dt_socket,address=127.0.0.1:52900,suspend=y,server=n -Dvisualgc.id=384217775525500 -javaagent:C:\Users\admin\AppData\Local\JetBrains\IntelliJIdea2022.2\captureAgent\debugger-agent.jar -Dfile.encoding=UTF-8 
java_command: net.tiklab.matflow.MatFlowApplication
java_class_path (initial): D:\idea\tiklab\tiklab-matflow\tiklab-matflow-starter\target\classes;D:\maven\apache-maven-3.8.3\.m2\repository\net\tiklab\tiklab-tks-spring-boot-starter\1.0.0-SNAPSHOT\tiklab-tks-spring-boot-starter-1.0.0-20220922.072442-3.jar;D:\maven\apache-maven-3.8.3\.m2\repository\net\tiklab\tiklab-core\1.0.0-SNAPSHOT\tiklab-core-1.0.0-20220922.035531-6.jar;D:\maven\apache-maven-3.8.3\.m2\repository\javax\validation\validation-api\1.1.0.Final\validation-api-1.1.0.Final.jar;D:\maven\apache-maven-3.8.3\.m2\repository\com\fasterxml\jackson\core\jackson-annotations\2.10.3\jackson-annotations-2.10.3.jar;D:\maven\apache-maven-3.8.3\.m2\repository\net\tiklab\tiklab-utils\1.0.0-SNAPSHOT\tiklab-utils-1.0.0-20220922.035533-4.jar;D:\maven\apache-maven-3.8.3\.m2\repository\org\slf4j\slf4j-api\1.7.5\slf4j-api-1.7.5.jar;D:\maven\apache-maven-3.8.3\.m2\repository\com\alibaba\fastjson\1.2.62\fastjson-1.2.62.jar;D:\maven\apache-maven-3.8.3\.m2\repository\net\tiklab\tiklab-tks-core\1.0.0-SNAPSHOT\tiklab-tks-core-1.0.0-20220922.072440-2.jar;D:\maven\apache-maven-3.8.3\.m2\repository\ognl\ognl\3.2.1\ognl-3.2.1.jar;D:\maven\apache-maven-3.8.3\.m2\repository\org\javassist\javassist\3.20.0-GA\javassist-3.20.0-GA.jar;D:\maven\apache-maven-3.8.3\.m2\repository\net\tiklab\tiklab-tks-annotation\1.0.0-SNAPSHOT\tiklab-tks-annotation-1.0.0-20220922.072438-2.jar;D:\maven\apache-maven-3.8.3\.m2\repository\net\tiklab\tiklab-eam-spring-boot-starter\1.0.0-SNAPSHOT\tiklab-eam-spring-boot-starter-1.0.0-20221119.075709-24.jar;D:\maven\apache-maven-3.8.3\.m2\repository\net\tiklab\tiklab-eam-config\1.0.0-SNAPSHOT\tiklab-eam-config-1.0.0-20221119.075703-22.jar;D:\maven\apache-maven-3.8.3\.m2\repository\javax\xml\bind\jaxb-api\2.3.0\jaxb-api-2.3.0.jar;D:\maven\apache-maven-3.8.3\.m2\repository\com\sun\xml\bind\jaxb-impl\2.3.0\jaxb-impl-2.3.0.jar;D:\maven\apache-maven-3.8.3\.m2\repository\com\sun\xml\bind\jaxb-core\2.3.0\jaxb-core-2.3.0.jar;D:\maven\apache-maven-3.8.3\.m2\repository\javax\ac
Launcher Type: SUN_STANDARD

[Global flags]
     intx CICompilerCount                          = 4                                         {product} {ergonomic}
     uint ConcGCThreads                            = 3                                         {product} {ergonomic}
     uint G1ConcRefinementThreads                  = 10                                        {product} {ergonomic}
   size_t G1HeapRegionSize                         = 2097152                                   {product} {ergonomic}
    uintx GCDrainStackTargetSize                   = 64                                        {product} {ergonomic}
   size_t InitialHeapSize                          = 264241152                                 {product} {ergonomic}
   size_t MarkStackSize                            = 4194304                                   {product} {ergonomic}
   size_t MaxHeapSize                              = 4223664128                                {product} {ergonomic}
   size_t MaxNewSize                               = 2533359616                                {product} {ergonomic}
   size_t MinHeapDeltaBytes                        = 2097152                                   {product} {ergonomic}
   size_t MinHeapSize                              = 8388608                                   {product} {ergonomic}
    uintx NonNMethodCodeHeapSize                   = 5839372                                {pd product} {ergonomic}
    uintx NonProfiledCodeHeapSize                  = 122909434                              {pd product} {ergonomic}
    uintx ProfiledCodeHeapSize                     = 122909434                              {pd product} {ergonomic}
    uintx ReservedCodeCacheSize                    = 251658240                              {pd product} {ergonomic}
     bool SegmentedCodeCache                       = true                                      {product} {ergonomic}
   size_t SoftMaxHeapSize                          = 4223664128                             {manageable} {ergonomic}
     bool UseCompressedClassPointers               = true                           {product lp64_product} {ergonomic}
     bool UseCompressedOops                        = true                           {product lp64_product} {ergonomic}
     bool UseG1GC                                  = true                                      {product} {ergonomic}
     bool UseLargePagesIndividualAllocation        = false                                  {pd product} {ergonomic}

Logging:
Log output configuration:
 #0: stdout all=warning uptime,level,tags
 #1: stderr all=off uptime,level,tags

Environment Variables:
JAVA_HOME=D:\jdk-16.0.2
PATH=D:\VMwarework\bin\;C:\Windows\System32;C:\Windows;C:\Windows\System32\wbem;C:\Windows\System32\WindowsPowerShell\v1.0\;C:\Windows\System32\OpenSSH\;D:\Bandzip\Bandizip\;D:\jdk-16.0.2\bin;D:\XShell\Xshell 7\;D:\XShell\Xftp 7\;D:\git\Git\cmd;D:\maven\apache-maven-3.8.3\bin;D:\SVN\bin;C:\Program Files\Docker\Docker\resources\bin;C:\ProgramData\DockerDesktop\version-bin;D:\GnuPG\bin;D:\GnuPG\bin;D:\\sonarqube-9.7.0.61563\bin\windows-x86-64;D:\nodeJs;C:\Program Files\MySQL\MySQL Shell 8.0\bin\;C:\Users\admin\AppData\Local\Microsoft\WindowsApps;D:\idea\IntelliJ IDEA Community Edition 2022.1\bin;;D:\VScode\Microsoft VS Code\bin;D:\Webstorm\WebStorm 2022.1\bin;;
USERNAME=admin
OS=Windows_NT
PROCESSOR_IDENTIFIER=Intel64 Family 6 Model 167 Stepping 1, GenuineIntel



---------------  S Y S T E M  ---------------

OS:
 Windows 10 , 64 bit Build 22621 (10.0.22621.755)
OS uptime: 4 days 11:04 hours
Hyper-V role detected

CPU: total 12 (initial active 12) (6 cores per cpu, 2 threads per core) family 6 model 167 stepping 1 microcode 0x50, cx8, cmov, fxsr, ht, mmx, 3dnowpref, sse, sse2, sse3, ssse3, sse4.1, sse4.2, popcnt, lzcnt, tsc, tscinvbit, avx, avx2, aes, erms, clmul, bmi1, bmi2, adx, avx512f, avx512dq, avx512cd, avx512bw, avx512vl, sha, fma, vzeroupper, avx512_vpopcntdq, avx512_vpclmulqdq, avx512_vaes, avx512_vnni, clflush, clflushopt, avx512_vmbi2, avx512_vmbi, hv

Memory: 4k page, system-wide physical 16105M (1456M free)
TotalPageFile size 29929M (AvailPageFile size 5401M)
current process WorkingSet (physical memory assigned to process): 412M, peak: 435M
current process commit charge ("private bytes"): 456M, peak: 481M

vm_info: Java HotSpot(TM) 64-Bit Server VM (16.0.2+7-67) for windows-amd64 JRE (16.0.2+7-67), built on Jun  8 2021 23:24:19 by "mach5one" with MS VC++ 16.7 (VS2019)

END.
