#
# A fatal error has been detected by the Java Runtime Environment:
#
#  Internal Error (generateOopMap.cpp:2164), pid=2732, tid=25736
#  fatal error: Illegal class file encountered. Try running with -Xverify:all in method findAllLog
#
# JRE version: Java(TM) SE Runtime Environment (16.0.2+7) (build 16.0.2+7-67)
# Java VM: Java HotSpot(TM) 64-Bit Server VM (16.0.2+7-67, mixed mode, sharing, tiered, compressed oops, compressed class ptrs, g1 gc, windows-amd64)
# No core dump will be written. Minidumps are not enabled by default on client versions of Windows
#
# If you would like to submit a bug report, please visit:
#   https://bugreport.java.com/bugreport/crash.jsp
#

---------------  S U M M A R Y ------------

Command Line: -agentlib:jdwp=transport=dt_socket,address=127.0.0.1:65229,suspend=y,server=n -Dvisualgc.id=1062150679332300 -javaagent:C:\Users\admin\AppData\Local\JetBrains\IntelliJIdea2022.2\captureAgent\debugger-agent.jar -Dfile.encoding=UTF-8 net.tiklab.matflow.MatFlowApplication

Host: 11th Gen Intel(R) Core(TM) i5-11400 @ 2.60GHz, 12 cores, 15G,  Windows 10 , 64 bit Build 22621 (10.0.22621.755)
Time: Wed Dec 14 16:34:16 2022  Windows 10 , 64 bit Build 22621 (10.0.22621.755) elapsed time: 2162.162407 seconds (0d 0h 36m 2s)

---------------  T H R E A D  ---------------

Current thread (0x000001e9eef15a70):  GCTaskThread "GC Thread#6" [stack: 0x0000005b5e600000,0x0000005b5e700000] [id=25736]

Stack: [0x0000005b5e600000,0x0000005b5e700000]
Native frames: (J=compiled Java code, j=interpreted, Vv=VM code, C=native code)
V  [jvm.dll+0x6681ca]
V  [jvm.dll+0x7c9e69]
V  [jvm.dll+0x7cb61e]
V  [jvm.dll+0x7cbc27]
V  [jvm.dll+0x2429b3]
V  [jvm.dll+0x330cf9]
V  [jvm.dll+0x330938]
V  [jvm.dll+0x32e8b2]
V  [jvm.dll+0x32f72e]
V  [jvm.dll+0x32cdaf]
V  [jvm.dll+0x32c037]
V  [jvm.dll+0x656cce]
V  [jvm.dll+0x657534]
V  [jvm.dll+0x61c1d7]
V  [jvm.dll+0x2c043a]
V  [jvm.dll+0x2bfcc0]
V  [jvm.dll+0x2bfc55]
V  [jvm.dll+0x77da22]
V  [jvm.dll+0x77d8d9]
V  [jvm.dll+0x77dfa0]
V  [jvm.dll+0x30f35d]
V  [jvm.dll+0x30f1c8]
V  [jvm.dll+0x2d6b14]
V  [jvm.dll+0x2d84ab]
V  [jvm.dll+0x7f7f0b]
V  [jvm.dll+0x7795aa]
V  [jvm.dll+0x667066]
C  [ucrtbase.dll+0x29363]
C  [KERNEL32.DLL+0x1244d]
C  [ntdll.dll+0x5dfb8]

JavaThread 0x000001e983cad1e0 (nid = 10552) was being processed
Java frames: (J=compiled Java code, j=interpreted, Vv=VM code)
v  ~RuntimeStub::_new_array_Java
J 8597 c2 ognl.OgnlParser.<init>(Ljava/io/Reader;)V (185 bytes) @ 0x000001e9d9d75ab4 [0x000001e9d9d73f60+0x0000000000001b54]
J 10364 c2 ognl.Ognl.parseExpression(Ljava/lang/String;)Ljava/lang/Object; (43 bytes) @ 0x000001e9d9b47948 [0x000001e9d9b47840+0x0000000000000108]
J 12452 c2 net.tiklab.beans.BeanMapper.map(Ljava/lang/Object;Ljava/lang/Class;)Ljava/lang/Object; (228 bytes) @ 0x000001e9da01c028 [0x000001e9da01b420+0x0000000000000c08]
J 14421 c2 net.tiklab.beans.BeanMapper.mapList(Ljava/util/List;Ljava/lang/Class;)Ljava/util/List; (79 bytes) @ 0x000001e9da38ba68 [0x000001e9da38b960+0x0000000000000108]
j  net.tiklab.matflow.execute.service.PipelineExecLogServiceImpl.findAllLog(Ljava/lang/String;)Ljava/util/List;+12
J 13584 c1 net.tiklab.matflow.execute.service.PipelineExecLogServiceImpl$$FastClassBySpringCGLIB$$c7a88a3c.invoke(ILjava/lang/Object;[Ljava/lang/Object;)Ljava/lang/Object; (214 bytes) @ 0x000001e9d385e8cc [0x000001e9d385d280+0x000000000000164c]
J 12833 c2 org.springframework.aop.framework.CglibAopProxy$CglibMethodInvocation.proceed()Ljava/lang/Object; (47 bytes) @ 0x000001e9da0a2540 [0x000001e9da0a2460+0x00000000000000e0]
J 14865 c2 org.springframework.transaction.interceptor.TransactionAspectSupport.invokeWithinTransaction(Ljava/lang/reflect/Method;Ljava/lang/Class;Lorg/springframework/transaction/interceptor/TransactionAspectSupport$InvocationCallback;)Ljava/lang/Object; (522 bytes) @ 0x000001e9da430ba8 [0x000001e9da430700+0x00000000000004a8]
J 14680 c2 org.springframework.transaction.interceptor.TransactionInterceptor.invoke(Lorg/aopalliance/intercept/MethodInvocation;)Ljava/lang/Object; (44 bytes) @ 0x000001e9da3de7c0 [0x000001e9da3de640+0x0000000000000180]
J 12833 c2 org.springframework.aop.framework.CglibAopProxy$CglibMethodInvocation.proceed()Ljava/lang/Object; (47 bytes) @ 0x000001e9da0a25d8 [0x000001e9da0a2460+0x0000000000000178]
J 14491 c2 org.springframework.aop.interceptor.ExposeInvocationInterceptor.invoke(Lorg/aopalliance/intercept/MethodInvocation;)Ljava/lang/Object; (45 bytes) @ 0x000001e9da3ae798 [0x000001e9da3ae600+0x0000000000000198]
J 12833 c2 org.springframework.aop.framework.CglibAopProxy$CglibMethodInvocation.proceed()Ljava/lang/Object; (47 bytes) @ 0x000001e9da0a25d8 [0x000001e9da0a2460+0x0000000000000178]
J 13599 c2 org.springframework.aop.framework.CglibAopProxy$DynamicAdvisedInterceptor.intercept(Ljava/lang/Object;Ljava/lang/reflect/Method;[Ljava/lang/Object;Lorg/springframework/cglib/proxy/MethodProxy;)Ljava/lang/Object; (247 bytes) @ 0x000001e9da218600 [0x000001e9da217bc0+0x0000000000000a40]
j  net.tiklab.matflow.execute.service.PipelineExecLogServiceImpl$$EnhancerBySpringCGLIB$$4546cc9.findAllLog(Ljava/lang/String;)Ljava/util/List;+36
j  net.tiklab.matflow.execute.service.PipelineExecHistoryServiceImpl.findAllLog(Ljava/lang/String;)Lnet/tiklab/matflow/execute/model/PipelineRun;+324
j  net.tiklab.matflow.execute.service.PipelineExecHistoryServiceImpl$$FastClassBySpringCGLIB$$682e896c.invoke(ILjava/lang/Object;[Ljava/lang/Object;)Ljava/lang/Object;+156
J 12833 c2 org.springframework.aop.framework.CglibAopProxy$CglibMethodInvocation.proceed()Ljava/lang/Object; (47 bytes) @ 0x000001e9da0a2540 [0x000001e9da0a2460+0x00000000000000e0]
J 14865 c2 org.springframework.transaction.interceptor.TransactionAspectSupport.invokeWithinTransaction(Ljava/lang/reflect/Method;Ljava/lang/Class;Lorg/springframework/transaction/interceptor/TransactionAspectSupport$InvocationCallback;)Ljava/lang/Object; (522 bytes) @ 0x000001e9da430ba8 [0x000001e9da430700+0x00000000000004a8]
J 14680 c2 org.springframework.transaction.interceptor.TransactionInterceptor.invoke(Lorg/aopalliance/intercept/MethodInvocation;)Ljava/lang/Object; (44 bytes) @ 0x000001e9da3de7c0 [0x000001e9da3de640+0x0000000000000180]
J 12833 c2 org.springframework.aop.framework.CglibAopProxy$CglibMethodInvocation.proceed()Ljava/lang/Object; (47 bytes) @ 0x000001e9da0a25d8 [0x000001e9da0a2460+0x0000000000000178]
J 14491 c2 org.springframework.aop.interceptor.ExposeInvocationInterceptor.invoke(Lorg/aopalliance/intercept/MethodInvocation;)Ljava/lang/Object; (45 bytes) @ 0x000001e9da3ae798 [0x000001e9da3ae600+0x0000000000000198]
J 12833 c2 org.springframework.aop.framework.CglibAopProxy$CglibMethodInvocation.proceed()Ljava/lang/Object; (47 bytes) @ 0x000001e9da0a25d8 [0x000001e9da0a2460+0x0000000000000178]
J 13599 c2 org.springframework.aop.framework.CglibAopProxy$DynamicAdvisedInterceptor.intercept(Ljava/lang/Object;Ljava/lang/reflect/Method;[Ljava/lang/Object;Lorg/springframework/cglib/proxy/MethodProxy;)Ljava/lang/Object; (247 bytes) @ 0x000001e9da218600 [0x000001e9da217bc0+0x0000000000000a40]
j  net.tiklab.matflow.execute.service.PipelineExecHistoryServiceImpl$$EnhancerBySpringCGLIB$$7b476859.findAllLog(Ljava/lang/String;)Lnet/tiklab/matflow/execute/model/PipelineRun;+36
j  net.tiklab.matflow.execute.controller.PipelineExecLogController.findAllLog(Ljava/lang/String;)Lnet/tiklab/core/Result;+5
j  net.tiklab.matflow.execute.controller.PipelineExecLogController$$FastClassBySpringCGLIB$$167c743a.invoke(ILjava/lang/Object;[Ljava/lang/Object;)Ljava/lang/Object;+42
J 12833 c2 org.springframework.aop.framework.CglibAopProxy$CglibMethodInvocation.proceed()Ljava/lang/Object; (47 bytes) @ 0x000001e9da0a2540 [0x000001e9da0a2460+0x00000000000000e0]
J 12819 c1 org.springframework.aop.framework.adapter.MethodBeforeAdviceInterceptor.invoke(Lorg/aopalliance/intercept/MethodInvocation;)Ljava/lang/Object; (34 bytes) @ 0x000001e9d2d17e54 [0x000001e9d2d17880+0x00000000000005d4]
J 12833 c2 org.springframework.aop.framework.CglibAopProxy$CglibMethodInvocation.proceed()Ljava/lang/Object; (47 bytes) @ 0x000001e9da0a25d8 [0x000001e9da0a2460+0x0000000000000178]
J 13866 c1 net.tiklab.web.logging.LogAspect.around(Lorg/aspectj/lang/ProceedingJoinPoint;)Ljava/lang/Object; (361 bytes) @ 0x000001e9d39360fc [0x000001e9d3934be0+0x000000000000151c]
J 12892 c1 jdk.internal.reflect.GeneratedMethodAccessor241.invoke(Ljava/lang/Object;[Ljava/lang/Object;)Ljava/lang/Object; (65 bytes) @ 0x000001e9d30dd814 [0x000001e9d30dd4e0+0x0000000000000334]
J 8594 c2 jdk.internal.reflect.DelegatingMethodAccessorImpl.invoke(Ljava/lang/Object;[Ljava/lang/Object;)Ljava/lang/Object; java.base@16.0.2 (10 bytes) @ 0x000001e9d9d70af4 [0x000001e9d9d70aa0+0x0000000000000054]
J 12375 c1 org.springframework.aop.aspectj.AbstractAspectJAdvice.invokeAdviceMethodWithGivenArgs([Ljava/lang/Object;)Ljava/lang/Object; (97 bytes) @ 0x000001e9d37eee7c [0x000001e9d37ee920+0x000000000000055c]
J 14334 c1 org.springframework.aop.aspectj.AbstractAspectJAdvice.invokeAdviceMethod(Lorg/aspectj/lang/JoinPoint;Lorg/aspectj/weaver/tools/JoinPointMatch;Ljava/lang/Object;Ljava/lang/Throwable;)Ljava/lang/Object; (14 bytes) @ 0x000001e9d2942c24 [0x000001e9d2942a40+0x00000000000001e4]
J 13798 c1 org.springframework.aop.aspectj.AspectJAroundAdvice.invoke(Lorg/aopalliance/intercept/MethodInvocation;)Ljava/lang/Object; (62 bytes) @ 0x000001e9d390be24 [0x000001e9d390ae20+0x0000000000001004]
J 12833 c2 org.springframework.aop.framework.CglibAopProxy$CglibMethodInvocation.proceed()Ljava/lang/Object; (47 bytes) @ 0x000001e9da0a25d8 [0x000001e9da0a2460+0x0000000000000178]
J 14491 c2 org.springframework.aop.interceptor.ExposeInvocationInterceptor.invoke(Lorg/aopalliance/intercept/MethodInvocation;)Ljava/lang/Object; (45 bytes) @ 0x000001e9da3ae798 [0x000001e9da3ae600+0x0000000000000198]
J 12833 c2 org.springframework.aop.framework.CglibAopProxy$CglibMethodInvocation.proceed()Ljava/lang/Object; (47 bytes) @ 0x000001e9da0a25d8 [0x000001e9da0a2460+0x0000000000000178]
J 13599 c2 org.springframework.aop.framework.CglibAopProxy$DynamicAdvisedInterceptor.intercept(Ljava/lang/Object;Ljava/lang/reflect/Method;[Ljava/lang/Object;Lorg/springframework/cglib/proxy/MethodProxy;)Ljava/lang/Object; (247 bytes) @ 0x000001e9da218600 [0x000001e9da217bc0+0x0000000000000a40]
j  net.tiklab.matflow.execute.controller.PipelineExecLogController$$EnhancerBySpringCGLIB$$a4af8d2b.findAllLog(Ljava/lang/String;)Lnet/tiklab/core/Result;+36
j  jdk.internal.reflect.GeneratedMethodAccessor681.invoke(Ljava/lang/Object;[Ljava/lang/Object;)Ljava/lang/Object;+40
J 8594 c2 jdk.internal.reflect.DelegatingMethodAccessorImpl.invoke(Ljava/lang/Object;[Ljava/lang/Object;)Ljava/lang/Object; java.base@16.0.2 (10 bytes) @ 0x000001e9d9d70af4 [0x000001e9d9d70aa0+0x0000000000000054]
J 14521 c1 org.springframework.web.method.support.InvocableHandlerMethod.doInvoke([Ljava/lang/Object;)Ljava/lang/Object; (143 bytes) @ 0x000001e9d321639c [0x000001e9d3215e20+0x000000000000057c]
J 14374 c1 org.springframework.web.method.support.InvocableHandlerMethod.invokeForRequest(Lorg/springframework/web/context/request/NativeWebRequest;Lorg/springframework/web/method/support/ModelAndViewContainer;[Ljava/lang/Object;)Ljava/lang/Object; (58 bytes) @ 0x000001e9d2f5d284 [0x000001e9d2f5cb20+0x0000000000000764]
J 14556 c1 org.springframework.web.servlet.mvc.method.annotation.ServletInvocableHandlerMethod.invokeAndHandle(Lorg/springframework/web/context/request/ServletWebRequest;Lorg/springframework/web/method/support/ModelAndViewContainer;[Ljava/lang/Object;)V (143 bytes) @ 0x000001e9d331910c [0x000001e9d3318fe0+0x000000000000012c]
J 14518 c1 org.springframework.web.servlet.mvc.method.annotation.RequestMappingHandlerAdapter.invokeHandlerMethod(Ljavax/servlet/http/HttpServletRequest;Ljavax/servlet/http/HttpServletResponse;Lorg/springframework/web/method/HandlerMethod;)Lorg/springframework/web/servlet/ModelAndView; (296 bytes) @ 0x000001e9d345ccd4 [0x000001e9d345b120+0x0000000000001bb4]
J 14318 c1 org.springframework.web.servlet.mvc.method.annotation.RequestMappingHandlerAdapter.handleInternal(Ljavax/servlet/http/HttpServletRequest;Ljavax/servlet/http/HttpServletResponse;Lorg/springframework/web/method/HandlerMethod;)Lorg/springframework/web/servlet/ModelAndView; (128 bytes) @ 0x000001e9d2246f24 [0x000001e9d22469e0+0x0000000000000544]
J 13783 c1 org.springframework.web.servlet.mvc.method.AbstractHandlerMethodAdapter.handle(Ljavax/servlet/http/HttpServletRequest;Ljavax/servlet/http/HttpServletResponse;Ljava/lang/Object;)Lorg/springframework/web/servlet/ModelAndView; (11 bytes) @ 0x000001e9d38f8d64 [0x000001e9d38f8b40+0x0000000000000224]
J 13764 c1 org.springframework.web.servlet.DispatcherServlet.doDispatch(Ljavax/servlet/http/HttpServletRequest;Ljavax/servlet/http/HttpServletResponse;)V (543 bytes) @ 0x000001e9d38e255c [0x000001e9d38e0d80+0x00000000000017dc]
J 13818 c1 org.springframework.web.servlet.DispatcherServlet.doService(Ljavax/servlet/http/HttpServletRequest;Ljavax/servlet/http/HttpServletResponse;)V (319 bytes) @ 0x000001e9d3915294 [0x000001e9d3913080+0x0000000000002214]
J 12815 c1 org.springframework.web.servlet.FrameworkServlet.processRequest(Ljavax/servlet/http/HttpServletRequest;Ljavax/servlet/http/HttpServletResponse;)V (186 bytes) @ 0x000001e9d2e5427c [0x000001e9d2e52f60+0x000000000000131c]
J 13824 c1 org.springframework.web.servlet.FrameworkServlet.doPost(Ljavax/servlet/http/HttpServletRequest;Ljavax/servlet/http/HttpServletResponse;)V (7 bytes) @ 0x000001e9d3918dd4 [0x000001e9d3918d40+0x0000000000000094]
J 13828 c1 javax.servlet.http.HttpServlet.service(Ljavax/servlet/http/HttpServletRequest;Ljavax/servlet/http/HttpServletResponse;)V (269 bytes) @ 0x000001e9d391ca94 [0x000001e9d391b920+0x0000000000001174]
J 13830 c1 org.springframework.web.servlet.FrameworkServlet.service(Ljavax/servlet/http/HttpServletRequest;Ljavax/servlet/http/HttpServletResponse;)V (37 bytes) @ 0x000001e9d391dcc4 [0x000001e9d391d7a0+0x0000000000000524]
J 14085 c2 org.apache.catalina.core.ApplicationFilterChain.internalDoFilter(Ljavax/servlet/ServletRequest;Ljavax/servlet/ServletResponse;)V (388 bytes) @ 0x000001e9da2e4998 [0x000001e9da2e4740+0x0000000000000258]
J 14087 c2 org.apache.catalina.core.ApplicationFilterChain.doFilter(Ljavax/servlet/ServletRequest;Ljavax/servlet/ServletResponse;)V (103 bytes) @ 0x000001e9da2e6f60 [0x000001e9da2e6f20+0x0000000000000040]
J 12814 c1 org.apache.tomcat.websocket.server.WsFilter.doFilter(Ljavax/servlet/ServletRequest;Ljavax/servlet/ServletResponse;Ljavax/servlet/FilterChain;)V (139 bytes) @ 0x000001e9d26bd924 [0x000001e9d26bd040+0x00000000000008e4]
J 14085 c2 org.apache.catalina.core.ApplicationFilterChain.internalDoFilter(Ljavax/servlet/ServletRequest;Ljavax/servlet/ServletResponse;)V (388 bytes) @ 0x000001e9da2e48d8 [0x000001e9da2e4740+0x0000000000000198]
J 14087 c2 org.apache.catalina.core.ApplicationFilterChain.doFilter(Ljavax/servlet/ServletRequest;Ljavax/servlet/ServletResponse;)V (103 bytes) @ 0x000001e9da2e6f60 [0x000001e9da2e6f20+0x0000000000000040]
J 13803 c1 net.tiklab.gateway.GatewayFilter.doFilter(Ljavax/servlet/ServletRequest;Ljavax/servlet/ServletResponse;Ljavax/servlet/FilterChain;)V (122 bytes) @ 0x000001e9d390ebdc [0x000001e9d390e180+0x0000000000000a5c]
J 14085 c2 org.apache.catalina.core.ApplicationFilterChain.internalDoFilter(Ljavax/servlet/ServletRequest;Ljavax/servlet/ServletResponse;)V (388 bytes) @ 0x000001e9da2e48d8 [0x000001e9da2e4740+0x0000000000000198]
J 14087 c2 org.apache.catalina.core.ApplicationFilterChain.doFilter(Ljavax/servlet/ServletRequest;Ljavax/servlet/ServletResponse;)V (103 bytes) @ 0x000001e9da2e6f60 [0x000001e9da2e6f20+0x0000000000000040]
J 12743 c1 net.tiklab.web.logging.LogFilter.doFilter(Ljavax/servlet/ServletRequest;Ljavax/servlet/ServletResponse;Ljavax/servlet/FilterChain;)V (356 bytes) @ 0x000001e9d2de9834 [0x000001e9d2de8de0+0x0000000000000a54]
J 14085 c2 org.apache.catalina.core.ApplicationFilterChain.internalDoFilter(Ljavax/servlet/ServletRequest;Ljavax/servlet/ServletResponse;)V (388 bytes) @ 0x000001e9da2e48d8 [0x000001e9da2e4740+0x0000000000000198]
J 14087 c2 org.apache.catalina.core.ApplicationFilterChain.doFilter(Ljavax/servlet/ServletRequest;Ljavax/servlet/ServletResponse;)V (103 bytes) @ 0x000001e9da2e6f60 [0x000001e9da2e6f20+0x0000000000000040]
J 12402 c1 net.tiklab.web.cors.CorsFilter.doFilter(Ljavax/servlet/ServletRequest;Ljavax/servlet/ServletResponse;Ljavax/servlet/FilterChain;)V (163 bytes) @ 0x000001e9d38163d4 [0x000001e9d3813fe0+0x00000000000023f4]
J 14085 c2 org.apache.catalina.core.ApplicationFilterChain.internalDoFilter(Ljavax/servlet/ServletRequest;Ljavax/servlet/ServletResponse;)V (388 bytes) @ 0x000001e9da2e48d8 [0x000001e9da2e4740+0x0000000000000198]
J 14087 c2 org.apache.catalina.core.ApplicationFilterChain.doFilter(Ljavax/servlet/ServletRequest;Ljavax/servlet/ServletResponse;)V (103 bytes) @ 0x000001e9da2e6f60 [0x000001e9da2e6f20+0x0000000000000040]
J 12382 c1 org.springframework.web.filter.RequestContextFilter.doFilterInternal(Ljavax/servlet/http/HttpServletRequest;Ljavax/servlet/http/HttpServletResponse;Ljavax/servlet/FilterChain;)V (133 bytes) @ 0x000001e9d37fa674 [0x000001e9d37fa080+0x00000000000005f4]
J 15049 c2 org.springframework.web.filter.OncePerRequestFilter.doFilter(Ljavax/servlet/ServletRequest;Ljavax/servlet/ServletResponse;Ljavax/servlet/FilterChain;)V (175 bytes) @ 0x000001e9da4cd9a0 [0x000001e9da4cd4a0+0x0000000000000500]
J 14085 c2 org.apache.catalina.core.ApplicationFilterChain.internalDoFilter(Ljavax/servlet/ServletRequest;Ljavax/servlet/ServletResponse;)V (388 bytes) @ 0x000001e9da2e48d8 [0x000001e9da2e4740+0x0000000000000198]
J 14087 c2 org.apache.catalina.core.ApplicationFilterChain.doFilter(Ljavax/servlet/ServletRequest;Ljavax/servlet/ServletResponse;)V (103 bytes) @ 0x000001e9da2e6f60 [0x000001e9da2e6f20+0x0000000000000040]
J 12778 c1 org.springframework.web.filter.FormContentFilter.doFilterInternal(Ljavax/servlet/http/HttpServletRequest;Ljavax/servlet/http/HttpServletResponse;Ljavax/servlet/FilterChain;)V (44 bytes) @ 0x000001e9d2b66c54 [0x000001e9d2b668a0+0x00000000000003b4]
J 15049 c2 org.springframework.web.filter.OncePerRequestFilter.doFilter(Ljavax/servlet/ServletRequest;Ljavax/servlet/ServletResponse;Ljavax/servlet/FilterChain;)V (175 bytes) @ 0x000001e9da4cd9a0 [0x000001e9da4cd4a0+0x0000000000000500]
J 14085 c2 org.apache.catalina.core.ApplicationFilterChain.internalDoFilter(Ljavax/servlet/ServletRequest;Ljavax/servlet/ServletResponse;)V (388 bytes) @ 0x000001e9da2e48d8 [0x000001e9da2e4740+0x0000000000000198]
J 14087 c2 org.apache.catalina.core.ApplicationFilterChain.doFilter(Ljavax/servlet/ServletRequest;Ljavax/servlet/ServletResponse;)V (103 bytes) @ 0x000001e9da2e6f60 [0x000001e9da2e6f20+0x0000000000000040]
J 12777 c1 org.springframework.web.filter.CharacterEncodingFilter.doFilterInternal(Ljavax/servlet/http/HttpServletRequest;Ljavax/servlet/http/HttpServletResponse;Ljavax/servlet/FilterChain;)V (59 bytes) @ 0x000001e9d2a8f00c [0x000001e9d2a8ea00+0x000000000000060c]
J 15049 c2 org.springframework.web.filter.OncePerRequestFilter.doFilter(Ljavax/servlet/ServletRequest;Ljavax/servlet/ServletResponse;Ljavax/servlet/FilterChain;)V (175 bytes) @ 0x000001e9da4cd9a0 [0x000001e9da4cd4a0+0x0000000000000500]
J 14085 c2 org.apache.catalina.core.ApplicationFilterChain.internalDoFilter(Ljavax/servlet/ServletRequest;Ljavax/servlet/ServletResponse;)V (388 bytes) @ 0x000001e9da2e48d8 [0x000001e9da2e4740+0x0000000000000198]
J 14087 c2 org.apache.catalina.core.ApplicationFilterChain.doFilter(Ljavax/servlet/ServletRequest;Ljavax/servlet/ServletResponse;)V (103 bytes) @ 0x000001e9da2e6f60 [0x000001e9da2e6f20+0x0000000000000040]
J 12764 c1 org.apache.catalina.core.StandardWrapperValve.invoke(Lorg/apache/catalina/connector/Request;Lorg/apache/catalina/connector/Response;)V (2665 bytes) @ 0x000001e9d3836674 [0x000001e9d3831600+0x0000000000005074]
J 12736 c1 org.apache.catalina.core.StandardContextValve.invoke(Lorg/apache/catalina/connector/Request;Lorg/apache/catalina/connector/Response;)V (175 bytes) @ 0x000001e9d30d94f4 [0x000001e9d30d83e0+0x0000000000001114]
J 12399 c1 org.apache.catalina.authenticator.AuthenticatorBase.invoke(Lorg/apache/catalina/connector/Request;Lorg/apache/catalina/connector/Response;)V (810 bytes) @ 0x000001e9d380ed44 [0x000001e9d3809660+0x00000000000056e4]
J 12776 c1 org.apache.catalina.core.StandardHostValve.invoke(Lorg/apache/catalina/connector/Request;Lorg/apache/catalina/connector/Response;)V (396 bytes) @ 0x000001e9d2a112c4 [0x000001e9d2a10460+0x0000000000000e64]
J 12396 c1 org.apache.catalina.valves.ErrorReportValve.invoke(Lorg/apache/catalina/connector/Request;Lorg/apache/catalina/connector/Response;)V (153 bytes) @ 0x000001e9d3805f2c [0x000001e9d3805d60+0x00000000000001cc]
J 12392 c1 org.apache.catalina.core.StandardEngineValve.invoke(Lorg/apache/catalina/connector/Request;Lorg/apache/catalina/connector/Response;)V (65 bytes) @ 0x000001e9d3803974 [0x000001e9d3803100+0x0000000000000874]
J 12365 c1 org.apache.catalina.connector.CoyoteAdapter.service(Lorg/apache/coyote/Request;Lorg/apache/coyote/Response;)V (892 bytes) @ 0x000001e9d37d359c [0x000001e9d37d1e20+0x000000000000177c]
J 11640 c1 org.apache.coyote.http11.Http11Processor.service(Lorg/apache/tomcat/util/net/SocketWrapperBase;)Lorg/apache/tomcat/util/net/AbstractEndpoint$Handler$SocketState; (1189 bytes) @ 0x000001e9d35cf52c [0x000001e9d35cb9e0+0x0000000000003b4c]
J 12600 c1 org.apache.coyote.AbstractProcessorLight.process(Lorg/apache/tomcat/util/net/SocketWrapperBase;Lorg/apache/tomcat/util/net/SocketEvent;)Lorg/apache/tomcat/util/net/AbstractEndpoint$Handler$SocketState; (367 bytes) @ 0x000001e9d2f9041c [0x000001e9d2f8ece0+0x000000000000173c]
J 11966 c1 org.apache.coyote.AbstractProtocol$ConnectionHandler.process(Lorg/apache/tomcat/util/net/SocketWrapperBase;Lorg/apache/tomcat/util/net/SocketEvent;)Lorg/apache/tomcat/util/net/AbstractEndpoint$Handler$SocketState; (1315 bytes) @ 0x000001e9d36b5d5c [0x000001e9d36b1460+0x00000000000048fc]
J 11965 c1 org.apache.tomcat.util.net.NioEndpoint$SocketProcessor.doRun()V (637 bytes) @ 0x000001e9d36ac8cc [0x000001e9d36ab9a0+0x0000000000000f2c]
J 12100 c1 org.apache.tomcat.util.net.SocketProcessorBase.run()V (35 bytes) @ 0x000001e9d371ff5c [0x000001e9d371fc60+0x00000000000002fc]
j  org.apache.tomcat.util.threads.ThreadPoolExecutor.runWorker(Lorg/apache/tomcat/util/threads/ThreadPoolExecutor$Worker;)V+92
j  org.apache.tomcat.util.threads.ThreadPoolExecutor$Worker.run()V+5
j  org.apache.tomcat.util.threads.TaskThread$WrappingRunnable.run()V+4
j  java.lang.Thread.run()V+11 java.base@16.0.2
v  ~StubRoutines::call_stub

---------------  P R O C E S S  ---------------

Threads class SMR info:
_java_thread_list=0x000001e9859ba020, length=65, elements={
0x000001e9eca26be0, 0x000001e9eca277e0, 0x000001e9eca3d9f0, 0x000001e9eca3e3f0,
0x000001e9eca3f400, 0x000001e9eca40210, 0x000001e9eca56050, 0x000001e9eca47c70,
0x000001e9eca49de0, 0x000001e9ed472570, 0x000001e9ed53a560, 0x000001e9ed554870,
0x000001e9ed554db0, 0x000001e9ed550c90, 0x000001e9ef4e62a0, 0x000001e9ef02aaf0,
0x000001e98b5b5850, 0x000001e9f0ba87e0, 0x000001e9f775fd80, 0x000001e9ef379220,
0x000001e9ed43cf60, 0x000001e9f392b560, 0x000001e9f381fb40, 0x000001e9f381db60,
0x000001e9f3820b30, 0x000001e9f381e0b0, 0x000001e9f381e600, 0x000001e9f38205e0,
0x000001e9f381f0a0, 0x000001e9f381f5f0, 0x000001e9f3820090, 0x000001e983caf710,
0x000001e983cacc90, 0x000001e983caec70, 0x000001e983cadc80, 0x000001e983ca9cc0,
0x000001e983cabca0, 0x000001e983cb0700, 0x000001e983cb01b0, 0x000001e983cae720,
0x000001e983ca8cd0, 0x000001e983caa210, 0x000001e983cafc60, 0x000001e983ca9770,
0x000001e983ca9220, 0x000001e983caa760, 0x000001e983caacb0, 0x000001e983cab200,
0x000001e983cab750, 0x000001e983cac1f0, 0x000001e983caf1c0, 0x000001e983cad1e0,
0x000001e9ef504c20, 0x000001e9ef505c10, 0x000001e9ef502c40, 0x000001e9ef5021a0,
0x000001e9ef4ff720, 0x000001e9ef4fe1e0, 0x000001e9f3c9d720, 0x000001e9f3c99cb0,
0x000001e9f3c99210, 0x000001e9f3c9b1f0, 0x000001e9f3c9b740, 0x000001e9f3c97230,
0x000001e9f3c9c1e0
}

Java Threads: ( => current thread )
  0x000001e9eca26be0 JavaThread "Reference Handler" daemon [_thread_blocked, id=13848, stack(0x0000005b5d000000,0x0000005b5d100000)]
  0x000001e9eca277e0 JavaThread "Finalizer" daemon [_thread_blocked, id=5216, stack(0x0000005b5d100000,0x0000005b5d200000)]
  0x000001e9eca3d9f0 JavaThread "Signal Dispatcher" daemon [_thread_blocked, id=7300, stack(0x0000005b5d200000,0x0000005b5d300000)]
  0x000001e9eca3e3f0 JavaThread "Attach Listener" daemon [_thread_blocked, id=22232, stack(0x0000005b5d300000,0x0000005b5d400000)]
  0x000001e9eca3f400 JavaThread "Service Thread" daemon [_thread_blocked, id=24400, stack(0x0000005b5d400000,0x0000005b5d500000)]
  0x000001e9eca40210 JavaThread "Monitor Deflation Thread" daemon [_thread_blocked, id=16396, stack(0x0000005b5d500000,0x0000005b5d600000)]
  0x000001e9eca56050 JavaThread "C2 CompilerThread0" daemon [_thread_blocked, id=19016, stack(0x0000005b5d600000,0x0000005b5d700000)]
  0x000001e9eca47c70 JavaThread "C1 CompilerThread0" daemon [_thread_blocked, id=14180, stack(0x0000005b5d700000,0x0000005b5d800000)]
  0x000001e9eca49de0 JavaThread "Sweeper thread" daemon [_thread_blocked, id=26060, stack(0x0000005b5d800000,0x0000005b5d900000)]
  0x000001e9ed472570 JavaThread "Common-Cleaner" daemon [_thread_blocked, id=26500, stack(0x0000005b5d900000,0x0000005b5da00000)]
  0x000001e9ed53a560 JavaThread "JDWP Transport Listener: dt_socket" daemon [_thread_blocked, id=24676, stack(0x0000005b5db00000,0x0000005b5dc00000)]
  0x000001e9ed554870 JavaThread "JDWP Event Helper Thread" daemon [_thread_blocked, id=27400, stack(0x0000005b5dc00000,0x0000005b5dd00000)]
  0x000001e9ed554db0 JavaThread "JDWP Command Reader" daemon [_thread_in_native, id=26588, stack(0x0000005b5dd00000,0x0000005b5de00000)]
  0x000001e9ed550c90 JavaThread "Notification Thread" daemon [_thread_blocked, id=24248, stack(0x0000005b5de00000,0x0000005b5df00000)]
  0x000001e9ef4e62a0 JavaThread "mysql-cj-abandoned-connection-cleanup" daemon [_thread_blocked, id=26908, stack(0x0000005b5ec00000,0x0000005b5ed00000)]
  0x000001e9ef02aaf0 JavaThread "Catalina-utility-1" [_thread_blocked, id=26392, stack(0x0000005b5ed00000,0x0000005b5ee00000)]
  0x000001e98b5b5850 JavaThread "Catalina-utility-2" [_thread_blocked, id=14524, stack(0x0000005b5ee00000,0x0000005b5ef00000)]
  0x000001e9f0ba87e0 JavaThread "container-0" [_thread_blocked, id=11668, stack(0x0000005b5ef00000,0x0000005b5f000000)]
  0x000001e9f775fd80 JavaThread "Timer-0" daemon [_thread_blocked, id=17452, stack(0x0000005b5f000000,0x0000005b5f100000)]
  0x000001e9ef379220 JavaThread "DefaultQuartzScheduler_Worker-1" [_thread_blocked, id=6312, stack(0x0000005b5f100000,0x0000005b5f200000)]
  0x000001e9ed43cf60 JavaThread "DefaultQuartzScheduler_Worker-2" [_thread_blocked, id=15220, stack(0x0000005b5f200000,0x0000005b5f300000)]
  0x000001e9f392b560 JavaThread "DefaultQuartzScheduler_Worker-3" [_thread_blocked, id=27148, stack(0x0000005b5f300000,0x0000005b5f400000)]
  0x000001e9f381fb40 JavaThread "DefaultQuartzScheduler_Worker-4" [_thread_blocked, id=24376, stack(0x0000005b5f400000,0x0000005b5f500000)]
  0x000001e9f381db60 JavaThread "DefaultQuartzScheduler_Worker-5" [_thread_blocked, id=16484, stack(0x0000005b5f500000,0x0000005b5f600000)]
  0x000001e9f3820b30 JavaThread "DefaultQuartzScheduler_Worker-6" [_thread_blocked, id=12168, stack(0x0000005b5f600000,0x0000005b5f700000)]
  0x000001e9f381e0b0 JavaThread "DefaultQuartzScheduler_Worker-7" [_thread_blocked, id=22676, stack(0x0000005b5f700000,0x0000005b5f800000)]
  0x000001e9f381e600 JavaThread "DefaultQuartzScheduler_Worker-8" [_thread_blocked, id=12564, stack(0x0000005b5f800000,0x0000005b5f900000)]
  0x000001e9f38205e0 JavaThread "DefaultQuartzScheduler_Worker-9" [_thread_blocked, id=16424, stack(0x0000005b5f900000,0x0000005b5fa00000)]
  0x000001e9f381f0a0 JavaThread "DefaultQuartzScheduler_Worker-10" [_thread_blocked, id=9636, stack(0x0000005b5fa00000,0x0000005b5fb00000)]
  0x000001e9f381f5f0 JavaThread "DefaultQuartzScheduler_QuartzSchedulerThread" [_thread_blocked, id=19960, stack(0x0000005b5fb00000,0x0000005b5fc00000)]
  0x000001e9f3820090 JavaThread "quartzScheduler_Worker-1" [_thread_blocked, id=19276, stack(0x0000005b5fc00000,0x0000005b5fd00000)]
  0x000001e983caf710 JavaThread "quartzScheduler_Worker-2" [_thread_blocked, id=24352, stack(0x0000005b5fd00000,0x0000005b5fe00000)]
  0x000001e983cacc90 JavaThread "quartzScheduler_Worker-3" [_thread_blocked, id=8672, stack(0x0000005b5fe00000,0x0000005b5ff00000)]
  0x000001e983caec70 JavaThread "quartzScheduler_Worker-4" [_thread_blocked, id=24660, stack(0x0000005b5ff00000,0x0000005b60000000)]
  0x000001e983cadc80 JavaThread "quartzScheduler_Worker-5" [_thread_blocked, id=7176, stack(0x0000005b60000000,0x0000005b60100000)]
  0x000001e983ca9cc0 JavaThread "quartzScheduler_Worker-6" [_thread_blocked, id=25668, stack(0x0000005b60100000,0x0000005b60200000)]
  0x000001e983cabca0 JavaThread "quartzScheduler_Worker-7" [_thread_blocked, id=11000, stack(0x0000005b60200000,0x0000005b60300000)]
  0x000001e983cb0700 JavaThread "quartzScheduler_Worker-8" [_thread_blocked, id=11312, stack(0x0000005b60300000,0x0000005b60400000)]
  0x000001e983cb01b0 JavaThread "quartzScheduler_Worker-9" [_thread_blocked, id=24720, stack(0x0000005b60400000,0x0000005b60500000)]
  0x000001e983cae720 JavaThread "quartzScheduler_Worker-10" [_thread_blocked, id=14188, stack(0x0000005b60500000,0x0000005b60600000)]
  0x000001e983ca8cd0 JavaThread "quartzScheduler_QuartzSchedulerThread" [_thread_blocked, id=25148, stack(0x0000005b60600000,0x0000005b60700000)]
  0x000001e983caa210 JavaThread "http-nio-8080-Poller" daemon [_thread_in_native, id=12292, stack(0x0000005b60700000,0x0000005b60800000)]
  0x000001e983cafc60 JavaThread "http-nio-8080-Acceptor" daemon [_thread_in_native, id=12628, stack(0x0000005b60800000,0x0000005b60900000)]
  0x000001e983ca9770 JavaThread "pool-2-thread-1" [_thread_blocked, id=10652, stack(0x0000005b60900000,0x0000005b60a00000)]
  0x000001e983ca9220 JavaThread "DestroyJavaVM" [_thread_blocked, id=27308, stack(0x0000005b5c900000,0x0000005b5ca00000)]
  0x000001e983caa760 JavaThread "http-nio-8080-exec-2" daemon [_thread_blocked, id=17516, stack(0x0000005b60b00000,0x0000005b60c00000)]
  0x000001e983caacb0 JavaThread "http-nio-8080-exec-3" daemon [_thread_blocked, id=23816, stack(0x0000005b5ea00000,0x0000005b5eb00000)]
  0x000001e983cab200 JavaThread "http-nio-8080-exec-4" daemon [_thread_blocked, id=6244, stack(0x0000005b60d00000,0x0000005b60e00000)]
  0x000001e983cab750 JavaThread "http-nio-8080-exec-5" daemon [_thread_blocked, id=16140, stack(0x0000005b60e00000,0x0000005b60f00000)]
  0x000001e983cac1f0 JavaThread "http-nio-8080-exec-6" daemon [_thread_blocked, id=9720, stack(0x0000005b5da00000,0x0000005b5db00000)]
  0x000001e983caf1c0 JavaThread "http-nio-8080-exec-9" daemon [_thread_blocked, id=2480, stack(0x0000005b61000000,0x0000005b61100000)]
  0x000001e983cad1e0 JavaThread "http-nio-8080-exec-10" daemon [_thread_blocked, id=10552, stack(0x0000005b61300000,0x0000005b61400000)]
  0x000001e9ef504c20 JavaThread "MySQL Statement Cancellation Timer" daemon [_thread_blocked, id=2980, stack(0x0000005b61500000,0x0000005b61600000)]
  0x000001e9ef505c10 JavaThread "MySQL Statement Cancellation Timer" daemon [_thread_blocked, id=15104, stack(0x0000005b61200000,0x0000005b61300000)]
  0x000001e9ef502c40 JavaThread "MySQL Statement Cancellation Timer" daemon [_thread_blocked, id=21416, stack(0x0000005b61800000,0x0000005b61900000)]
  0x000001e9ef5021a0 JavaThread "MySQL Statement Cancellation Timer" daemon [_thread_blocked, id=9748, stack(0x0000005b5c600000,0x0000005b5c700000)]
  0x000001e9ef4ff720 JavaThread "MySQL Statement Cancellation Timer" daemon [_thread_blocked, id=14096, stack(0x0000005b5c700000,0x0000005b5c800000)]
  0x000001e9ef4fe1e0 JavaThread "http-nio-8080-exec-12" daemon [_thread_blocked, id=17164, stack(0x0000005b61600000,0x0000005b61700000)]
  0x000001e9f3c9d720 JavaThread "MySQL Statement Cancellation Timer" daemon [_thread_blocked, id=9432, stack(0x0000005b61b00000,0x0000005b61c00000)]
  0x000001e9f3c99cb0 JavaThread "MySQL Statement Cancellation Timer" daemon [_thread_blocked, id=23956, stack(0x0000005b60c00000,0x0000005b60d00000)]
  0x000001e9f3c99210 JavaThread "http-nio-8080-exec-17" daemon [_thread_blocked, id=16028, stack(0x0000005b61d00000,0x0000005b61e00000)]
  0x000001e9f3c9b1f0 JavaThread "http-nio-8080-exec-19" daemon [_thread_blocked, id=25692, stack(0x0000005b61f00000,0x0000005b62000000)]
  0x000001e9f3c9b740 JavaThread "MySQL Statement Cancellation Timer" daemon [_thread_blocked, id=24752, stack(0x0000005b61400000,0x0000005b61500000)]
  0x000001e9f3c97230 JavaThread "MySQL Statement Cancellation Timer" daemon [_thread_blocked, id=11948, stack(0x0000005b61900000,0x0000005b61a00000)]
  0x000001e9f3c9c1e0 JavaThread "MySQL Statement Cancellation Timer" daemon [_thread_blocked, id=25944, stack(0x0000005b61a00000,0x0000005b61b00000)]

Other Threads:
  0x000001e9eca220f0 VMThread "VM Thread" [stack: 0x0000005b5cf00000,0x0000005b5d000000] [id=9552]
  0x000001e9ed553a00 WatcherThread [stack: 0x0000005b5df00000,0x0000005b5e000000] [id=3616]
  0x000001e9ca483240 GCTaskThread "GC Thread#0" [stack: 0x0000005b5ca00000,0x0000005b5cb00000] [id=10524]
  0x000001e9ee4ebf60 GCTaskThread "GC Thread#1" [stack: 0x0000005b5e100000,0x0000005b5e200000] [id=22496]
  0x000001e9ef33bc30 GCTaskThread "GC Thread#2" [stack: 0x0000005b5e200000,0x0000005b5e300000] [id=2748]
  0x000001e9ee896350 GCTaskThread "GC Thread#3" [stack: 0x0000005b5e300000,0x0000005b5e400000] [id=11132]
  0x000001e9eef13820 GCTaskThread "GC Thread#4" [stack: 0x0000005b5e400000,0x0000005b5e500000] [id=18016]
  0x000001e9eef13b30 GCTaskThread "GC Thread#5" [stack: 0x0000005b5e500000,0x0000005b5e600000] [id=9824]
=>0x000001e9eef15a70 GCTaskThread "GC Thread#6" [stack: 0x0000005b5e600000,0x0000005b5e700000] [id=25736]
  0x000001e9eef15d80 GCTaskThread "GC Thread#7" [stack: 0x0000005b5e700000,0x0000005b5e800000] [id=20936]
  0x000001e9ee0d5870 GCTaskThread "GC Thread#8" [stack: 0x0000005b5e800000,0x0000005b5e900000] [id=21264]
  0x000001e9eedda2c0 GCTaskThread "GC Thread#9" [stack: 0x0000005b5e900000,0x0000005b5ea00000] [id=27344]
  0x000001e9ca4d2010 ConcurrentGCThread "G1 Main Marker" [stack: 0x0000005b5cb00000,0x0000005b5cc00000] [id=16972]
  0x000001e9ca4d4150 ConcurrentGCThread "G1 Conc#0" [stack: 0x0000005b5cc00000,0x0000005b5cd00000] [id=4168]
  0x000001e9eedd9ca0 ConcurrentGCThread "G1 Conc#1" [stack: 0x0000005b5e000000,0x0000005b5e100000] [id=24704]
  0x000001e9eeddb210 ConcurrentGCThread "G1 Conc#2" [stack: 0x0000005b5eb00000,0x0000005b5ec00000] [id=3880]
  0x000001e9ec9566e0 ConcurrentGCThread "G1 Refine#0" [stack: 0x0000005b5cd00000,0x0000005b5ce00000] [id=12420]
  0x000001e98b5996e0 ConcurrentGCThread "G1 Refine#1" [stack: 0x0000005b61100000,0x0000005b61200000] [id=20928]
  0x000001e9ec957000 ConcurrentGCThread "G1 Service" [stack: 0x0000005b5ce00000,0x0000005b5cf00000] [id=25788]

Threads with active compile tasks:

VM state: at safepoint (normal execution)

VM Mutex/Monitor currently owned by a thread:  ([mutex/lock_event])
[0x000001e9ca42cff0] Threads_lock - owner thread: 0x000001e9eca220f0
[0x000001e9ca42ced0] Heap_lock - owner thread: 0x000001e983cad1e0

Heap address: 0x0000000704400000, size: 4028 MB, Compressed Oops mode: Zero based, Oop shift amount: 3

CDS archive(s) mapped at: [0x0000000800000000-0x0000000800bb0000-0x0000000800bb0000), size 12255232, SharedBaseAddress: 0x0000000800000000, ArchiveRelocationMode: 0.
Compressed class space mapped at: 0x0000000800c00000-0x0000000840c00000, reserved size: 1073741824
Narrow klass base: 0x0000000800000000, Narrow klass shift: 3, Narrow klass range: 0x100000000

GC Precious Log:
 CPUs: 12 total, 12 available
 Memory: 16105M
 Large Page Support: Disabled
 NUMA Support: Disabled
 Compressed Oops: Enabled (Zero based)
 Heap Region Size: 2M
 Heap Min Capacity: 8M
 Heap Initial Capacity: 252M
 Heap Max Capacity: 4028M
 Pre-touch: Disabled
 Parallel Workers: 10
 Concurrent Workers: 3
 Concurrent Refinement Workers: 10
 Periodic GC: Disabled

Heap:
 garbage-first heap   total 159744K, used 137675K [0x0000000704400000, 0x0000000800000000)
  region size 2048K, 41 young (83968K), 1 survivors (2048K)
 Metaspace       used 71157K, committed 72512K, reserved 1114112K
  class space    used 7581K, committed 8320K, reserved 1048576K

Heap Regions: E=young(eden), S=young(survivor), O=old, HS=humongous(starts), HC=humongous(continues), CS=collection set, F=free, OA=open archive, CA=closed archive, TAMS=top-at-mark-start (previous, next)
|   0|0x0000000704400000, 0x0000000704600000, 0x0000000704600000|100%| O|  |TAMS 0x0000000704600000, 0x0000000704400000| Untracked 
|   1|0x0000000704600000, 0x0000000704800000, 0x0000000704800000|100%| O|  |TAMS 0x0000000704800000, 0x0000000704600000| Untracked 
|   2|0x0000000704800000, 0x0000000704a00000, 0x0000000704a00000|100%| O|  |TAMS 0x0000000704a00000, 0x0000000704800000| Untracked 
|   3|0x0000000704a00000, 0x0000000704c00000, 0x0000000704c00000|100%| O|  |TAMS 0x0000000704c00000, 0x0000000704a00000| Untracked 
|   4|0x0000000704c00000, 0x0000000704c37a00, 0x0000000704e00000| 10%| O|  |TAMS 0x0000000704c37a00, 0x0000000704c00000| Untracked 
|   5|0x0000000704e00000, 0x0000000705000000, 0x0000000705000000|100%| O|  |TAMS 0x0000000705000000, 0x0000000704e00000| Untracked 
|   6|0x0000000705000000, 0x0000000705200000, 0x0000000705200000|100%| O|  |TAMS 0x0000000705200000, 0x0000000705000000| Untracked 
|   7|0x0000000705200000, 0x00000007053ffff8, 0x0000000705400000| 99%| O|  |TAMS 0x00000007053ffff8, 0x0000000705200000| Untracked 
|   8|0x0000000705400000, 0x0000000705600000, 0x0000000705600000|100%| O|  |TAMS 0x0000000705600000, 0x0000000705400000| Untracked 
|   9|0x0000000705600000, 0x0000000705800000, 0x0000000705800000|100%| O|  |TAMS 0x0000000705800000, 0x0000000705600000| Untracked 
|  10|0x0000000705800000, 0x0000000705a00000, 0x0000000705a00000|100%| O|  |TAMS 0x0000000705a00000, 0x0000000705800000| Untracked 
|  11|0x0000000705a00000, 0x0000000705c00000, 0x0000000705c00000|100%| O|  |TAMS 0x0000000705c00000, 0x0000000705a00000| Untracked 
|  12|0x0000000705c00000, 0x0000000705e00000, 0x0000000705e00000|100%| O|  |TAMS 0x0000000705e00000, 0x0000000705c00000| Untracked 
|  13|0x0000000705e00000, 0x0000000706000000, 0x0000000706000000|100%| O|  |TAMS 0x0000000706000000, 0x0000000705e00000| Untracked 
|  14|0x0000000706000000, 0x0000000706200000, 0x0000000706200000|100%| O|  |TAMS 0x0000000706200000, 0x0000000706000000| Untracked 
|  15|0x0000000706200000, 0x0000000706400000, 0x0000000706400000|100%| O|  |TAMS 0x0000000706400000, 0x0000000706200000| Untracked 
|  16|0x0000000706400000, 0x0000000706600000, 0x0000000706600000|100%| O|  |TAMS 0x0000000706600000, 0x0000000706400000| Untracked 
|  17|0x0000000706600000, 0x0000000706800000, 0x0000000706800000|100%| O|  |TAMS 0x0000000706800000, 0x0000000706600000| Untracked 
|  18|0x0000000706800000, 0x0000000706a00000, 0x0000000706a00000|100%| O|  |TAMS 0x00000007069cb000, 0x0000000706800000| Untracked 
|  19|0x0000000706a00000, 0x0000000706c00000, 0x0000000706c00000|100%| O|  |TAMS 0x0000000706a00000, 0x0000000706a00000| Untracked 
|  20|0x0000000706c00000, 0x0000000706e00000, 0x0000000706e00000|100%| O|  |TAMS 0x0000000706c00000, 0x0000000706c00000| Untracked 
|  21|0x0000000706e00000, 0x0000000707000000, 0x0000000707000000|100%| O|  |TAMS 0x0000000706e00000, 0x0000000706e00000| Untracked 
|  22|0x0000000707000000, 0x0000000707200000, 0x0000000707200000|100%| O|  |TAMS 0x0000000707000000, 0x0000000707000000| Untracked 
|  23|0x0000000707200000, 0x0000000707400000, 0x0000000707400000|100%| O|  |TAMS 0x0000000707200000, 0x0000000707200000| Untracked 
|  24|0x0000000707400000, 0x0000000707600000, 0x0000000707600000|100%| O|  |TAMS 0x0000000707400000, 0x0000000707400000| Untracked 
|  25|0x0000000707600000, 0x0000000707800000, 0x0000000707800000|100%| O|  |TAMS 0x0000000707600000, 0x0000000707600000| Untracked 
|  26|0x0000000707800000, 0x0000000707a00000, 0x0000000707a00000|100%| O|  |TAMS 0x0000000707800000, 0x0000000707800000| Untracked 
|  27|0x0000000707a00000, 0x0000000707b35c30, 0x0000000707c00000| 60%| O|  |TAMS 0x0000000707a00000, 0x0000000707a00000| Untracked 
|  28|0x0000000707c00000, 0x0000000707c00000, 0x0000000707e00000|  0%| F|  |TAMS 0x0000000707c00000, 0x0000000707c00000| Untracked 
|  29|0x0000000707e00000, 0x0000000707e00000, 0x0000000708000000|  0%| F|  |TAMS 0x0000000707e00000, 0x0000000707e00000| Untracked 
|  30|0x0000000708000000, 0x0000000708000000, 0x0000000708200000|  0%| F|  |TAMS 0x0000000708000000, 0x0000000708000000| Untracked 
|  31|0x0000000708200000, 0x0000000708200000, 0x0000000708400000|  0%| F|  |TAMS 0x0000000708200000, 0x0000000708200000| Untracked 
|  32|0x0000000708400000, 0x0000000708400000, 0x0000000708600000|  0%| F|  |TAMS 0x0000000708400000, 0x0000000708400000| Untracked 
|  33|0x0000000708600000, 0x0000000708600000, 0x0000000708800000|  0%| F|  |TAMS 0x0000000708600000, 0x0000000708600000| Untracked 
|  34|0x0000000708800000, 0x0000000708800000, 0x0000000708a00000|  0%| F|  |TAMS 0x0000000708800000, 0x0000000708800000| Untracked 
|  35|0x0000000708a00000, 0x0000000708a00000, 0x0000000708c00000|  0%| F|  |TAMS 0x0000000708a00000, 0x0000000708a00000| Untracked 
|  36|0x0000000708c00000, 0x0000000708d0a400, 0x0000000708e00000| 52%| E|CS|TAMS 0x0000000708c00000, 0x0000000708c00000| Complete 
|  37|0x0000000708e00000, 0x0000000708e14770, 0x0000000709000000|  3%| S|  |TAMS 0x0000000708e00000, 0x0000000708e00000| Complete 
|  38|0x0000000709000000, 0x00000007091fcb98, 0x0000000709200000| 99%| E|CS|TAMS 0x0000000709000000, 0x0000000709000000| Complete 
|  39|0x0000000709200000, 0x0000000709400000, 0x0000000709400000|100%| E|CS|TAMS 0x0000000709200000, 0x0000000709200000| Complete 
|  40|0x0000000709400000, 0x0000000709600000, 0x0000000709600000|100%| E|CS|TAMS 0x0000000709400000, 0x0000000709400000| Complete 
|  41|0x0000000709600000, 0x0000000709800000, 0x0000000709800000|100%| E|CS|TAMS 0x0000000709600000, 0x0000000709600000| Complete 
|  42|0x0000000709800000, 0x0000000709a00000, 0x0000000709a00000|100%| E|CS|TAMS 0x0000000709800000, 0x0000000709800000| Complete 
|  43|0x0000000709a00000, 0x0000000709c00000, 0x0000000709c00000|100%| E|CS|TAMS 0x0000000709a00000, 0x0000000709a00000| Complete 
|  44|0x0000000709c00000, 0x0000000709e00000, 0x0000000709e00000|100%| E|CS|TAMS 0x0000000709c00000, 0x0000000709c00000| Complete 
|  45|0x0000000709e00000, 0x000000070a000000, 0x000000070a000000|100%| E|CS|TAMS 0x0000000709e00000, 0x0000000709e00000| Complete 
|  46|0x000000070a000000, 0x000000070a200000, 0x000000070a200000|100%| E|CS|TAMS 0x000000070a000000, 0x000000070a000000| Complete 
|  47|0x000000070a200000, 0x000000070a400000, 0x000000070a400000|100%| E|CS|TAMS 0x000000070a200000, 0x000000070a200000| Complete 
|  48|0x000000070a400000, 0x000000070a600000, 0x000000070a600000|100%| E|CS|TAMS 0x000000070a400000, 0x000000070a400000| Complete 
|  49|0x000000070a600000, 0x000000070a800000, 0x000000070a800000|100%| E|CS|TAMS 0x000000070a600000, 0x000000070a600000| Complete 
|  50|0x000000070a800000, 0x000000070aa00000, 0x000000070aa00000|100%| E|CS|TAMS 0x000000070a800000, 0x000000070a800000| Complete 
|  51|0x000000070aa00000, 0x000000070ac00000, 0x000000070ac00000|100%| E|CS|TAMS 0x000000070aa00000, 0x000000070aa00000| Complete 
|  52|0x000000070ac00000, 0x000000070ae00000, 0x000000070ae00000|100%| E|CS|TAMS 0x000000070ac00000, 0x000000070ac00000| Complete 
|  53|0x000000070ae00000, 0x000000070b000000, 0x000000070b000000|100%| E|CS|TAMS 0x000000070ae00000, 0x000000070ae00000| Complete 
|  54|0x000000070b000000, 0x000000070b200000, 0x000000070b200000|100%| E|CS|TAMS 0x000000070b000000, 0x000000070b000000| Complete 
|  55|0x000000070b200000, 0x000000070b400000, 0x000000070b400000|100%| E|CS|TAMS 0x000000070b200000, 0x000000070b200000| Complete 
|  56|0x000000070b400000, 0x000000070b600000, 0x000000070b600000|100%| E|CS|TAMS 0x000000070b400000, 0x000000070b400000| Complete 
|  57|0x000000070b600000, 0x000000070b800000, 0x000000070b800000|100%| E|CS|TAMS 0x000000070b600000, 0x000000070b600000| Complete 
|  58|0x000000070b800000, 0x000000070ba00000, 0x000000070ba00000|100%| E|CS|TAMS 0x000000070b800000, 0x000000070b800000| Complete 
|  59|0x000000070ba00000, 0x000000070bc00000, 0x000000070bc00000|100%| E|CS|TAMS 0x000000070ba00000, 0x000000070ba00000| Complete 
|  60|0x000000070bc00000, 0x000000070be00000, 0x000000070be00000|100%| E|CS|TAMS 0x000000070bc00000, 0x000000070bc00000| Complete 
|  61|0x000000070be00000, 0x000000070c000000, 0x000000070c000000|100%| E|CS|TAMS 0x000000070be00000, 0x000000070be00000| Complete 
|  62|0x000000070c000000, 0x000000070c200000, 0x000000070c200000|100%| E|CS|TAMS 0x000000070c000000, 0x000000070c000000| Complete 
|  63|0x000000070c200000, 0x000000070c400000, 0x000000070c400000|100%| E|CS|TAMS 0x000000070c200000, 0x000000070c200000| Complete 
|  64|0x000000070c400000, 0x000000070c600000, 0x000000070c600000|100%| E|CS|TAMS 0x000000070c400000, 0x000000070c400000| Complete 
|  65|0x000000070c600000, 0x000000070c800000, 0x000000070c800000|100%| E|CS|TAMS 0x000000070c600000, 0x000000070c600000| Complete 
|  66|0x000000070c800000, 0x000000070ca00000, 0x000000070ca00000|100%| E|CS|TAMS 0x000000070c800000, 0x000000070c800000| Complete 
|  67|0x000000070ca00000, 0x000000070cc00000, 0x000000070cc00000|100%| E|CS|TAMS 0x000000070ca00000, 0x000000070ca00000| Complete 
|  68|0x000000070cc00000, 0x000000070ce00000, 0x000000070ce00000|100%| E|CS|TAMS 0x000000070cc00000, 0x000000070cc00000| Complete 
|  69|0x000000070ce00000, 0x000000070d000000, 0x000000070d000000|100%| E|CS|TAMS 0x000000070ce00000, 0x000000070ce00000| Complete 
|  70|0x000000070d000000, 0x000000070d200000, 0x000000070d200000|100%| E|CS|TAMS 0x000000070d000000, 0x000000070d000000| Complete 
|  71|0x000000070d200000, 0x000000070d400000, 0x000000070d400000|100%| E|CS|TAMS 0x000000070d200000, 0x000000070d200000| Complete 
|  81|0x000000070e600000, 0x000000070e800000, 0x000000070e800000|100%| E|CS|TAMS 0x000000070e600000, 0x000000070e600000| Complete 
|  82|0x000000070e800000, 0x000000070ea00000, 0x000000070ea00000|100%| E|CS|TAMS 0x000000070e800000, 0x000000070e800000| Complete 
|  83|0x000000070ea00000, 0x000000070ec00000, 0x000000070ec00000|100%| E|CS|TAMS 0x000000070ea00000, 0x000000070ea00000| Complete 
|  84|0x000000070ec00000, 0x000000070ee00000, 0x000000070ee00000|100%| E|CS|TAMS 0x000000070ec00000, 0x000000070ec00000| Complete 
|  85|0x000000070ee00000, 0x000000070f000000, 0x000000070f000000|100%| E|CS|TAMS 0x000000070ee00000, 0x000000070ee00000| Complete 
| 125|0x0000000713e00000, 0x0000000714000000, 0x0000000714000000|100%| E|CS|TAMS 0x0000000713e00000, 0x0000000713e00000| Complete 

Card table byte_map: [0x000001e9e18c0000,0x000001e9e20a0000] _byte_map_base: 0x000001e9de09e000

Marking Bits (Prev, Next): (CMBitMap*) 0x000001e9ca483970, (CMBitMap*) 0x000001e9ca483930
 Prev Bits: [0x000001e9e6770000, 0x000001e9ea660000)
 Next Bits: [0x000001e9e2880000, 0x000001e9e6770000)

Polling page: 0x000001e9c9be0000

Metaspace:

Usage:
  Non-class:     62.09 MB used.
      Class:      7.40 MB used.
       Both:     69.49 MB used.

Virtual space:
  Non-class space:       64.00 MB reserved,      62.69 MB ( 98%) committed,  8 nodes.
      Class space:        1.00 GB reserved,       8.12 MB ( <1%) committed,  1 nodes.
              Both:        1.06 GB reserved,      70.81 MB (  7%) committed. 

Chunk freelists:
   Non-Class:  738.00 KB
       Class:  3.79 MB
        Both:  4.51 MB

MaxMetaspaceSize: 17179869184.00 GB
CompressedClassSpaceSize: 1.00 GB
 - commit_granule_bytes: 65536.
 - commit_granule_words: 8192.
 - virtual_space_node_default_size: 1048576.
 - enlarge_chunks_in_place: 1.
 - new_chunks_are_fully_committed: 0.
 - uncommit_free_chunks: 1.
 - use_allocation_guard: 0.
 - handle_deallocations: 1.


Internal statistics:

num_allocs_failed_limit: 9.
num_arena_births: 2674.
num_arena_deaths: 0.
num_vsnodes_births: 9.
num_vsnodes_deaths: 0.
num_space_committed: 1132.
num_space_uncommitted: 0.
num_chunks_returned_to_freelist: 9.
num_chunks_taken_from_freelist: 6649.
num_chunk_merges: 9.
num_chunk_splits: 3777.
num_chunks_enlarged: 1737.
num_purges: 0.

CodeHeap 'non-profiled nmethods': size=120000Kb used=15482Kb max_used=15482Kb free=104517Kb
 bounds [0x000001e9d9650000, 0x000001e9da570000, 0x000001e9e0b80000]
CodeHeap 'profiled nmethods': size=120000Kb used=25862Kb max_used=25862Kb free=94137Kb
 bounds [0x000001e9d2120000, 0x000001e9d3a70000, 0x000001e9d9650000]
CodeHeap 'non-nmethods': size=5760Kb used=1396Kb max_used=1490Kb free=4363Kb
 bounds [0x000001e9d1b80000, 0x000001e9d1df0000, 0x000001e9d2120000]
 total_blobs=13195 nmethods=12560 adapters=546
 compilation: enabled
              stopped_count=0, restarted_count=0
 full_count=0

Compilation events (20 events):
Event: 2154.856 Thread 0x000001e9eca47c70 nmethod 15579 0x000001e9d3a5e990 code [0x000001e9d3a5eb60, 0x000001e9d3a5ef38]
Event: 2154.856 Thread 0x000001e9eca47c70 15580       3       freemarker.cache.TemplateLookupContext::<init> (20 bytes)
Event: 2154.856 Thread 0x000001e9eca47c70 nmethod 15580 0x000001e9d3a5f090 code [0x000001e9d3a5f240, 0x000001e9d3a5f4d8]
Event: 2154.856 Thread 0x000001e9eca47c70 15581       3       freemarker.cache.TemplateLookupStrategy$Default020300::lookup (13 bytes)
Event: 2154.856 Thread 0x000001e9eca47c70 nmethod 15581 0x000001e9d3a5f590 code [0x000001e9d3a5f740, 0x000001e9d3a5fa88]
Event: 2154.856 Thread 0x000001e9eca47c70 15582   !   3       freemarker.cache.TemplateCache::storeCached (52 bytes)
Event: 2154.857 Thread 0x000001e9eca47c70 nmethod 15582 0x000001e9d3a5fb90 code [0x000001e9d3a5fd60, 0x000001e9d3a60258]
Event: 2154.857 Thread 0x000001e9eca47c70 15584       3       com.fasterxml.jackson.databind.ser.std.DateSerializer::serialize (11 bytes)
Event: 2154.857 Thread 0x000001e9eca47c70 nmethod 15584 0x000001e9d3a60490 code [0x000001e9d3a606a0, 0x000001e9d3a60db8]
Event: 2154.897 Thread 0x000001e9eca47c70 15585       3       org.springframework.util.MimeType$$Lambda$705/0x0000000801210688::accept (16 bytes)
Event: 2154.897 Thread 0x000001e9eca47c70 nmethod 15585 0x000001e9d3a61010 code [0x000001e9d3a61220, 0x000001e9d3a61838]
Event: 2154.897 Thread 0x000001e9eca47c70 15586   !   3       org.springframework.core.ReactiveAdapterRegistry::getSharedInstance (45 bytes)
Event: 2154.897 Thread 0x000001e9eca47c70 nmethod 15586 0x000001e9d3a61a90 code [0x000001e9d3a61c60, 0x000001e9d3a62008]
Event: 2154.923 Thread 0x000001e9eca47c70 15587   !   3       org.apache.coyote.Response::recycle (121 bytes)
Event: 2154.924 Thread 0x000001e9eca47c70 nmethod 15587 0x000001e9d3a62190 code [0x000001e9d3a62360, 0x000001e9d3a62888]
Event: 2154.933 Thread 0x000001e9eca56050 nmethod 15567 0x000001e9da562c10 code [0x000001e9da562ec0, 0x000001e9da565bd0]
Event: 2154.933 Thread 0x000001e9eca56050 15570       4       java.text.CollationElementIterator::next (403 bytes)
Event: 2154.995 Thread 0x000001e9eca56050 nmethod 15570 0x000001e9da567110 code [0x000001e9da567400, 0x000001e9da56b058]
Event: 2154.995 Thread 0x000001e9eca56050 15588       4       com.fasterxml.jackson.databind.ser.std.NumberSerializers$IntegerSerializer::serialize (12 bytes)
Event: 2154.999 Thread 0x000001e9eca56050 nmethod 15588 0x000001e9da56d110 code [0x000001e9da56d300, 0x000001e9da56dc78]

GC Heap History (20 events):
Event: 2109.715 GC heap after
{Heap after GC invocations=393 (full 0):
 garbage-first heap   total 159744K, used 54755K [0x0000000704400000, 0x0000000800000000)
  region size 2048K, 1 young (2048K), 1 survivors (2048K)
 Metaspace       used 71086K, committed 72448K, reserved 1114112K
  class space    used 7579K, committed 8320K, reserved 1048576K
}
Event: 2109.826 GC heap before
{Heap before GC invocations=393 (full 0):
 garbage-first heap   total 159744K, used 134627K [0x0000000704400000, 0x0000000800000000)
  region size 2048K, 41 young (83968K), 1 survivors (2048K)
 Metaspace       used 71086K, committed 72448K, reserved 1114112K
  class space    used 7579K, committed 8320K, reserved 1048576K
}
Event: 2109.827 GC heap after
{Heap after GC invocations=394 (full 0):
 garbage-first heap   total 159744K, used 55286K [0x0000000704400000, 0x0000000800000000)
  region size 2048K, 1 young (2048K), 1 survivors (2048K)
 Metaspace       used 71086K, committed 72448K, reserved 1114112K
  class space    used 7579K, committed 8320K, reserved 1048576K
}
Event: 2112.732 GC heap before
{Heap before GC invocations=394 (full 0):
 garbage-first heap   total 159744K, used 135158K [0x0000000704400000, 0x0000000800000000)
  region size 2048K, 41 young (83968K), 1 survivors (2048K)
 Metaspace       used 71106K, committed 72448K, reserved 1114112K
  class space    used 7579K, committed 8320K, reserved 1048576K
}
Event: 2112.734 GC heap after
{Heap after GC invocations=395 (full 0):
 garbage-first heap   total 159744K, used 54805K [0x0000000704400000, 0x0000000800000000)
  region size 2048K, 1 young (2048K), 1 survivors (2048K)
 Metaspace       used 71106K, committed 72448K, reserved 1114112K
  class space    used 7579K, committed 8320K, reserved 1048576K
}
Event: 2121.774 GC heap before
{Heap before GC invocations=395 (full 0):
 garbage-first heap   total 159744K, used 134677K [0x0000000704400000, 0x0000000800000000)
  region size 2048K, 41 young (83968K), 1 survivors (2048K)
 Metaspace       used 71111K, committed 72448K, reserved 1114112K
  class space    used 7581K, committed 8320K, reserved 1048576K
}
Event: 2121.776 GC heap after
{Heap after GC invocations=396 (full 0):
 garbage-first heap   total 159744K, used 54797K [0x0000000704400000, 0x0000000800000000)
  region size 2048K, 1 young (2048K), 1 survivors (2048K)
 Metaspace       used 71111K, committed 72448K, reserved 1114112K
  class space    used 7581K, committed 8320K, reserved 1048576K
}
Event: 2123.231 GC heap before
{Heap before GC invocations=396 (full 0):
 garbage-first heap   total 159744K, used 134669K [0x0000000704400000, 0x0000000800000000)
  region size 2048K, 41 young (83968K), 1 survivors (2048K)
 Metaspace       used 71112K, committed 72448K, reserved 1114112K
  class space    used 7581K, committed 8320K, reserved 1048576K
}
Event: 2123.232 GC heap after
{Heap after GC invocations=397 (full 0):
 garbage-first heap   total 159744K, used 55293K [0x0000000704400000, 0x0000000800000000)
  region size 2048K, 1 young (2048K), 1 survivors (2048K)
 Metaspace       used 71112K, committed 72448K, reserved 1114112K
  class space    used 7581K, committed 8320K, reserved 1048576K
}
Event: 2123.342 GC heap before
{Heap before GC invocations=397 (full 0):
 garbage-first heap   total 159744K, used 135165K [0x0000000704400000, 0x0000000800000000)
  region size 2048K, 41 young (83968K), 1 survivors (2048K)
 Metaspace       used 71113K, committed 72448K, reserved 1114112K
  class space    used 7581K, committed 8320K, reserved 1048576K
}
Event: 2123.344 GC heap after
{Heap after GC invocations=398 (full 0):
 garbage-first heap   total 159744K, used 55156K [0x0000000704400000, 0x0000000800000000)
  region size 2048K, 1 young (2048K), 1 survivors (2048K)
 Metaspace       used 71113K, committed 72448K, reserved 1114112K
  class space    used 7581K, committed 8320K, reserved 1048576K
}
Event: 2126.069 GC heap before
{Heap before GC invocations=398 (full 0):
 garbage-first heap   total 159744K, used 135028K [0x0000000704400000, 0x0000000800000000)
  region size 2048K, 41 young (83968K), 1 survivors (2048K)
 Metaspace       used 71113K, committed 72448K, reserved 1114112K
  class space    used 7581K, committed 8320K, reserved 1048576K
}
Event: 2126.071 GC heap after
{Heap after GC invocations=399 (full 0):
 garbage-first heap   total 159744K, used 54767K [0x0000000704400000, 0x0000000800000000)
  region size 2048K, 1 young (2048K), 1 survivors (2048K)
 Metaspace       used 71113K, committed 72448K, reserved 1114112K
  class space    used 7581K, committed 8320K, reserved 1048576K
}
Event: 2141.184 GC heap before
{Heap before GC invocations=399 (full 0):
 garbage-first heap   total 159744K, used 136687K [0x0000000704400000, 0x0000000800000000)
  region size 2048K, 41 young (83968K), 1 survivors (2048K)
 Metaspace       used 71113K, committed 72448K, reserved 1114112K
  class space    used 7581K, committed 8320K, reserved 1048576K
}
Event: 2141.186 GC heap after
{Heap after GC invocations=400 (full 0):
 garbage-first heap   total 159744K, used 54820K [0x0000000704400000, 0x0000000800000000)
  region size 2048K, 1 young (2048K), 1 survivors (2048K)
 Metaspace       used 71113K, committed 72448K, reserved 1114112K
  class space    used 7581K, committed 8320K, reserved 1048576K
}
Event: 2154.853 GC heap before
{Heap before GC invocations=400 (full 0):
 garbage-first heap   total 159744K, used 134692K [0x0000000704400000, 0x0000000800000000)
  region size 2048K, 41 young (83968K), 1 survivors (2048K)
 Metaspace       used 71117K, committed 72448K, reserved 1114112K
  class space    used 7581K, committed 8320K, reserved 1048576K
}
Event: 2154.854 GC heap after
{Heap after GC invocations=401 (full 0):
 garbage-first heap   total 159744K, used 55043K [0x0000000704400000, 0x0000000800000000)
  region size 2048K, 1 young (2048K), 1 survivors (2048K)
 Metaspace       used 71117K, committed 72448K, reserved 1114112K
  class space    used 7581K, committed 8320K, reserved 1048576K
}
Event: 2154.954 GC heap before
{Heap before GC invocations=401 (full 0):
 garbage-first heap   total 159744K, used 134915K [0x0000000704400000, 0x0000000800000000)
  region size 2048K, 41 young (83968K), 1 survivors (2048K)
 Metaspace       used 71135K, committed 72448K, reserved 1114112K
  class space    used 7581K, committed 8320K, reserved 1048576K
}
Event: 2154.955 GC heap after
{Heap after GC invocations=402 (full 0):
 garbage-first heap   total 159744K, used 55768K [0x0000000704400000, 0x0000000800000000)
  region size 2048K, 1 young (2048K), 1 survivors (2048K)
 Metaspace       used 71135K, committed 72448K, reserved 1114112K
  class space    used 7581K, committed 8320K, reserved 1048576K
}
Event: 2162.158 GC heap before
{Heap before GC invocations=402 (full 0):
 garbage-first heap   total 159744K, used 135640K [0x0000000704400000, 0x0000000800000000)
  region size 2048K, 41 young (83968K), 1 survivors (2048K)
 Metaspace       used 71157K, committed 72512K, reserved 1114112K
  class space    used 7581K, committed 8320K, reserved 1048576K
}

Deoptimization events (20 events):
Event: 2162.157 Thread 0x000001e983cad1e0 DEOPT PACKING pc=0x000001e9d97a1bd0 sp=0x0000005b613fa230
Event: 2162.157 Thread 0x000001e983cad1e0 DEOPT UNPACKING pc=0x000001e9d1bce77e sp=0x0000005b613f9678 mode 1
Event: 2162.157 Thread 0x000001e983cad1e0 DEOPT PACKING pc=0x000001e9d9a07314 sp=0x0000005b613fa0b0
Event: 2162.157 Thread 0x000001e983cad1e0 DEOPT UNPACKING pc=0x000001e9d1bce77e sp=0x0000005b613f9500 mode 1
Event: 2162.157 Thread 0x000001e983cad1e0 DEOPT PACKING pc=0x000001e9d97a1bd0 sp=0x0000005b613fa230
Event: 2162.157 Thread 0x000001e983cad1e0 DEOPT UNPACKING pc=0x000001e9d1bce77e sp=0x0000005b613f9678 mode 1
Event: 2162.157 Thread 0x000001e983cad1e0 DEOPT PACKING pc=0x000001e9d9a07314 sp=0x0000005b613fa0b0
Event: 2162.157 Thread 0x000001e983cad1e0 DEOPT UNPACKING pc=0x000001e9d1bce77e sp=0x0000005b613f9500 mode 1
Event: 2162.157 Thread 0x000001e983cad1e0 DEOPT PACKING pc=0x000001e9d97a1bd0 sp=0x0000005b613fa230
Event: 2162.157 Thread 0x000001e983cad1e0 DEOPT UNPACKING pc=0x000001e9d1bce77e sp=0x0000005b613f9678 mode 1
Event: 2162.157 Thread 0x000001e983cad1e0 DEOPT PACKING pc=0x000001e9d9a07314 sp=0x0000005b613fa0b0
Event: 2162.157 Thread 0x000001e983cad1e0 DEOPT UNPACKING pc=0x000001e9d1bce77e sp=0x0000005b613f9500 mode 1
Event: 2162.157 Thread 0x000001e983cad1e0 DEOPT PACKING pc=0x000001e9d97a1bd0 sp=0x0000005b613fa230
Event: 2162.157 Thread 0x000001e983cad1e0 DEOPT UNPACKING pc=0x000001e9d1bce77e sp=0x0000005b613f9678 mode 1
Event: 2162.158 Thread 0x000001e983cad1e0 DEOPT PACKING pc=0x000001e9d9a07314 sp=0x0000005b613fa0b0
Event: 2162.158 Thread 0x000001e983cad1e0 DEOPT UNPACKING pc=0x000001e9d1bce77e sp=0x0000005b613f9500 mode 1
Event: 2162.158 Thread 0x000001e983cad1e0 DEOPT PACKING pc=0x000001e9d97a1bd0 sp=0x0000005b613fa1a0
Event: 2162.158 Thread 0x000001e983cad1e0 DEOPT UNPACKING pc=0x000001e9d1bce77e sp=0x0000005b613f95e8 mode 1
Event: 2162.158 Thread 0x000001e983cad1e0 DEOPT PACKING pc=0x000001e9d9a07314 sp=0x0000005b613fa0b0
Event: 2162.158 Thread 0x000001e983cad1e0 DEOPT UNPACKING pc=0x000001e9d1bce77e sp=0x0000005b613f9500 mode 1

Classes unloaded (0 events):
No events

Classes redefined (9 events):
Event: 186.865 Thread 0x000001e9eca220f0 redefined class name=net.tiklab.matflow.execute.service.PipelineExecHistoryServiceImpl, count=1
Event: 338.748 Thread 0x000001e9eca220f0 redefined class name=net.tiklab.matflow.execute.service.PipelineExecHistoryServiceImpl, count=2
Event: 611.325 Thread 0x000001e9eca220f0 redefined class name=net.tiklab.matflow.execute.service.PipelineExecHistoryServiceImpl, count=3
Event: 1181.139 Thread 0x000001e9eca220f0 redefined class name=net.tiklab.matflow.execute.service.PipelineExecHistoryServiceImpl, count=4
Event: 1527.799 Thread 0x000001e9eca220f0 redefined class name=net.tiklab.matflow.execute.service.PipelineExecHistoryServiceImpl, count=5
Event: 1587.464 Thread 0x000001e9eca220f0 redefined class name=net.tiklab.matflow.execute.service.PipelineExecHistoryServiceImpl, count=6
Event: 1697.404 Thread 0x000001e9eca220f0 redefined class name=net.tiklab.matflow.execute.service.PipelineExecHistoryServiceImpl, count=7
Event: 2110.003 Thread 0x000001e9eca220f0 redefined class name=net.tiklab.matflow.execute.service.PipelineExecHistoryServiceImpl, count=8
Event: 2158.924 Thread 0x000001e9eca220f0 redefined class name=net.tiklab.matflow.execute.service.PipelineExecHistoryServiceImpl, count=9

Internal exceptions (20 events):
Event: 1128.319 Thread 0x000001e9f3c96ce0 Exception <a 'java/lang/ThreadDeath'{0x0000000709f0ee68}: sleep interrupted> (0x0000000709f0ee68) 
thrown [t:\workspace\open\src\hotspot\share\prims\jvm.cpp, line 3305]
Event: 1128.391 Thread 0x000001e9f3c9a750 JVM_StopThread thread JavaThread 0x000001e9f3c9e710 as oop 0x0000000708c00ba0 [exception 0x0000005b61dfecc0]
Event: 1128.391 Thread 0x000001e9f3c9e710 Exception <a 'java/lang/ThreadDeath'{0x0000000708fac368}: sleep interrupted> (0x0000000708fac368) 
thrown [t:\workspace\open\src\hotspot\share\prims\jvm.cpp, line 3305]
Event: 1128.394 Thread 0x000001e9f3c96ce0 JVM_StopThread thread JavaThread 0x000001e9f3c9dc70 as oop 0x0000000708a000a0 [exception 0x0000005b617fee70]
Event: 1128.394 Thread 0x000001e9f3c9dc70 Exception <a 'java/lang/ThreadDeath'{0x0000000713e417d0}: sleep interrupted> (0x0000000713e417d0) 
thrown [t:\workspace\open\src\hotspot\share\prims\jvm.cpp, line 3305]
Event: 1128.527 Thread 0x000001e9f3c98770 JVM_StopThread thread JavaThread 0x000001e9f3c96ce0 as oop 0x0000000708a01698 [exception 0x0000005b5c8fedf8]
Event: 1128.528 Thread 0x000001e9f3c96ce0 Exception <a 'java/lang/ThreadDeath'{0x000000070c6baba0}: sleep interrupted> (0x000000070c6baba0) 
thrown [t:\workspace\open\src\hotspot\share\prims\jvm.cpp, line 3305]
Event: 1128.686 Thread 0x000001e9f3c98770 JVM_StopThread thread JavaThread 0x000001e9f3c9a750 as oop 0x0000000708a00ba0 [exception 0x0000005b5c8feeb0]
Event: 1128.687 Thread 0x000001e9f3c98770 JVM_StopThread thread JavaThread 0x000001e9f3c9e710 as oop 0x0000000708a037a0 [exception 0x0000005b5c8feeb0]
Event: 1128.687 Thread 0x000001e9f3c98770 JVM_StopThread thread JavaThread 0x000001e9f3c9dc70 as oop 0x0000000708a000a0 [exception 0x0000005b5c8feeb0]
Event: 1128.688 Thread 0x000001e9f3c98770 JVM_StopThread thread JavaThread 0x000001e9f3c96ce0 as oop 0x0000000708a01698 [exception 0x0000005b5c8feeb0]
Event: 1158.239 Thread 0x000001e983caf1c0 Implicit null exception at 0x000001e9da2306b9 to 0x000001e9da23b488
Event: 1192.158 Thread 0x000001e9ef4fe1e0 Exception <a 'java/io/IOException'{0x000000070d129558}> (0x000000070d129558) 
thrown [t:\workspace\open\src\hotspot\share\prims\jni.cpp, line 579]
Event: 1192.172 Thread 0x000001e983cab750 Exception <a 'java/io/IOException'{0x000000070c5ef110}> (0x000000070c5ef110) 
thrown [t:\workspace\open\src\hotspot\share\prims\jni.cpp, line 579]
Event: 1192.176 Thread 0x000001e983cac740 Exception <a 'java/io/IOException'{0x000000070c01beb0}> (0x000000070c01beb0) 
thrown [t:\workspace\open\src\hotspot\share\prims\jni.cpp, line 579]
Event: 1192.185 Thread 0x000001e983cad730 Exception <a 'java/io/IOException'{0x000000070b72e820}> (0x000000070b72e820) 
thrown [t:\workspace\open\src\hotspot\share\prims\jni.cpp, line 579]
Event: 1192.196 Thread 0x000001e983caa760 Exception <a 'java/io/IOException'{0x000000070ae96cd8}> (0x000000070ae96cd8) 
thrown [t:\workspace\open\src\hotspot\share\prims\jni.cpp, line 579]
Event: 1192.205 Thread 0x000001e983caf1c0 Exception <a 'java/io/IOException'{0x000000070a575830}> (0x000000070a575830) 
thrown [t:\workspace\open\src\hotspot\share\prims\jni.cpp, line 579]
Event: 1399.528 Thread 0x000001e983caa760 Exception <a 'java/io/IOException'{0x000000070af8edc0}> (0x000000070af8edc0) 
thrown [t:\workspace\open\src\hotspot\share\prims\jni.cpp, line 579]
Event: 1702.079 Thread 0x000001e983cad1e0 Exception <a 'java/lang/NullPointerException'{0x000000070eb4dec0}> (0x000000070eb4dec0) 
thrown [t:\workspace\open\src\hotspot\share\interpreter\linkResolver.cpp, line 1385]

Events (20 events):
Event: 2125.345 Executing  VM operation: Cleanup done
Event: 2126.069 Executing  VM operation: G1CollectForAllocation
Event: 2126.071 Executing  VM operation: G1CollectForAllocation done
Event: 2141.184 Executing  VM operation: G1CollectForAllocation
Event: 2141.186 Executing  VM operation: G1CollectForAllocation done
Event: 2154.853 Executing  VM operation: G1CollectForAllocation
Event: 2154.854 Executing  VM operation: G1CollectForAllocation done
Event: 2154.954 Executing  VM operation: G1CollectForAllocation
Event: 2154.955 Executing  VM operation: G1CollectForAllocation done
Event: 2158.895 Executing  VM operation: ChangeBreakpoints
Event: 2158.895 Executing  VM operation: ChangeBreakpoints done
Event: 2158.904 Executing  VM operation: RedefineClasses
Event: 2158.957 Executing  VM operation: RedefineClasses done
Event: 2158.970 Executing  VM operation: ChangeBreakpoints
Event: 2158.972 Executing  VM operation: ChangeBreakpoints done
Event: 2158.977 Executing  VM operation: ChangeBreakpoints
Event: 2158.986 Executing  VM operation: ChangeBreakpoints done
Event: 2162.133 loading class net/tiklab/matflow/execute/model/PipelineExecLog
Event: 2162.133 loading class net/tiklab/matflow/execute/model/PipelineExecLog done
Event: 2162.158 Executing  VM operation: G1CollectForAllocation


Dynamic libraries:
0x00007ff7312f0000 - 0x00007ff731300000 	D:\jdk-16.0.2\bin\java.exe
0x00007ff8ae4b0000 - 0x00007ff8ae6c4000 	C:\WINDOWS\SYSTEM32\ntdll.dll
0x00007ff8ad630000 - 0x00007ff8ad6f2000 	C:\WINDOWS\System32\KERNEL32.DLL
0x00007ff8ab9a0000 - 0x00007ff8abd3d000 	C:\WINDOWS\System32\KERNELBASE.dll
0x00007ff8abed0000 - 0x00007ff8abfe1000 	C:\WINDOWS\System32\ucrtbase.dll
0x00007ff88f1c0000 - 0x00007ff88f1d8000 	D:\jdk-16.0.2\bin\jli.dll
0x00007ff88c710000 - 0x00007ff88c729000 	D:\jdk-16.0.2\bin\VCRUNTIME140.dll
0x00007ff8ada80000 - 0x00007ff8adb2e000 	C:\WINDOWS\System32\ADVAPI32.dll
0x00007ff8ac2b0000 - 0x00007ff8ac357000 	C:\WINDOWS\System32\msvcrt.dll
0x00007ff8ad310000 - 0x00007ff8ad3b4000 	C:\WINDOWS\System32\sechost.dll
0x00007ff8ad8f0000 - 0x00007ff8ada05000 	C:\WINDOWS\System32\RPCRT4.dll
0x00007ff8ad740000 - 0x00007ff8ad8ea000 	C:\WINDOWS\System32\USER32.dll
0x00007ff8ac110000 - 0x00007ff8ac136000 	C:\WINDOWS\System32\win32u.dll
0x00007ff88f4b0000 - 0x00007ff88f73e000 	C:\WINDOWS\WinSxS\amd64_microsoft.windows.common-controls_6595b64144ccf1df_6.0.22621.608_none_a9444ca7c10bb01d\COMCTL32.dll
0x00007ff8ad700000 - 0x00007ff8ad729000 	C:\WINDOWS\System32\GDI32.dll
0x00007ff8abd40000 - 0x00007ff8abe52000 	C:\WINDOWS\System32\gdi32full.dll
0x00007ff8abff0000 - 0x00007ff8ac08a000 	C:\WINDOWS\System32\msvcp_win.dll
0x00007ff8a1a70000 - 0x00007ff8a1a7a000 	C:\WINDOWS\SYSTEM32\VERSION.dll
0x00007ff8ada20000 - 0x00007ff8ada52000 	C:\WINDOWS\System32\IMM32.DLL
0x00007ff89a620000 - 0x00007ff89a62c000 	D:\jdk-16.0.2\bin\vcruntime140_1.dll
0x00007ff88b440000 - 0x00007ff88b4d1000 	D:\jdk-16.0.2\bin\msvcp140.dll
0x00007ff85db60000 - 0x00007ff85e70b000 	D:\jdk-16.0.2\bin\server\jvm.dll
0x00007ff8ad620000 - 0x00007ff8ad628000 	C:\WINDOWS\System32\PSAPI.DLL
0x00007ff8a96b0000 - 0x00007ff8a96b9000 	C:\WINDOWS\SYSTEM32\WSOCK32.dll
0x00007ff8ac360000 - 0x00007ff8ac3d1000 	C:\WINDOWS\System32\WS2_32.dll
0x00007ff898750000 - 0x00007ff898784000 	C:\WINDOWS\SYSTEM32\WINMM.dll
0x00007ff8aa8c0000 - 0x00007ff8aa8d8000 	C:\WINDOWS\SYSTEM32\kernel.appcore.dll
0x00007ff89a290000 - 0x00007ff89a29a000 	D:\jdk-16.0.2\bin\jimage.dll
0x00007ff89c050000 - 0x00007ff89c27e000 	C:\WINDOWS\SYSTEM32\DBGHELP.DLL
0x00007ff8ac480000 - 0x00007ff8ac80a000 	C:\WINDOWS\System32\combase.dll
0x00007ff8ad0b0000 - 0x00007ff8ad187000 	C:\WINDOWS\System32\OLEAUT32.dll
0x00007ff895080000 - 0x00007ff8950b2000 	C:\WINDOWS\SYSTEM32\dbgcore.DLL
0x00007ff8ac090000 - 0x00007ff8ac10b000 	C:\WINDOWS\System32\bcryptPrimitives.dll
0x00007ff89a990000 - 0x00007ff89a9cb000 	D:\jdk-16.0.2\bin\jdwp.dll
0x00007ff8a4760000 - 0x00007ff8a476e000 	D:\jdk-16.0.2\bin\instrument.dll
0x00007ff88ae20000 - 0x00007ff88ae45000 	D:\jdk-16.0.2\bin\java.dll
0x00007ff889ad0000 - 0x00007ff889ae8000 	D:\jdk-16.0.2\bin\zip.dll
0x00007ff8ac810000 - 0x00007ff8acff0000 	C:\WINDOWS\System32\SHELL32.dll
0x00007ff8a98d0000 - 0x00007ff8aa195000 	C:\WINDOWS\SYSTEM32\windows.storage.dll
0x00007ff8a9790000 - 0x00007ff8a98ce000 	C:\WINDOWS\SYSTEM32\wintypes.dll
0x00007ff8ae1b0000 - 0x00007ff8ae2a1000 	C:\WINDOWS\System32\SHCORE.dll
0x00007ff8ad190000 - 0x00007ff8ad1ee000 	C:\WINDOWS\System32\shlwapi.dll
0x00007ff8ab810000 - 0x00007ff8ab831000 	C:\WINDOWS\SYSTEM32\profapi.dll
0x00007ff89a690000 - 0x00007ff89a69c000 	D:\jdk-16.0.2\bin\dt_socket.dll
0x00007ff8aa3f0000 - 0x00007ff8aa41d000 	C:\WINDOWS\SYSTEM32\IPHLPAPI.DLL
0x00007ff8aad70000 - 0x00007ff8aadd9000 	C:\WINDOWS\system32\mswsock.dll
0x00007ff88aee0000 - 0x00007ff88aef9000 	D:\jdk-16.0.2\bin\net.dll
0x00007ff8a4870000 - 0x00007ff8a499f000 	C:\WINDOWS\SYSTEM32\WINHTTP.dll
0x00007ff88ae00000 - 0x00007ff88ae13000 	D:\jdk-16.0.2\bin\nio.dll
0x00007ff899350000 - 0x00007ff899360000 	D:\jdk-16.0.2\bin\verify.dll
0x00007ff888ac0000 - 0x00007ff888ad7000 	C:\WINDOWS\system32\napinsp.dll
0x00007ff888aa0000 - 0x00007ff888abb000 	C:\WINDOWS\system32\pnrpnsp.dll
0x00007ff8aa460000 - 0x00007ff8aa552000 	C:\WINDOWS\SYSTEM32\DNSAPI.dll
0x00007ff8ad730000 - 0x00007ff8ad739000 	C:\WINDOWS\System32\NSI.dll
0x00007ff888a80000 - 0x00007ff888a91000 	C:\WINDOWS\System32\winrnr.dll
0x00007ff8a4290000 - 0x00007ff8a42a5000 	C:\WINDOWS\system32\wshbth.dll
0x00007ff888850000 - 0x00007ff888871000 	C:\WINDOWS\system32\nlansp_c.dll
0x00007ff8a74d0000 - 0x00007ff8a74da000 	C:\Windows\System32\rasadhlp.dll
0x00007ff8a3d10000 - 0x00007ff8a3d93000 	C:\WINDOWS\System32\fwpuclnt.dll
0x00007ff89bed0000 - 0x00007ff89bed9000 	D:\jdk-16.0.2\bin\management.dll
0x00007ff89bd40000 - 0x00007ff89bd4b000 	D:\jdk-16.0.2\bin\management_ext.dll
0x00007ff8ab000000 - 0x00007ff8ab01b000 	C:\WINDOWS\SYSTEM32\CRYPTSP.dll
0x00007ff8aa880000 - 0x00007ff8aa8b5000 	C:\WINDOWS\system32\rsaenh.dll
0x00007ff8aae30000 - 0x00007ff8aae58000 	C:\WINDOWS\SYSTEM32\USERENV.dll
0x00007ff8ab2a0000 - 0x00007ff8ab2c8000 	C:\WINDOWS\SYSTEM32\bcrypt.dll
0x00007ff8ab020000 - 0x00007ff8ab02c000 	C:\WINDOWS\SYSTEM32\CRYPTBASE.dll
0x00007ff8a46e0000 - 0x00007ff8a46f9000 	C:\WINDOWS\SYSTEM32\dhcpcsvc6.DLL
0x00007ff8a46c0000 - 0x00007ff8a46df000 	C:\WINDOWS\SYSTEM32\dhcpcsvc.DLL
0x00007ff89a650000 - 0x00007ff89a65e000 	D:\jdk-16.0.2\bin\sunmscapi.dll
0x00007ff8ac140000 - 0x00007ff8ac2a6000 	C:\WINDOWS\System32\CRYPT32.dll
0x00007ff8ab270000 - 0x00007ff8ab29d000 	C:\WINDOWS\SYSTEM32\ncrypt.dll
0x00007ff8ab1e0000 - 0x00007ff8ab217000 	C:\WINDOWS\SYSTEM32\NTASN1.dll
0x00007ff89bab0000 - 0x00007ff89bab8000 	C:\WINDOWS\system32\wshunix.dll

dbghelp: loaded successfully - version: 4.0.5 - missing functions: none
symbol engine: initialized successfully - sym options: 0x614 - pdb path: .;D:\jdk-16.0.2\bin;C:\WINDOWS\SYSTEM32;C:\WINDOWS\WinSxS\amd64_microsoft.windows.common-controls_6595b64144ccf1df_6.0.22621.608_none_a9444ca7c10bb01d;D:\jdk-16.0.2\bin\server

VM Arguments:
jvm_args: -agentlib:jdwp=transport=dt_socket,address=127.0.0.1:65229,suspend=y,server=n -Dvisualgc.id=1062150679332300 -javaagent:C:\Users\admin\AppData\Local\JetBrains\IntelliJIdea2022.2\captureAgent\debugger-agent.jar -Dfile.encoding=UTF-8 
java_command: net.tiklab.matflow.MatFlowApplication
java_class_path (initial): D:\idea\tiklab\tiklab-matflow\tiklab-matflow-starter\target\classes;D:\maven\apache-maven-3.8.3\.m2\repository\net\tiklab\tiklab-tks-spring-boot-starter\1.0.0-SNAPSHOT\tiklab-tks-spring-boot-starter-1.0.0-20220922.072442-3.jar;D:\maven\apache-maven-3.8.3\.m2\repository\net\tiklab\tiklab-core\1.0.0-SNAPSHOT\tiklab-core-1.0.0-20220922.035531-6.jar;D:\maven\apache-maven-3.8.3\.m2\repository\javax\validation\validation-api\1.1.0.Final\validation-api-1.1.0.Final.jar;D:\maven\apache-maven-3.8.3\.m2\repository\com\fasterxml\jackson\core\jackson-annotations\2.10.3\jackson-annotations-2.10.3.jar;D:\maven\apache-maven-3.8.3\.m2\repository\net\tiklab\tiklab-utils\1.0.0-SNAPSHOT\tiklab-utils-1.0.0-20220922.035533-4.jar;D:\maven\apache-maven-3.8.3\.m2\repository\org\slf4j\slf4j-api\1.7.5\slf4j-api-1.7.5.jar;D:\maven\apache-maven-3.8.3\.m2\repository\com\alibaba\fastjson\1.2.62\fastjson-1.2.62.jar;D:\maven\apache-maven-3.8.3\.m2\repository\net\tiklab\tiklab-tks-core\1.0.0-SNAPSHOT\tiklab-tks-core-1.0.0-20220922.072440-2.jar;D:\maven\apache-maven-3.8.3\.m2\repository\ognl\ognl\3.2.1\ognl-3.2.1.jar;D:\maven\apache-maven-3.8.3\.m2\repository\org\javassist\javassist\3.20.0-GA\javassist-3.20.0-GA.jar;D:\maven\apache-maven-3.8.3\.m2\repository\net\tiklab\tiklab-tks-annotation\1.0.0-SNAPSHOT\tiklab-tks-annotation-1.0.0-20220922.072438-2.jar;D:\maven\apache-maven-3.8.3\.m2\repository\net\tiklab\tiklab-eam-spring-boot-starter\1.0.0-SNAPSHOT\tiklab-eam-spring-boot-starter-1.0.0-20221119.075709-24.jar;D:\maven\apache-maven-3.8.3\.m2\repository\net\tiklab\tiklab-eam-config\1.0.0-SNAPSHOT\tiklab-eam-config-1.0.0-20221119.075703-22.jar;D:\maven\apache-maven-3.8.3\.m2\repository\javax\xml\bind\jaxb-api\2.3.0\jaxb-api-2.3.0.jar;D:\maven\apache-maven-3.8.3\.m2\repository\com\sun\xml\bind\jaxb-impl\2.3.0\jaxb-impl-2.3.0.jar;D:\maven\apache-maven-3.8.3\.m2\repository\com\sun\xml\bind\jaxb-core\2.3.0\jaxb-core-2.3.0.jar;D:\maven\apache-maven-3.8.3\.m2\repository\javax\ac
Launcher Type: SUN_STANDARD

[Global flags]
     intx CICompilerCount                          = 4                                         {product} {ergonomic}
     uint ConcGCThreads                            = 3                                         {product} {ergonomic}
     uint G1ConcRefinementThreads                  = 10                                        {product} {ergonomic}
   size_t G1HeapRegionSize                         = 2097152                                   {product} {ergonomic}
    uintx GCDrainStackTargetSize                   = 64                                        {product} {ergonomic}
   size_t InitialHeapSize                          = 264241152                                 {product} {ergonomic}
   size_t MarkStackSize                            = 4194304                                   {product} {ergonomic}
   size_t MaxHeapSize                              = 4223664128                                {product} {ergonomic}
   size_t MaxNewSize                               = 2533359616                                {product} {ergonomic}
   size_t MinHeapDeltaBytes                        = 2097152                                   {product} {ergonomic}
   size_t MinHeapSize                              = 8388608                                   {product} {ergonomic}
    uintx NonNMethodCodeHeapSize                   = 5839372                                {pd product} {ergonomic}
    uintx NonProfiledCodeHeapSize                  = 122909434                              {pd product} {ergonomic}
    uintx ProfiledCodeHeapSize                     = 122909434                              {pd product} {ergonomic}
    uintx ReservedCodeCacheSize                    = 251658240                              {pd product} {ergonomic}
     bool SegmentedCodeCache                       = true                                      {product} {ergonomic}
   size_t SoftMaxHeapSize                          = 4223664128                             {manageable} {ergonomic}
     bool UseCompressedClassPointers               = true                           {product lp64_product} {ergonomic}
     bool UseCompressedOops                        = true                           {product lp64_product} {ergonomic}
     bool UseG1GC                                  = true                                      {product} {ergonomic}
     bool UseLargePagesIndividualAllocation        = false                                  {pd product} {ergonomic}

Logging:
Log output configuration:
 #0: stdout all=warning uptime,level,tags
 #1: stderr all=off uptime,level,tags

Environment Variables:
JAVA_HOME=D:\jdk-16.0.2
PATH=D:\XShell\;D:\VMwarework\bin\;C:\Windows\System32;C:\Windows;C:\Windows\System32\wbem;C:\Windows\System32\WindowsPowerShell\v1.0\;C:\Windows\System32\OpenSSH\;D:\Bandzip\Bandizip\;D:\jdk-16.0.2\bin;D:\XShell\Xshell 7\;D:\XShell\Xftp 7\;D:\git\Git\cmd;D:\maven\apache-maven-3.8.3\bin;D:\SVN\bin;C:\Program Files\Docker\Docker\resources\bin;C:\ProgramData\DockerDesktop\version-bin;D:\GnuPG\bin;D:\GnuPG\bin;D:\\sonarqube-9.7.0.61563\bin\windows-x86-64;D:\nodeJs;C:\Program Files\MySQL\MySQL Shell 8.0\bin\;C:\Users\admin\AppData\Local\Microsoft\WindowsApps;D:\idea\IntelliJ IDEA Community Edition 2022.1\bin;;D:\VScode\Microsoft VS Code\bin;D:\Webstorm\WebStorm 2022.1\bin;;
USERNAME=admin
OS=Windows_NT
PROCESSOR_IDENTIFIER=Intel64 Family 6 Model 167 Stepping 1, GenuineIntel



---------------  S Y S T E M  ---------------

OS:
 Windows 10 , 64 bit Build 22621 (10.0.22621.755)
OS uptime: 12 days 7:38 hours
Hyper-V role detected

CPU: total 12 (initial active 12) (6 cores per cpu, 2 threads per core) family 6 model 167 stepping 1 microcode 0x50, cx8, cmov, fxsr, ht, mmx, 3dnowpref, sse, sse2, sse3, ssse3, sse4.1, sse4.2, popcnt, lzcnt, tsc, tscinvbit, avx, avx2, aes, erms, clmul, bmi1, bmi2, adx, avx512f, avx512dq, avx512cd, avx512bw, avx512vl, sha, fma, vzeroupper, avx512_vpopcntdq, avx512_vpclmulqdq, avx512_vaes, avx512_vnni, clflush, clflushopt, avx512_vmbi2, avx512_vmbi, hv

Memory: 4k page, system-wide physical 16105M (2000M free)
TotalPageFile size 29929M (AvailPageFile size 5073M)
current process WorkingSet (physical memory assigned to process): 340M, peak: 609M
current process commit charge ("private bytes"): 413M, peak: 655M

vm_info: Java HotSpot(TM) 64-Bit Server VM (16.0.2+7-67) for windows-amd64 JRE (16.0.2+7-67), built on Jun  8 2021 23:24:19 by "mach5one" with MS VC++ 16.7 (VS2019)

END.
